 *******************************************************************************
 *                                                                             *
 *                                 SCALE 6.2.3                                 *
 *                                -------------                                *
 *                                January 2023                                 *
 *                                                                             *
 *           SCALE:  A Comprehensive Modeling and Simulation Suite             *
 *                   for Nuclear Safety Analysis and Design                    *
 *                                                                             *
 *                      Reactor and Nuclear Systems Division                   *
 *                        Oak Ridge National Laboratory                        *
 *                                                                             *
 *                           http://scale.ornl.gov                             *
 *                            scalehelp@ornl.gov                               *
 *                                                                             *
 *******************************************************************************
 *******************************************************************************
      
                  Job Information
                  ---------------
      Job started on node43 on Mon 23/01/2023 01:36:52
      Working directory: /tmp/scale.ondrejch.398605
      Input file name  : /home/ondrejch/scale/rt/HW2-4/fuel0.010/2_4
      Output file name : /home/ondrejch/scale/rt/HW2-4/fuel0.010/2_4.out
      SCALE executable : /opt/scale6.2.3/bin/../bin/scale
      
 *******************************************************************************


    module t-newt will be called on Mon Jan 23 01:36:53 2023.
    sequence specification record:=t-newt
Input Data:

      SCALE Materials HW2 problem 4
      v7-252
      read comp
          uo2       1                                  0.01         550.0 92235 2.0 92238 98.0 end
          h2o       1 den=0.7561                       0.9899  550.0 end
          atomboh3  1     1.44 3  5000 1 8000 3 1000 3 0.0001      550.0 5010 70 5011 30 end
      end comp
      read model
      read parm
        prtflux=yes inners=1000  cmfd=no epsilon=1e-6 sn=2 epsinner=1e-8
      end parm
      read materials
        mix=1 end
      end materials
      read geometry
          global unit 1
          cuboid    1  0.1 -0.1 0.1 -0.1
          media 1 1 1
          boundary 1  1 1
      end geometry
      read bounds
          all=refl
      end bounds
      end model
end




************************************************************************************************************************************
************************************************************************************************************************************
************************************************************************************************************************************
*****                                                                                                                          *****
*****                                             program verification information                                             *****
*****                                                                                                                          *****
*****                                           code system: SCALE   version: 6.2.0                                            *****
*****                                                                                                                          *****
************************************************************************************************************************************
************************************************************************************************************************************
*****                                                                                                                          *****
*****                                                                                                                          *****
*****                      program:  t-newt                                                                                    *****
*****                                                                                                                          *****
*****                      version:  6.2.3 (602003)                                                                            *****
*****                                                                                                                          *****
*****                     username:  ondrejch                                                                                  *****
*****                                                                                                                          *****
*****                     hostname:  node43                                                                                    *****
*****                                                                                                                          *****
*****                                                                                                                          *****
*****            date of execution:  2023-01-23                                                                                *****
*****                                                                                                                          *****
*****            time of execution:  01:36:53                                                                                  *****
*****                                                                                                                          *****
************************************************************************************************************************************
************************************************************************************************************************************
************************************************************************************************************************************



***Warning: Nuclide 8018 is missing cross sections. Introducing zero cross sections.
------------------------------------------------------------------------------------------------------------------------------------

                          NEWT calculation started at  1:36:55 on  1/23/2023                              

------------------------------------------------------------------------------------------------------------------------------------



1         ***********************
          ***********************
          **  Control Options  **
          ***********************
          ***********************

 Run problem to completion/test input only          run=           yes
 Weighted cross-section collapse/do not collapse    collapse=       no
 Source acceleration on/off                         accel=         yes
 Restart from earlier case/begin new case           restart=        no
 CMFD acceleration (0/1/2/3 = no/rect/yes/part)     cmfd=          0
 Number of fine mesh base grid/coarse grid in X     xcmfd=           1
 Number of fine mesh base grid/coarse grid in Y     ycmfd=           1
 CMFD Multigroup solution only (no 2g)              cmfd2g=         no
 Create restart file upon completion                savrest=       yes
 Calculation type:                                  eigenvalue                      
 Forward/adjoint solution                           forward=       yes

1         **********************
          **********************
          **  Output Options  **
          **********************
          **********************

 Print micro. cross-sections for problem nuclides   prtxsec=        no
 Print macro. cross-sections for mixtures           prtmxsec=       no
 Print balance table                                prtbalnc=       no
 Print mixing table                                 prtmxtab=       no
 Print postscript graphics file for fluxes          prtflux=       yes
 Print postscript grid/mixture geometry graphics    drawit=         no
 Print broad-group fluxes                           prtbroad=       no
 Echo convergence tracking data to std. output      echo=           no

1         ***************************
          ***************************
          ** I/O Unit Assignments  **
          ***************************
          ***************************

 Unit no. for mixing table                          mixtab=         92
 Unit no. of working library                        xnlib=           4
 Unit no. for weighted broad-group library          wtdlib=         30
 Unit no. for homogenized macroscopic x-sect. lib.  hmoglib=        13

1         *************************
          *************************
          ** Convergence Control **
          *************************
          *************************

 Quadrature order                                   sn=              2
 Maximum no. of inner itrs./outer/energy group      inners=       1000
 Maximum no. of outer energy groups                 outers=          250
 Performing thermal group subouter iterations       therm=         yes
 Maximum no. of thermal group subouter itrs./outer  suboutrs=        2
 Convergence criterion on inner iterations          epsinner= 1.00E-08
 Convergence criterion on subouter iterations       epsthrm=  1.00E-06
 Convergence criterion on outer iterations          epsouter= 1.00E-06
 Convergence criterion on eigenvalue                epseigen= 1.00E-06
 First guess for eigenvalue (k-eff)                 kguess=       1.000

1         *****************************
          *****************************
          ** Geometry Specifications **
          *****************************
          *****************************

 Left side x-coordinate                             xmin= -1.00000E-01
 Right side x-coordinate                            xmax=  1.00000E-01
 Bottom side y-coordinate                           ymin= -1.00000E-01
 Top side y-coordinate                              ymax=  1.00000E-01
 Number of subdivisions in x direction              nx=              1
 Number of subdivisions in y direction              ny=              1

 Boundary Conditions (0/1/2/3=vacuum/reflective/white/periodic):
 Left (West)          wbc=         1
 Right (East)         ebc=         1
 Bottom (South)       sbc=         1
 Top (North)          nbc=         1

  Body Characteristics.  Rotation angle in degrees counterclockwise.
  Size parameters. cyl: A=radius, B=no. of sides. cub: A=width, B=height. hex: A(B)=major(minor) radius.
  Body  Input  Zone    Subdiv      --Center--      Size Parameters   Rotation   Chord
  Type  Unit   Number  nx  ny      x        y        A        B      Angle      Information
  ----  -----  -----  --- ---   ------   ------    -----    ------   --------   -----------
 cub     1     1       0   0    0.000    0.000    0.200    0.200    0.000

1         *****************************
          *****************************
          ** Material Specifications **
          *****************************
          *****************************

 Mat'l No.   SCALE ID   Pn order   External source ID   Description (if any)
    1          1           1               0           

1         ************************
          ************************
          ** Derived Parameters **
          ************************
          ************************

 Total number of energy groups                      numen=         252
 Number of neutron groups                           igm=           252
 Number of gamma groups                             ipm=             0
 First thermal energy group                         iftg=          156
 Mixing table length                                nmix=             9
 Number of mixtures created                         nummat=          2
 Number of computational cells                      numcells=        1
 Number of computational surfaces (sides)           numlines=        4
 Combine small grid cells together                  combine=no
 Average number of sides/cell                       avnosides=     4.00
 Minimum number of sides/cell                       mnnosides=       0
 Maximum number of sides/cell                       mxnosides=       4
 Number of angles in quadrature set                 ndir=            4
 Maximum order of Legendre scattering               maxpn=           1
 Number of flux moments                             nmom             3

1         *****************************
          *****************************
          ** Energy Group Structures **
          *****************************
          *****************************

 Energy   Energy      Lethargy        
 Group  Boundaries   Boundaries       
  No.      (eV)                      
   1   2.00000E+07 -6.93147E-01                  127   3.17500E+01  1.26602E+01
   2   1.73300E+07 -5.49854E-01                  128   3.12500E+01  1.26761E+01
   3   1.56800E+07 -4.49801E-01                  129   3.00000E+01  1.27169E+01
   4   1.45500E+07 -3.75006E-01                  130   2.75000E+01  1.28039E+01
   5   1.38400E+07 -3.24978E-01                  131   2.50000E+01  1.28992E+01
   6   1.28400E+07 -2.49980E-01                  132   2.25000E+01  1.30046E+01
   7   1.00000E+07  0.00000E+00                  133   2.17500E+01  1.30385E+01
   8   8.18700E+06  2.00038E-01                  134   2.12000E+01  1.30641E+01
   9   6.43400E+06  4.40989E-01                  135   2.05000E+01  1.30977E+01
  10   4.80000E+06  7.33969E-01                  136   2.00000E+01  1.31224E+01
  11   4.30400E+06  8.43040E-01                  137   1.94000E+01  1.31528E+01
  12   3.00000E+06  1.20397E+00                  138   1.85000E+01  1.32003E+01
  13   2.47900E+06  1.39473E+00                  139   1.70000E+01  1.32849E+01
  14   2.35400E+06  1.44647E+00                  140   1.60000E+01  1.33455E+01
  15   1.85000E+06  1.68740E+00                  141   1.44000E+01  1.34509E+01
  16   1.50000E+06  1.89712E+00                  142   1.29000E+01  1.35609E+01
  17   1.40000E+06  1.96611E+00                  143   1.19000E+01  1.36416E+01
  18   1.35600E+06  1.99805E+00                  144   1.15000E+01  1.36757E+01
  19   1.31700E+06  2.02723E+00                  145   1.00000E+01  1.38155E+01
  20   1.25000E+06  2.07944E+00                  146   9.10000E+00  1.39098E+01
  21   1.20000E+06  2.12026E+00                  147   8.10000E+00  1.40262E+01
  22   1.10000E+06  2.20727E+00                  148   7.15000E+00  1.41510E+01
  23   1.01000E+06  2.29263E+00                  149   7.00000E+00  1.41722E+01
  24   9.20000E+05  2.38597E+00                  150   6.87500E+00  1.41902E+01
  25   9.00000E+05  2.40795E+00                  151   6.75000E+00  1.42086E+01
  26   8.75000E+05  2.43612E+00                  152   6.50000E+00  1.42463E+01
  27   8.61100E+05  2.45213E+00                  153   6.25000E+00  1.42855E+01
  28   8.20000E+05  2.50104E+00                  154   6.00000E+00  1.43263E+01
  29   7.50000E+05  2.59027E+00                  155   5.40000E+00  1.44317E+01
  30   6.79000E+05  2.68972E+00                  156   5.00000E+00  1.45087E+01
  31   6.70000E+05  2.70306E+00                  157   4.70000E+00  1.45705E+01
  32   6.00000E+05  2.81341E+00                  158   4.10000E+00  1.47071E+01
  33   5.73000E+05  2.85945E+00                  159   3.73000E+00  1.48017E+01
  34   5.50000E+05  2.90042E+00                  160   3.50000E+00  1.48653E+01
  35   4.92000E+05  3.01186E+00                  161   3.20000E+00  1.49549E+01
  36   4.70000E+05  3.05761E+00                  162   3.10000E+00  1.49867E+01
  37   4.40000E+05  3.12357E+00                  163   3.00000E+00  1.50195E+01
  38   4.20000E+05  3.17009E+00                  164   2.97000E+00  1.50295E+01
  39   4.00000E+05  3.21888E+00                  165   2.87000E+00  1.50638E+01
  40   3.30000E+05  3.41125E+00                  166   2.77000E+00  1.50992E+01
  41   2.70000E+05  3.61192E+00                  167   2.67000E+00  1.51360E+01
  42   2.00000E+05  3.91202E+00                  168   2.57000E+00  1.51742E+01
  43   1.49000E+05  4.20639E+00                  169   2.47000E+00  1.52139E+01
  44   1.28300E+05  4.35597E+00                  170   2.38000E+00  1.52510E+01
  45   1.00000E+05  4.60517E+00                  171   2.30000E+00  1.52852E+01
  46   8.50000E+04  4.76769E+00                  172   2.21000E+00  1.53251E+01
  47   8.20000E+04  4.80362E+00                  173   2.12000E+00  1.53667E+01
  48   7.50000E+04  4.89285E+00                  174   2.00000E+00  1.54249E+01
  49   7.30000E+04  4.91988E+00                  175   1.94000E+00  1.54554E+01
  50   6.00000E+04  5.11600E+00                  176   1.86000E+00  1.54975E+01
  51   5.20000E+04  5.25910E+00                  177   1.77000E+00  1.55471E+01
  52   5.00000E+04  5.29832E+00                  178   1.68000E+00  1.55993E+01
  53   4.50000E+04  5.40368E+00                  179   1.59000E+00  1.56544E+01
  54   3.00000E+04  5.80914E+00                  180   1.50000E+00  1.57126E+01
  55   2.00000E+04  6.21461E+00                  181   1.45000E+00  1.57465E+01
  56   1.70000E+04  6.37713E+00                  182   1.40000E+00  1.57816E+01
  57   1.30000E+04  6.64539E+00                  183   1.35000E+00  1.58180E+01
  58   9.50000E+03  6.95905E+00                  184   1.30000E+00  1.58557E+01
  59   8.03000E+03  7.12716E+00                  185   1.25000E+00  1.58950E+01
  60   5.70000E+03  7.46987E+00                  186   1.22500E+00  1.59152E+01
  61   3.90000E+03  7.84936E+00                  187   1.20000E+00  1.59358E+01
  62   3.74000E+03  7.89125E+00                  188   1.17500E+00  1.59568E+01
  63   3.00000E+03  8.11173E+00                  189   1.15000E+00  1.59783E+01
  64   2.50000E+03  8.29405E+00                  190   1.14000E+00  1.59871E+01
  65   2.25000E+03  8.39941E+00                  191   1.13000E+00  1.59959E+01
  66   2.20000E+03  8.42188E+00                  192   1.12000E+00  1.60048E+01
  67   1.80000E+03  8.62255E+00                  193   1.11000E+00  1.60137E+01
  68   1.55000E+03  8.77209E+00                  194   1.10000E+00  1.60228E+01
  69   1.50000E+03  8.80488E+00                  195   1.09000E+00  1.60319E+01
  70   1.15000E+03  9.07058E+00                  196   1.08000E+00  1.60411E+01
  71   9.50000E+02  9.26163E+00                  197   1.07000E+00  1.60504E+01
  72   6.83000E+02  9.59160E+00                  198   1.06000E+00  1.60598E+01
  73   6.70000E+02  9.61082E+00                  199   1.05000E+00  1.60693E+01
  74   5.50000E+02  9.80818E+00                  200   1.04000E+00  1.60789E+01
  75   3.05000E+02  1.03978E+01                  201   1.03000E+00  1.60885E+01
  76   2.85000E+02  1.04656E+01                  202   1.02000E+00  1.60983E+01
  77   2.40000E+02  1.06375E+01                  203   1.01000E+00  1.61081E+01
  78   2.20000E+02  1.07245E+01                  204   1.00000E+00  1.61181E+01
  79   2.09500E+02  1.07734E+01                  205   9.75000E-01  1.61434E+01
  80   2.07400E+02  1.07834E+01                  206   9.50000E-01  1.61694E+01
  81   2.02000E+02  1.08098E+01                  207   9.25000E-01  1.61961E+01
  82   1.93000E+02  1.08554E+01                  208   9.00000E-01  1.62235E+01
  83   1.91500E+02  1.08632E+01                  209   8.50000E-01  1.62806E+01
  84   1.88500E+02  1.08790E+01                  210   8.00000E-01  1.63412E+01
  85   1.87700E+02  1.08833E+01                  211   7.50000E-01  1.64058E+01
  86   1.80000E+02  1.09251E+01                  212   7.00000E-01  1.64748E+01
  87   1.70000E+02  1.09823E+01                  213   6.50000E-01  1.65489E+01
  88   1.43000E+02  1.11553E+01                  214   6.25000E-01  1.65881E+01
  89   1.22000E+02  1.13141E+01                  215   6.00000E-01  1.66289E+01
  90   1.19000E+02  1.13390E+01                  216   5.50000E-01  1.67159E+01
  91   1.17500E+02  1.13517E+01                  217   5.00000E-01  1.68112E+01
  92   1.16000E+02  1.13645E+01                  218   4.50000E-01  1.69166E+01
  93   1.13000E+02  1.13907E+01                  219   4.00000E-01  1.70344E+01
  94   1.08000E+02  1.14360E+01                  220   3.75000E-01  1.70989E+01
  95   1.05000E+02  1.14641E+01                  221   3.50000E-01  1.71679E+01
  96   1.01200E+02  1.15010E+01                  222   3.25000E-01  1.72420E+01
  97   9.70000E+01  1.15434E+01                  223   3.00000E-01  1.73221E+01
  98   9.00000E+01  1.16183E+01                  224   2.75000E-01  1.74091E+01
  99   8.17000E+01  1.17150E+01                  225   2.50000E-01  1.75044E+01
 100   8.00000E+01  1.17361E+01                  226   2.25000E-01  1.76098E+01
 101   7.60000E+01  1.17874E+01                  227   2.00000E-01  1.77275E+01
 102   7.20000E+01  1.18414E+01                  228   1.75000E-01  1.78611E+01
 103   6.75000E+01  1.19060E+01                  229   1.50000E-01  1.80152E+01
 104   6.50000E+01  1.19437E+01                  230   1.25000E-01  1.81975E+01
 105   6.30000E+01  1.19750E+01                  231   1.00000E-01  1.84207E+01
 106   6.10000E+01  1.20072E+01                  232   9.00000E-02  1.85260E+01
 107   5.80000E+01  1.20577E+01                  233   8.00000E-02  1.86438E+01
 108   5.34000E+01  1.21403E+01                  234   7.00000E-02  1.87774E+01
 109   5.06000E+01  1.21941E+01                  235   6.00000E-02  1.89315E+01
 110   4.83000E+01  1.22407E+01                  236   5.00000E-02  1.91138E+01
 111   4.52000E+01  1.23070E+01                  237   4.00000E-02  1.93370E+01
 112   4.40000E+01  1.23339E+01                  238   3.00000E-02  1.96247E+01
 113   4.24000E+01  1.23709E+01                  239   2.53000E-02  1.97950E+01
 114   4.10000E+01  1.24045E+01                  240   1.00000E-02  2.07233E+01
 115   3.96000E+01  1.24393E+01                  241   7.50000E-03  2.10109E+01
 116   3.91000E+01  1.24520E+01                  242   5.00000E-03  2.14164E+01
 117   3.80000E+01  1.24805E+01                  243   4.00000E-03  2.16396E+01
 118   3.76300E+01  1.24903E+01                  244   3.00000E-03  2.19272E+01
 119   3.72700E+01  1.24999E+01                  245   2.50000E-03  2.21096E+01
 120   3.71300E+01  1.25037E+01                  246   2.00000E-03  2.23327E+01
 121   3.70000E+01  1.25072E+01                  247   1.50000E-03  2.26204E+01
 122   3.60000E+01  1.25346E+01                  248   1.20000E-03  2.28435E+01
 123   3.55000E+01  1.25486E+01                  249   1.00000E-03  2.30259E+01
 124   3.50000E+01  1.25627E+01                  250   7.50000E-04  2.33135E+01
 125   3.37500E+01  1.25991E+01                  251   5.00000E-04  2.37190E+01
 126   3.32500E+01  1.26140E+01                  252   1.00000E-04  2.53284E+01
                                                 253   1.00000E-05  2.76310E+01

1         ***************************
          ***************************
          ** Quadrature Parameters **
          ***************************
          ***************************

 Quadrature angles and weights for first quadrant:
 (  1 angles/quadrant for S- 2 quadrature.)

 Angle No.    Mu                  Eta                Weight       Angle in x-y   Elevation
                                                                 plane (degrees) (degrees)
    1    5.77350269D-01      5.77350269D-01      2.50000000D-01       45.00        35.26


1         **********************************
          **********************************
          ** Quadrature Reflection Angles **
          **********************************
          **********************************
                (Angles are in degrees)

        2 primary   (incoming) angles on each side.
        2 reflected (outgoing) angles on each side.

  Side No. (slope)   Direction No. Primary angle (slope/elevation) Reflecting Angle (slope/elevation)

      1  (   0.00)       1             1  (  45.00/  35.26)            4  ( -45.00/  35.26)
                         2             2  ( 135.00/  35.26)            3  (-135.00/  35.26)

      2  ( -90.00)       1             1  (  45.00/  35.26)            2  ( 135.00/  35.26)
                         2             4  ( -45.00/  35.26)            3  (-135.00/  35.26)

      3  (  90.00)       1             2  ( 135.00/  35.26)            1  (  45.00/  35.26)
                         2             3  (-135.00/  35.26)            4  ( -45.00/  35.26)

      4  ( 180.00)       1             3  (-135.00/  35.26)            2  ( 135.00/  35.26)
                         2             4  ( -45.00/  35.26)            1  (  45.00/  35.26)





 Scattering constants for first quadrant
 ( 3 moments for p-1 scattering)
 Angle       ------- Moment No. -------
  No.       0             1             2
    1    1.00000E+00  1.00000E+00 -7.07107E-01


1         **************************
          **************************
          **** Mixture Volumes *****
          **************************
          **************************


  Mixture       Volume        Volume
    ID     (cc/unit length)  Fraction
     0       0.00000E+00      0.00000E+00
     1       4.00000E-02      1.00000E+00
 Total       4.00000E-02      1.00000E+00


  Memory size of attenuation factors(MB)=      0.02



 =====================================================================================
   Outer iteration sweep begins.

 Outer  Eigen-  Eigenvalue Max Flux  Max Flux     Max Fuel  Max Fuel     Inners 
 It. #   value     Delta    Delta   Location(r,g)  Delta   Location(r,g) Cnvrged
 - - - - - - - - - - - - - - - - - - - - - - - - - - - - - - - - - - - - - - - - 
    1 1.00000   0.000E+00 1.710E+07 (    1,  1)   1.000E+00 (    1,  0)    F
    2 0.99640   3.614E-03 8.008E+03 (    1,  3)   3.614E-03 (    1,  0)    F
    3 1.00634   9.875E-03 7.198E+03 (    1,  3)   4.962E-03 (    1,  0)    F
    4 0.96702   4.065E-02 7.150E+03 (    1,  1)   1.992E-02 (    1,  0)    F
    5 0.91590   5.582E-02 2.907E-02 (    1,234)   2.715E-02 (    1,  0)    F
    6 0.86616   5.742E-02 2.804E-02 (    1,235)   2.791E-02 (    1,  0)    F
    7 0.81997   5.633E-02 2.740E-02 (    1,202)   2.739E-02 (    1,  0)    F
    8 0.77731   5.489E-02 2.672E-02 (    1,203)   2.671E-02 (    1,  0)    F
    9 0.73792   5.338E-02 2.600E-02 (    1,203)   2.600E-02 (    1,  0)    F
   10 0.70155   5.183E-02 2.527E-02 (    1,203)   2.526E-02 (    1,  0)    F
   11 0.66798   5.026E-02 2.452E-02 (    1,203)   2.451E-02 (    1,  0)    F
   12 0.63698   4.866E-02 2.376E-02 (    1,203)   2.375E-02 (    1,  0)    F
   13 0.60836   4.705E-02 2.299E-02 (    1,203)   2.298E-02 (    1,  0)    F
   14 0.58193   4.541E-02 2.221E-02 (    1,203)   2.220E-02 (    1,  0)    F
   15 0.55753   4.377E-02 2.142E-02 (    1,203)   2.141E-02 (    1,  0)    F
   16 0.53500   4.212E-02 2.063E-02 (    1,203)   2.062E-02 (    1,  0)    F
   17 0.51419   4.047E-02 1.984E-02 (    1,203)   1.983E-02 (    1,  0)    F
   18 0.49498   3.882E-02 1.905E-02 (    1,203)   1.904E-02 (    1,  0)    F
   19 0.47723   3.718E-02 1.826E-02 (    1,203)   1.825E-02 (    1,  0)    F
   20 0.46085   3.556E-02 1.748E-02 (    1,203)   1.747E-02 (    1,  0)    F
   21 0.44571   3.396E-02 1.670E-02 (    1,203)   1.670E-02 (    1,  0)    F
   22 0.43173   3.238E-02 1.594E-02 (    1,203)   1.593E-02 (    1,  0)    F
   23 0.41881   3.083E-02 1.519E-02 (    1,203)   1.518E-02 (    1,  0)    F
   24 0.40688   2.932E-02 1.446E-02 (    1,203)   1.445E-02 (    1,  0)    F
   25 0.39586   2.784E-02 1.374E-02 (    1,203)   1.373E-02 (    1,  0)    F
   26 0.38568   2.640E-02 1.303E-02 (    1,203)   1.303E-02 (    1,  0)    F
   27 0.37628   2.500E-02 1.235E-02 (    1,206)   1.234E-02 (    1,  0)    F
   28 0.36759   2.364E-02 1.169E-02 (    1,207)   1.168E-02 (    1,  0)    F
   29 0.35956   2.233E-02 1.105E-02 (    1,207)   1.104E-02 (    1,  0)    F
   30 0.35214   2.107E-02 1.043E-02 (    1,207)   1.042E-02 (    1,  0)    F
   31 0.34529   1.986E-02 9.836E-03 (    1,207)   9.830E-03 (    1,  0)    F
   32 0.33895   1.869E-02 9.265E-03 (    1,207)   9.259E-03 (    1,  0)    F
   33 0.33309   1.758E-02 8.718E-03 (    1,207)   8.712E-03 (    1,  0)    F
   34 0.32768   1.651E-02 8.194E-03 (    1,207)   8.189E-03 (    1,  0)    F
   35 0.32268   1.550E-02 7.695E-03 (    1,207)   7.689E-03 (    1,  0)    F
   36 0.31806   1.453E-02 7.219E-03 (    1,207)   7.214E-03 (    1,  0)    F
   37 0.31379   1.362E-02 6.767E-03 (    1,207)   6.762E-03 (    1,  0)    F
   38 0.30984   1.275E-02 6.337E-03 (    1,207)   6.333E-03 (    1,  0)    F
   39 0.30619   1.192E-02 5.930E-03 (    1,207)   5.926E-03 (    1,  0)    F
   40 0.30281   1.114E-02 5.545E-03 (    1,207)   5.541E-03 (    1,  0)    F
   41 0.29969   1.041E-02 5.182E-03 (    1,207)   5.178E-03 (    1,  0)    F
   42 0.29681   9.717E-03 4.839E-03 (    1,207)   4.835E-03 (    1,  0)    F
   43 0.29414   9.065E-03 4.516E-03 (    1,207)   4.512E-03 (    1,  0)    F
   44 0.29168   8.452E-03 4.211E-03 (    1,207)   4.208E-03 (    1,  0)    F
   45 0.28940   7.876E-03 3.926E-03 (    1,207)   3.923E-03 (    1,  0)    F
   46 0.28729   7.335E-03 3.657E-03 (    1,207)   3.654E-03 (    1,  0)    F
   47 0.28534   6.829E-03 3.406E-03 (    1,207)   3.403E-03 (    1,  0)    F
   48 0.28354   6.354E-03 3.170E-03 (    1,207)   3.167E-03 (    1,  0)    F
   49 0.28188   5.910E-03 2.949E-03 (    1,207)   2.947E-03 (    1,  0)    F
   50 0.28034   5.495E-03 2.742E-03 (    1,207)   2.740E-03 (    1,  0)    F
   51 0.27891   5.108E-03 2.549E-03 (    1,207)   2.547E-03 (    1,  0)    F
   52 0.27759   4.746E-03 2.369E-03 (    1,207)   2.367E-03 (    1,  0)    F
   53 0.27637   4.408E-03 2.201E-03 (    1,207)   2.199E-03 (    1,  0)    F
   54 0.27525   4.093E-03 2.044E-03 (    1,207)   2.042E-03 (    1,  0)    F
   55 0.27421   3.799E-03 1.898E-03 (    1,207)   1.896E-03 (    1,  0)    F
   56 0.27324   3.526E-03 1.761E-03 (    1,207)   1.760E-03 (    1,  0)    F
   57 0.27235   3.272E-03 1.634E-03 (    1,207)   1.633E-03 (    1,  0)    F
   58 0.27153   3.035E-03 1.516E-03 (    1,207)   1.515E-03 (    1,  0)    F
   59 0.27077   2.815E-03 1.406E-03 (    1,207)   1.405E-03 (    1,  0)    F
   60 0.27006   2.610E-03 1.304E-03 (    1,207)   1.303E-03 (    1,  0)    F
   61 0.26941   2.420E-03 1.209E-03 (    1,207)   1.208E-03 (    1,  0)    F
   62 0.26881   2.243E-03 1.121E-03 (    1,207)   1.120E-03 (    1,  0)    F
   63 0.26825   2.079E-03 1.039E-03 (    1,207)   1.038E-03 (    1,  0)    F
   64 0.26773   1.926E-03 9.630E-04 (    1,207)   9.621E-04 (    1,  0)    F
   65 0.26726   1.785E-03 8.923E-04 (    1,207)   8.915E-04 (    1,  0)    F
   66 0.26682   1.653E-03 8.267E-04 (    1,207)   8.260E-04 (    1,  0)    F
   67 0.26641   1.531E-03 7.658E-04 (    1,207)   7.652E-04 (    1,  0)    F
   68 0.26603   1.418E-03 7.094E-04 (    1,207)   7.087E-04 (    1,  0)    F
   69 0.26568   1.314E-03 6.570E-04 (    1,207)   6.564E-04 (    1,  0)    F
   70 0.26536   1.217E-03 6.084E-04 (    1,207)   6.079E-04 (    1,  0)    F
   71 0.26506   1.126E-03 5.634E-04 (    1,207)   5.629E-04 (    1,  0)    F
   72 0.26478   1.043E-03 5.217E-04 (    1,207)   5.212E-04 (    1,  0)    F
   73 0.26453   9.656E-04 4.830E-04 (    1,207)   4.826E-04 (    1,  0)    F
   74 0.26429   8.939E-04 4.472E-04 (    1,207)   4.468E-04 (    1,  0)    F
   75 0.26407   8.275E-04 4.140E-04 (    1,207)   4.136E-04 (    1,  0)    F
   76 0.26387   7.660E-04 3.832E-04 (    1,206)   3.829E-04 (    1,  0)    F
   77 0.26368   7.090E-04 3.547E-04 (    1,207)   3.544E-04 (    1,  0)    F
   78 0.26351   6.562E-04 3.283E-04 (    1,206)   3.280E-04 (    1,  0)    F
   79 0.26335   6.073E-04 3.039E-04 (    1,207)   3.036E-04 (    1,  0)    F
   80 0.26320   5.621E-04 2.812E-04 (    1,206)   2.810E-04 (    1,  0)    F
   81 0.26307   5.202E-04 2.602E-04 (    1,207)   2.600E-04 (    1,  0)    F
   82 0.26294   4.814E-04 2.408E-04 (    1,207)   2.406E-04 (    1,  0)    F
   83 0.26282   4.454E-04 2.229E-04 (    1,203)   2.227E-04 (    1,  0)    F
   84 0.26271   4.122E-04 2.062E-04 (    1,207)   2.060E-04 (    1,  0)    F
   85 0.26261   3.814E-04 1.908E-04 (    1,203)   1.907E-04 (    1,  0)    F
   86 0.26252   3.529E-04 1.766E-04 (    1,207)   1.764E-04 (    1,  0)    F
   87 0.26244   3.265E-04 1.634E-04 (    1,203)   1.632E-04 (    1,  0)    F
   88 0.26236   3.021E-04 1.512E-04 (    1,207)   1.510E-04 (    1,  0)    F
   89 0.26228   2.795E-04 1.399E-04 (    1,206)   1.397E-04 (    1,  0)    F
   90 0.26222   2.586E-04 1.294E-04 (    1,207)   1.293E-04 (    1,  0)    F
   91 0.26215   2.393E-04 1.197E-04 (    1,206)   1.196E-04 (    1,  0)    F
   92 0.26209   2.214E-04 1.108E-04 (    1,207)   1.107E-04 (    1,  0)    F
   93 0.26204   2.048E-04 1.025E-04 (    1,206)   1.024E-04 (    1,  0)    F
   94 0.26199   1.895E-04 9.481E-05 (    1,207)   9.473E-05 (    1,  0)    F
   95 0.26195   1.753E-04 8.772E-05 (    1,206)   8.764E-05 (    1,  0)    F
   96 0.26190   1.622E-04 8.116E-05 (    1,202)   8.108E-05 (    1,  0)    F
   97 0.26186   1.500E-04 7.508E-05 (    1,207)   7.501E-05 (    1,  0)    F
   98 0.26183   1.388E-04 6.945E-05 (    1,202)   6.939E-05 (    1,  0)    F
   99 0.26179   1.284E-04 6.425E-05 (    1,207)   6.419E-05 (    1,  0)    F
  100 0.26176   1.188E-04 5.944E-05 (    1,203)   5.938E-05 (    1,  0)    F
  101 0.26173   1.099E-04 5.499E-05 (    1,207)   5.494E-05 (    1,  0)    F
  102 0.26171   1.016E-04 5.087E-05 (    1,203)   5.082E-05 (    1,  0)    F
  103 0.26168   9.403E-05 4.705E-05 (    1,207)   4.701E-05 (    1,  0)    F
  104 0.26166   8.698E-05 4.353E-05 (    1,203)   4.349E-05 (    1,  0)    F
  105 0.26164   8.047E-05 4.027E-05 (    1,207)   4.023E-05 (    1,  0)    F
  106 0.26162   7.443E-05 3.725E-05 (    1,203)   3.721E-05 (    1,  0)    F
  107 0.26160   6.886E-05 3.446E-05 (    1,207)   3.443E-05 (    1,  0)    F
  108 0.26158   6.369E-05 3.188E-05 (    1,203)   3.185E-05 (    1,  0)    F
  109 0.26157   5.891E-05 2.949E-05 (    1,207)   2.945E-05 (    1,  0)    F
  110 0.26156   5.451E-05 2.729E-05 (    1,205)   2.725E-05 (    1,  0)    F
  111 0.26154   5.041E-05 2.522E-05 (    1,207)   2.520E-05 (    1,  0)    F
  112 0.26153   4.663E-05 2.334E-05 (    1,205)   2.332E-05 (    1,  0)    F
  113 0.26152   4.314E-05 2.160E-05 (    1,207)   2.157E-05 (    1,  0)    F
  114 0.26151   3.991E-05 1.997E-05 (    1,205)   1.995E-05 (    1,  0)    F
  115 0.26150   3.691E-05 1.848E-05 (    1,207)   1.845E-05 (    1,  0)    F
  116 0.26149   3.414E-05 1.709E-05 (    1,205)   1.707E-05 (    1,  0)    F
  117 0.26148   3.159E-05 1.582E-05 (    1,207)   1.579E-05 (    1,  0)    F
  118 0.26147   2.921E-05 1.462E-05 (    1,205)   1.460E-05 (    1,  0)    F
  119 0.26147   2.702E-05 1.352E-05 (    1,207)   1.351E-05 (    1,  0)    F
  120 0.26146   2.499E-05 1.251E-05 (    1, 26)   1.250E-05 (    1,  0)    F
  121 0.26145   2.312E-05 1.158E-05 (    1,207)   1.156E-05 (    1,  0)    F
  122 0.26145   2.139E-05 1.070E-05 (    1,209)   1.069E-05 (    1,  0)    F
  123 0.26144   1.978E-05 9.914E-06 (    1,206)   9.889E-06 (    1,  0)    F
  124 0.26144   1.831E-05 9.163E-06 (    1,209)   9.153E-06 (    1,  0)    F
  125 0.26143   1.692E-05 8.471E-06 (    1, 57)   8.461E-06 (    1,  0)    F
  126 0.26143   1.566E-05 7.837E-06 (    1,209)   7.828E-06 (    1,  0)    F
  127 0.26143   1.448E-05 7.249E-06 (    1, 10)   7.240E-06 (    1,  0)    F
  128 0.26142   1.340E-05 6.717E-06 (    1,208)   6.698E-06 (    1,  0)    F
  129 0.26142   1.240E-05 6.207E-06 (    1,204)   6.200E-06 (    1,  0)    F
  130 0.26142   1.146E-05 5.738E-06 (    1, 43)   5.729E-06 (    1,  0)    F
  131 0.26141   1.061E-05 5.321E-06 (    1,209)   5.303E-06 (    1,  0)    F
  132 0.26141   9.805E-06 4.914E-06 (    1, 45)   4.903E-06 (    1,  0)    F
  133 0.26141   9.032E-06 4.514E-06 (    1,235)   4.535E-06 (    1,  0)    F
  134 0.26141   8.214E-06 4.185E-06 (    1,238)   4.200E-06 (    1,  0)    F
  135 0.26140   7.454E-06 3.880E-06 (    1,238)   3.894E-06 (    1,  0)    F
  136 0.26140   6.775E-06 3.607E-06 (    1,238)   3.618E-06 (    1,  0)    F
  137 0.26140   6.162E-06 3.353E-06 (    1,236)   3.365E-06 (    1,  0)    F
  138 0.26140   5.616E-06 3.128E-06 (    1,238)   3.138E-06 (    1,  0)    F
  139 0.26140   5.126E-06 2.920E-06 (    1,238)   2.930E-06 (    1,  0)    F
  140 0.26140   4.682E-06 2.732E-06 (    1,238)   2.738E-06 (    1,  0)    F
  141 0.26140   4.286E-06 2.556E-06 (    1,236)   2.566E-06 (    1,  0)    F
  142 0.26139   3.927E-06 2.396E-06 (    1,236)   2.406E-06 (    1,  0)    F
  143 0.26139   3.597E-06 2.251E-06 (    1,238)   2.257E-06 (    1,  0)    F
  144 0.26139   3.305E-06 2.121E-06 (    1,238)   2.124E-06 (    1,  0)    F
  145 0.26139   3.046E-06 1.992E-06 (    1,236)   2.005E-06 (    1,  0)    T
  146 0.26139   2.794E-06 1.879E-06 (    1,238)   1.883E-06 (    1,  0)    T
  147 0.26139   2.574E-06 1.779E-06 (    1,236)   1.780E-06 (    1,  0)    T
  148 0.26139   2.380E-06 1.685E-06 (    1,238)   1.687E-06 (    1,  0)    T
  149 0.26139   2.204E-06 1.593E-06 (    1,238)   1.601E-06 (    1,  0)    T
  150 0.26139   2.032E-06 1.508E-06 (    1,238)   1.513E-06 (    1,  0)    T
  151 0.26139   1.875E-06 1.433E-06 (    1,235)   1.433E-06 (    1,  0)    T
  152 0.26139   1.740E-06 1.368E-06 (    1,238)   1.367E-06 (    1,  0)    T
  153 0.26139   1.620E-06 1.303E-06 (    1,235)   1.306E-06 (    1,  0)    T
  154 0.26139   1.505E-06 1.233E-06 (    1,237)   1.244E-06 (    1,  0)    T
  155 0.26139   1.389E-06 1.178E-06 (    1,238)   1.179E-06 (    1,  0)    T
  156 0.26139   1.288E-06 1.129E-06 (    1,238)   1.127E-06 (    1,  0)    T
  157 0.26139   1.202E-06 1.082E-06 (    1,235)   1.083E-06 (    1,  0)    T
  158 0.26139   1.120E-06 1.036E-06 (    1,238)   1.037E-06 (    1,  0)    T
  159 0.26139   1.044E-06 9.943E-07 (    1,235)   9.950E-07 (    1,  0)    T
  160 0.26139   9.710E-07 9.394E-07 (    1,237)   9.532E-07 (    1,  0)    T
  161 0.26139   9.021E-07 8.989E-07 (    1,234)   9.021E-07 (    1,  0)    T
 k-eff =       0.26138530     



   Four-Factor Estimate of k-infinity.  Fast/Thermal boundary:   0.6250 eV
      Fiss. neutrons/thermal abs. (eta):          0.269615
      Thermal utilization (f):                    1.000000
      Resonance Escape probability (p):           0.948106
      Fast-fission factor (epsilon):              1.022513
                                            --------------
      Infinite neutron multiplication             0.261379


   Alternate 3-Group Formulation Terms. 
   Fast/Res. boundary:   0.8210 MeV.  Res./Therm. boundary:   0.6250eV
      Fiss. neutrons/thermal abs. (eta):          0.269615
      Thermal utilization (f):                    1.000000
      Resonance Escape probability (p):           0.951819
      Fast Escape probability (pf):               0.996099
      Fast-fission factor (epsilon):              1.022513




 Critical Spectra Calculated with the B1 Method
 Input buckling of  0.00000E+00 gives a corresponding k-eff of  2.61380E-01
 Equivalent core height is infinite.

  Group   Upper      Critical   Inf.Med.   Critical   Inf.Med.  
   No    Energy(eV)   Flux       Flux      Adj.Flux   Adj.Flux  

     1  2.0000E+07  0.000E+00  0.000E+00  9.928E-04  9.928E-04
     2  1.7330E+07  0.000E+00  0.000E+00  1.382E-03  1.382E-03
     3  1.5680E+07  0.000E+00  0.000E+00  1.786E-03  1.786E-03
     4  1.4550E+07  4.349E-09  4.349E-09  2.631E-03  2.631E-03
     5  1.3840E+07  1.642E-05  1.642E-05  1.733E-03  1.733E-03
     6  1.2840E+07  1.115E-04  1.115E-04  5.125E-04  5.125E-04
     7  1.0000E+07  4.344E-04  4.344E-04  6.636E-04  6.636E-04
     8  8.1870E+06  1.287E-03  1.287E-03  5.571E-04  5.571E-04
     9  6.4340E+06  3.033E-03  3.033E-03  4.569E-04  4.569E-04
    10  4.8000E+06  4.487E-03  4.487E-03  1.227E-03  1.227E-03
    11  4.3040E+06  6.101E-03  6.101E-03  3.724E-04  3.724E-04
    12  3.0000E+06  8.611E-03  8.611E-03  7.039E-04  7.039E-04
    13  2.4790E+06  9.422E-03  9.422E-03  2.591E-03  2.591E-03
    14  2.3540E+06  8.339E-03  8.339E-03  5.551E-04  5.551E-04
    15  1.8500E+06  8.044E-03  8.044E-03  6.350E-04  6.350E-04
    16  1.5000E+06  8.035E-03  8.035E-03  1.925E-03  1.925E-03
    17  1.4000E+06  7.743E-03  7.743E-03  4.152E-03  4.152E-03
    18  1.3560E+06  6.797E-03  6.797E-03  4.540E-03  4.540E-03
    19  1.3170E+06  7.302E-03  7.302E-03  2.536E-03  2.536E-03
    20  1.2500E+06  7.724E-03  7.724E-03  3.243E-03  3.243E-03
    21  1.2000E+06  7.081E-03  7.081E-03  1.522E-03  1.522E-03
    22  1.1000E+06  5.973E-03  5.973E-03  1.551E-03  1.551E-03
    23  1.0100E+06  5.813E-03  5.813E-03  1.418E-03  1.418E-03
    24  9.2000E+05  6.379E-03  6.379E-03  6.022E-03  6.022E-03
    25  9.0000E+05  6.556E-03  6.556E-03  4.698E-03  4.698E-03
    26  8.7500E+05  6.759E-03  6.759E-03  8.265E-03  8.265E-03
    27  8.6110E+05  7.098E-03  7.098E-03  2.706E-03  2.706E-03
    28  8.2000E+05  7.134E-03  7.134E-03  1.483E-03  1.483E-03
    29  7.5000E+05  6.248E-03  6.248E-03  1.331E-03  1.331E-03
    30  6.7900E+05  5.932E-03  5.932E-03  9.919E-03  9.919E-03
    31  6.7000E+05  5.684E-03  5.684E-03  1.199E-03  1.199E-03
    32  6.0000E+05  5.399E-03  5.399E-03  2.874E-03  2.874E-03
    33  5.7300E+05  5.248E-03  5.248E-03  3.230E-03  3.230E-03
    34  5.5000E+05  4.982E-03  4.982E-03  1.188E-03  1.188E-03
    35  4.9200E+05  4.544E-03  4.544E-03  2.893E-03  2.893E-03
    36  4.7000E+05  3.860E-03  3.860E-03  2.006E-03  2.006E-03
    37  4.4000E+05  3.329E-03  3.329E-03  2.845E-03  2.845E-03
    38  4.2000E+05  3.922E-03  3.922E-03  2.712E-03  2.712E-03
    39  4.0000E+05  4.107E-03  4.107E-03  6.879E-04  6.879E-04
    40  3.3000E+05  3.892E-03  3.892E-03  6.595E-04  6.595E-04
    41  2.7000E+05  3.291E-03  3.291E-03  4.410E-04  4.410E-04
    42  2.0000E+05  2.848E-03  2.848E-03  4.495E-04  4.495E-04
    43  1.4900E+05  2.585E-03  2.585E-03  8.847E-04  8.847E-04
    44  1.2830E+05  2.388E-03  2.388E-03  5.310E-04  5.310E-04
    45  1.0000E+05  2.227E-03  2.227E-03  8.142E-04  8.142E-04
    46  8.5000E+04  2.156E-03  2.156E-03  3.683E-03  3.683E-03
    47  8.2000E+04  2.114E-03  2.114E-03  1.483E-03  1.483E-03
    48  7.5000E+04  2.075E-03  2.075E-03  4.896E-03  4.896E-03
    49  7.3000E+04  2.009E-03  2.009E-03  6.747E-04  6.747E-04
    50  6.0000E+04  1.921E-03  1.921E-03  9.247E-04  9.247E-04
    51  5.2000E+04  1.878E-03  1.878E-03  3.374E-03  3.374E-03
    52  5.0000E+04  1.847E-03  1.847E-03  1.256E-03  1.256E-03
    53  4.5000E+04  1.753E-03  1.753E-03  3.263E-04  3.263E-04
    54  3.0000E+04  1.643E-03  1.643E-03  3.263E-04  3.263E-04
    55  2.0000E+04  1.591E-03  1.591E-03  8.142E-04  8.142E-04
    56  1.7000E+04  1.560E-03  1.560E-03  4.933E-04  4.933E-04
    57  1.3000E+04  1.525E-03  1.525E-03  4.219E-04  4.219E-04
    58  9.5000E+03  1.502E-03  1.502E-03  7.872E-04  7.872E-04
    59  8.0300E+03  1.485E-03  1.485E-03  3.861E-04  3.861E-04
    60  5.7000E+03  1.466E-03  1.466E-03  3.487E-04  3.487E-04
    61  3.9000E+03  1.457E-03  1.457E-03  3.159E-03  3.159E-03
    62  3.7400E+03  1.452E-03  1.452E-03  6.002E-04  6.002E-04
    63  3.0000E+03  1.447E-03  1.447E-03  7.258E-04  7.258E-04
    64  2.5000E+03  1.441E-03  1.441E-03  1.256E-03  1.256E-03
    65  2.2500E+03  1.441E-03  1.441E-03  5.889E-03  5.889E-03
    66  2.2000E+03  1.440E-03  1.440E-03  6.595E-04  6.595E-04
    67  1.8000E+03  1.436E-03  1.436E-03  8.850E-04  8.850E-04
    68  1.5500E+03  1.435E-03  1.435E-03  4.036E-03  4.036E-03
    69  1.5000E+03  1.432E-03  1.432E-03  4.981E-04  4.981E-04
    70  1.1500E+03  1.429E-03  1.429E-03  6.926E-04  6.926E-04
    71  9.5000E+02  1.427E-03  1.427E-03  4.011E-04  4.011E-04
    72  6.8300E+02  1.426E-03  1.426E-03  6.893E-03  6.893E-03
    73  6.7000E+02  1.423E-03  1.423E-03  6.706E-04  6.706E-04
    74  5.5000E+02  1.421E-03  1.421E-03  2.245E-04  2.245E-04
    75  3.0500E+02  1.418E-03  1.418E-03  1.951E-03  1.951E-03
    76  2.8500E+02  1.417E-03  1.417E-03  7.705E-04  7.705E-04
    77  2.4000E+02  1.415E-03  1.415E-03  1.520E-03  1.520E-03
    78  2.2000E+02  1.416E-03  1.416E-03  2.709E-03  2.709E-03
    79  2.0950E+02  1.328E-03  1.328E-03  1.280E-02  1.280E-02
    80  2.0740E+02  1.438E-03  1.438E-03  5.024E-03  5.024E-03
    81  2.0200E+02  1.416E-03  1.416E-03  2.909E-03  2.909E-03
    82  1.9300E+02  1.410E-03  1.410E-03  1.699E-02  1.699E-02
    83  1.9150E+02  1.257E-03  1.257E-03  8.215E-03  8.215E-03
    84  1.8850E+02  1.625E-03  1.625E-03  3.112E-02  3.112E-02
    85  1.8770E+02  1.445E-03  1.445E-03  3.165E-03  3.165E-03
    86  1.8000E+02  1.416E-03  1.416E-03  2.321E-03  2.321E-03
    87  1.7000E+02  1.414E-03  1.414E-03  7.662E-04  7.662E-04
    88  1.4300E+02  1.415E-03  1.415E-03  8.349E-04  8.349E-04
    89  1.2200E+02  1.415E-03  1.415E-03  5.325E-03  5.325E-03
    90  1.1900E+02  1.411E-03  1.411E-03  1.045E-02  1.045E-02
    91  1.1750E+02  1.308E-03  1.308E-03  9.821E-03  9.821E-03
    92  1.1600E+02  1.433E-03  1.433E-03  5.062E-03  5.062E-03
    93  1.1300E+02  1.413E-03  1.413E-03  2.930E-03  2.930E-03
    94  1.0800E+02  1.412E-03  1.412E-03  4.709E-03  4.709E-03
    95  1.0500E+02  1.352E-03  1.352E-03  3.503E-03  3.503E-03
    96  1.0120E+02  1.431E-03  1.431E-03  3.132E-03  3.132E-03
    97  9.7000E+01  1.411E-03  1.411E-03  1.773E-03  1.773E-03
    98  9.0000E+01  1.411E-03  1.411E-03  1.373E-03  1.373E-03
    99  8.1700E+01  1.396E-03  1.396E-03  6.246E-03  6.246E-03
   100  8.0000E+01  1.411E-03  1.411E-03  2.588E-03  2.588E-03
   101  7.6000E+01  1.411E-03  1.411E-03  2.457E-03  2.457E-03
   102  7.2000E+01  1.410E-03  1.410E-03  2.058E-03  2.058E-03
   103  6.7500E+01  1.339E-03  1.339E-03  3.360E-03  3.360E-03
   104  6.5000E+01  1.415E-03  1.415E-03  4.256E-03  4.256E-03
   105  6.3000E+01  1.407E-03  1.407E-03  4.125E-03  4.125E-03
   106  6.1000E+01  1.407E-03  1.407E-03  2.640E-03  2.640E-03
   107  5.8000E+01  1.407E-03  1.407E-03  1.613E-03  1.613E-03
   108  5.3400E+01  1.407E-03  1.407E-03  2.475E-03  2.475E-03
   109  5.0600E+01  1.407E-03  1.407E-03  2.861E-03  2.861E-03
   110  4.8300E+01  1.407E-03  1.407E-03  2.004E-03  2.004E-03
   111  4.5200E+01  1.407E-03  1.407E-03  4.941E-03  4.941E-03
   112  4.4000E+01  1.407E-03  1.407E-03  3.586E-03  3.586E-03
   113  4.2400E+01  1.407E-03  1.407E-03  3.959E-03  3.959E-03
   114  4.1000E+01  1.406E-03  1.406E-03  3.824E-03  3.824E-03
   115  3.9600E+01  1.405E-03  1.405E-03  1.049E-02  1.049E-02
   116  3.9100E+01  1.404E-03  1.404E-03  4.651E-03  4.651E-03
   117  3.8000E+01  1.400E-03  1.400E-03  1.354E-02  1.354E-02
   118  3.7630E+01  1.390E-03  1.390E-03  1.372E-02  1.372E-02
   119  3.7270E+01  1.364E-03  1.364E-03  3.467E-02  3.467E-02
   120  3.7130E+01  1.287E-03  1.287E-03  3.610E-02  3.610E-02
   121  3.7000E+01  1.170E-03  1.170E-03  4.101E-03  4.101E-03
   122  3.6000E+01  1.439E-03  1.439E-03  9.530E-03  9.530E-03
   123  3.5500E+01  1.395E-03  1.395E-03  9.501E-03  9.501E-03
   124  3.5000E+01  1.396E-03  1.396E-03  3.683E-03  3.683E-03
   125  3.3750E+01  1.396E-03  1.396E-03  8.967E-03  8.967E-03
   126  3.3250E+01  1.397E-03  1.397E-03  2.897E-03  2.897E-03
   127  3.1750E+01  1.397E-03  1.397E-03  8.413E-03  8.413E-03
   128  3.1250E+01  1.397E-03  1.397E-03  3.272E-03  3.272E-03
   129  3.0000E+01  1.398E-03  1.398E-03  1.536E-03  1.536E-03
   130  2.7500E+01  1.399E-03  1.399E-03  1.400E-03  1.400E-03
   131  2.5000E+01  1.398E-03  1.398E-03  1.266E-03  1.266E-03
   132  2.2500E+01  1.397E-03  1.397E-03  3.927E-03  3.927E-03
   133  2.1750E+01  1.386E-03  1.386E-03  5.169E-03  5.169E-03
   134  2.1200E+01  1.064E-03  1.064E-03  3.099E-03  3.099E-03
   135  2.0500E+01  1.396E-03  1.396E-03  5.426E-03  5.426E-03
   136  2.0000E+01  1.381E-03  1.381E-03  4.426E-03  4.426E-03
   137  1.9400E+01  1.381E-03  1.381E-03  2.849E-03  2.849E-03
   138  1.8500E+01  1.382E-03  1.382E-03  1.593E-03  1.593E-03
   139  1.7000E+01  1.383E-03  1.383E-03  2.223E-03  2.223E-03
   140  1.6000E+01  1.385E-03  1.385E-03  1.278E-03  1.278E-03
   141  1.4400E+01  1.385E-03  1.385E-03  1.225E-03  1.225E-03
   142  1.2900E+01  1.383E-03  1.383E-03  1.672E-03  1.672E-03
   143  1.1900E+01  1.383E-03  1.383E-03  3.937E-03  3.937E-03
   144  1.1500E+01  1.383E-03  1.383E-03  9.631E-04  9.631E-04
   145  1.0000E+01  1.382E-03  1.382E-03  1.429E-03  1.429E-03
   146  9.1000E+00  1.380E-03  1.380E-03  1.159E-03  1.159E-03
   147  8.1000E+00  1.379E-03  1.379E-03  1.072E-03  1.072E-03
   148  7.1500E+00  1.372E-03  1.372E-03  6.300E-03  6.300E-03
   149  7.0000E+00  1.361E-03  1.361E-03  7.345E-03  7.345E-03
   150  6.8750E+00  1.210E-03  1.210E-03  6.442E-03  6.442E-03
   151  6.7500E+00  9.027E-04  9.027E-04  2.377E-03  2.377E-03
   152  6.5000E+00  1.335E-03  1.335E-03  3.451E-03  3.451E-03
   153  6.2500E+00  1.346E-03  1.346E-03  3.345E-03  3.345E-03
   154  6.0000E+00  1.347E-03  1.347E-03  1.298E-03  1.298E-03
   155  5.4000E+00  1.351E-03  1.351E-03  1.777E-03  1.777E-03
   156  5.0000E+00  1.370E-03  1.370E-03  2.210E-03  2.210E-03
   157  4.7000E+00  1.381E-03  1.381E-03  1.002E-03  1.002E-03
   158  4.1000E+00  1.375E-03  1.375E-03  1.447E-03  1.447E-03
   159  3.7300E+00  1.385E-03  1.385E-03  2.153E-03  2.153E-03
   160  3.5000E+00  1.390E-03  1.390E-03  1.528E-03  1.528E-03
   161  3.2000E+00  1.394E-03  1.394E-03  4.316E-03  4.316E-03
   162  3.1000E+00  1.407E-03  1.407E-03  4.177E-03  4.177E-03
   163  3.0000E+00  1.433E-03  1.433E-03  1.362E-02  1.362E-02
   164  2.9700E+00  1.422E-03  1.422E-03  3.997E-03  3.997E-03
   165  2.8700E+00  1.414E-03  1.414E-03  3.859E-03  3.859E-03
   166  2.7700E+00  1.408E-03  1.408E-03  3.722E-03  3.722E-03
   167  2.6700E+00  1.408E-03  1.408E-03  3.585E-03  3.585E-03
   168  2.5700E+00  1.410E-03  1.410E-03  3.448E-03  3.448E-03
   169  2.4700E+00  1.413E-03  1.413E-03  3.687E-03  3.687E-03
   170  2.3800E+00  1.415E-03  1.415E-03  4.003E-03  4.003E-03
   171  2.3000E+00  1.417E-03  1.417E-03  3.429E-03  3.429E-03
   172  2.2100E+00  1.421E-03  1.421E-03  3.292E-03  3.292E-03
   173  2.1200E+00  1.424E-03  1.424E-03  2.350E-03  2.350E-03
   174  2.0000E+00  1.428E-03  1.428E-03  4.495E-03  4.495E-03
   175  1.9400E+00  1.431E-03  1.431E-03  3.251E-03  3.251E-03
   176  1.8600E+00  1.435E-03  1.435E-03  2.760E-03  2.760E-03
   177  1.7700E+00  1.440E-03  1.440E-03  2.624E-03  2.624E-03
   178  1.6800E+00  1.445E-03  1.445E-03  2.487E-03  2.487E-03
   179  1.5900E+00  1.452E-03  1.452E-03  2.350E-03  2.350E-03
   180  1.5000E+00  1.457E-03  1.457E-03  4.040E-03  4.040E-03
   181  1.4500E+00  1.461E-03  1.461E-03  3.903E-03  3.903E-03
   182  1.4000E+00  1.465E-03  1.465E-03  3.766E-03  3.766E-03
   183  1.3500E+00  1.470E-03  1.470E-03  3.630E-03  3.630E-03
   184  1.3000E+00  1.476E-03  1.476E-03  3.494E-03  3.494E-03
   185  1.2500E+00  1.480E-03  1.480E-03  6.786E-03  6.786E-03
   186  1.2250E+00  1.482E-03  1.482E-03  6.652E-03  6.652E-03
   187  1.2000E+00  1.485E-03  1.485E-03  6.519E-03  6.519E-03
   188  1.1750E+00  1.488E-03  1.488E-03  6.386E-03  6.386E-03
   189  1.1500E+00  1.490E-03  1.490E-03  1.573E-02  1.573E-02
   190  1.1400E+00  1.491E-03  1.491E-03  1.559E-02  1.559E-02
   191  1.1300E+00  1.493E-03  1.493E-03  1.546E-02  1.546E-02
   192  1.1200E+00  1.494E-03  1.494E-03  1.532E-02  1.532E-02
   193  1.1100E+00  1.496E-03  1.496E-03  1.518E-02  1.518E-02
   194  1.1000E+00  1.497E-03  1.497E-03  1.504E-02  1.504E-02
   195  1.0900E+00  1.499E-03  1.499E-03  1.490E-02  1.490E-02
   196  1.0800E+00  1.501E-03  1.501E-03  1.476E-02  1.476E-02
   197  1.0700E+00  1.503E-03  1.503E-03  1.462E-02  1.462E-02
   198  1.0600E+00  1.504E-03  1.504E-03  1.448E-02  1.448E-02
   199  1.0500E+00  1.506E-03  1.506E-03  1.434E-02  1.434E-02
   200  1.0400E+00  1.508E-03  1.508E-03  1.420E-02  1.420E-02
   201  1.0300E+00  1.510E-03  1.510E-03  1.407E-02  1.407E-02
   202  1.0200E+00  1.512E-03  1.512E-03  1.393E-02  1.393E-02
   203  1.0100E+00  1.514E-03  1.514E-03  1.379E-02  1.379E-02
   204  1.0000E+00  1.517E-03  1.517E-03  5.418E-03  5.418E-03
   205  9.7500E-01  1.522E-03  1.522E-03  5.280E-03  5.280E-03
   206  9.5000E-01  1.528E-03  1.528E-03  5.142E-03  5.142E-03
   207  9.2500E-01  1.533E-03  1.533E-03  5.005E-03  5.005E-03
   208  9.0000E-01  1.543E-03  1.543E-03  2.399E-03  2.399E-03
   209  8.5000E-01  1.558E-03  1.558E-03  2.262E-03  2.262E-03
   210  8.0000E-01  1.575E-03  1.575E-03  2.124E-03  2.124E-03
   211  7.5000E-01  1.595E-03  1.595E-03  1.987E-03  1.987E-03
   212  7.0000E-01  1.621E-03  1.621E-03  1.850E-03  1.850E-03
   213  6.5000E-01  1.646E-03  1.646E-03  3.497E-03  3.497E-03
   214  6.2500E-01  1.670E-03  1.670E-03  3.360E-03  3.360E-03
   215  6.0000E-01  1.722E-03  1.722E-03  1.577E-03  1.577E-03
   216  5.5000E-01  1.846E-03  1.846E-03  1.440E-03  1.440E-03
   217  5.0000E-01  2.112E-03  2.112E-03  1.303E-03  1.303E-03
   218  4.5000E-01  2.707E-03  2.707E-03  1.166E-03  1.166E-03
   219  4.0000E-01  3.519E-03  3.519E-03  2.129E-03  2.129E-03
   220  3.7500E-01  4.366E-03  4.366E-03  1.993E-03  1.993E-03
   221  3.5000E-01  5.569E-03  5.569E-03  1.856E-03  1.856E-03
   222  3.2500E-01  7.250E-03  7.250E-03  1.719E-03  1.719E-03
   223  3.0000E-01  9.576E-03  9.576E-03  1.582E-03  1.582E-03
   224  2.7500E-01  1.271E-02  1.271E-02  1.443E-03  1.443E-03
   225  2.5000E-01  1.683E-02  1.683E-02  1.305E-03  1.305E-03
   226  2.2500E-01  2.204E-02  2.204E-02  1.167E-03  1.167E-03
   227  2.0000E-01  2.830E-02  2.830E-02  1.029E-03  1.029E-03
   228  1.7500E-01  3.524E-02  3.524E-02  8.912E-04  8.912E-04
   229  1.5000E-01  4.198E-02  4.198E-02  7.536E-04  7.536E-04
   230  1.2500E-01  4.681E-02  4.681E-02  6.159E-04  6.159E-04
   231  1.0000E-01  4.796E-02  4.796E-02  1.305E-03  1.305E-03
   232  9.0000E-02  4.725E-02  4.725E-02  1.167E-03  1.167E-03
   233  8.0000E-02  4.526E-02  4.526E-02  1.030E-03  1.030E-03
   234  7.0000E-02  4.180E-02  4.180E-02  8.925E-04  8.925E-04
   235  6.0000E-02  3.678E-02  3.678E-02  7.548E-04  7.548E-04
   236  5.0000E-02  3.024E-02  3.024E-02  6.170E-04  6.170E-04
   237  4.0000E-02  2.242E-02  2.242E-02  4.788E-04  4.788E-04
   238  3.0000E-02  1.641E-02  1.641E-02  8.086E-04  8.086E-04
   239  2.5300E-02  7.561E-03  7.561E-03  1.485E-04  1.485E-04
   240  1.0000E-02  2.417E-03  2.417E-03  4.794E-04  4.794E-04
   241  7.5000E-03  1.289E-03  1.289E-03  3.402E-04  3.402E-04
   242  5.0000E-03  7.000E-04  7.000E-04  6.183E-04  6.183E-04
   243  4.0000E-03  4.309E-04  4.309E-04  4.796E-04  4.796E-04
   244  3.0000E-03  2.712E-04  2.712E-04  7.569E-04  7.569E-04
   245  2.5000E-03  1.831E-04  1.831E-04  6.184E-04  6.184E-04
   246  2.0000E-03  1.115E-04  1.115E-04  4.797E-04  4.797E-04
   247  1.5000E-03  6.707E-05  6.707E-05  6.185E-04  6.185E-04
   248  1.2000E-03  4.479E-05  4.479E-05  7.570E-04  7.570E-04
   249  1.0000E-03  2.837E-05  2.837E-05  4.798E-04  4.798E-04
   250  7.5000E-04  1.441E-05  1.441E-05  3.405E-04  3.405E-04
   251  5.0000E-04  2.474E-06  2.474E-06  8.584E-05  8.584E-05
   252  1.0000E-04  3.085E-08  3.085E-08  5.999E-05  5.999E-05

 NOTE: Flux values above are per unit-lethargy.



  Zone data

      Zone   Mix    Relative     Relative         Zone
       No.   No.      Flux     Fission Power     Volume
     -----------------------------------------------------------------
         1     1   1.00000E+00   1.00000E+00   4.00000E-02



module xsproc is finished. completion code 0.
Sequence T-Newt is finished. completion code 0.

    SCALE is finished on Mon Jan 23 01:37:08 2023.
-------------------------- Summary --------------------------
t-newt finished. used 14.693 seconds.
SCALE driver required a maximum of 1263 MiB of RAM.
------------------------ End Summary ------------------------

fluxplot_252g.ps copied to /home/ondrejch/scale/rt/HW2-4/fuel0.010/2_4.fluxplot_252g.ps.
