 *******************************************************************************
 *                                                                             *
 *                                 SCALE 6.2.3                                 *
 *                                -------------                                *
 *                                January 2023                                 *
 *                                                                             *
 *           SCALE:  A Comprehensive Modeling and Simulation Suite             *
 *                   for Nuclear Safety Analysis and Design                    *
 *                                                                             *
 *                      Reactor and Nuclear Systems Division                   *
 *                        Oak Ridge National Laboratory                        *
 *                                                                             *
 *                           http://scale.ornl.gov                             *
 *                            scalehelp@ornl.gov                               *
 *                                                                             *
 *******************************************************************************
 *******************************************************************************
      
                  Job Information
                  ---------------
      Job started on node72 on Mon 23/01/2023 01:35:46
      Working directory: /tmp/scale.ondrejch.966719
      Input file name  : /home/ondrejch/scale/rt/HW2-4/enr086/2_4
      Output file name : /home/ondrejch/scale/rt/HW2-4/enr086/2_4.out
      SCALE executable : /opt/scale6.2.3/bin/../bin/scale
      
 *******************************************************************************


    module t-newt will be called on Mon Jan 23 01:35:48 2023.
    sequence specification record:=t-newt
Input Data:

      SCALE Materials HW2 problem 4
      v7-252
      read comp
          uo2       1                                  0.10        550 92235 86.0 92238 14.0 end
          h2o       1 den=0.7561                       0.8999      550 end
          atomboh3  1     1.44 3  5000 1 8000 3 1000 3 0.0001      550 5010 70 5011 30 end
      end comp
      read model
      read parm
        prtflux=yes inners=1000  cmfd=no epsilon=1e-6 sn=2 epsinner=1e-8
      end parm
      read materials
        mix=1 end
      end materials
      read geometry
          global unit 1
          cuboid    1  0.1 -0.1 0.1 -0.1
          media 1 1 1
          boundary 1  1 1
      end geometry
      read bounds
          all=refl
      end bounds
      end model
end




************************************************************************************************************************************
************************************************************************************************************************************
************************************************************************************************************************************
*****                                                                                                                          *****
*****                                             program verification information                                             *****
*****                                                                                                                          *****
*****                                           code system: SCALE   version: 6.2.0                                            *****
*****                                                                                                                          *****
************************************************************************************************************************************
************************************************************************************************************************************
*****                                                                                                                          *****
*****                                                                                                                          *****
*****                      program:  t-newt                                                                                    *****
*****                                                                                                                          *****
*****                      version:  6.2.3 (602003)                                                                            *****
*****                                                                                                                          *****
*****                     username:  ondrejch                                                                                  *****
*****                                                                                                                          *****
*****                     hostname:  node72                                                                                    *****
*****                                                                                                                          *****
*****                                                                                                                          *****
*****            date of execution:  2023-01-23                                                                                *****
*****                                                                                                                          *****
*****            time of execution:  01:35:48                                                                                  *****
*****                                                                                                                          *****
************************************************************************************************************************************
************************************************************************************************************************************
************************************************************************************************************************************



***Warning: Nuclide 8018 is missing cross sections. Introducing zero cross sections.
------------------------------------------------------------------------------------------------------------------------------------

                          NEWT calculation started at  1:36: 3 on  1/23/2023                              

------------------------------------------------------------------------------------------------------------------------------------



1         ***********************
          ***********************
          **  Control Options  **
          ***********************
          ***********************

 Run problem to completion/test input only          run=           yes
 Weighted cross-section collapse/do not collapse    collapse=       no
 Source acceleration on/off                         accel=         yes
 Restart from earlier case/begin new case           restart=        no
 CMFD acceleration (0/1/2/3 = no/rect/yes/part)     cmfd=          0
 Number of fine mesh base grid/coarse grid in X     xcmfd=           1
 Number of fine mesh base grid/coarse grid in Y     ycmfd=           1
 CMFD Multigroup solution only (no 2g)              cmfd2g=         no
 Create restart file upon completion                savrest=       yes
 Calculation type:                                  eigenvalue                      
 Forward/adjoint solution                           forward=       yes

1         **********************
          **********************
          **  Output Options  **
          **********************
          **********************

 Print micro. cross-sections for problem nuclides   prtxsec=        no
 Print macro. cross-sections for mixtures           prtmxsec=       no
 Print balance table                                prtbalnc=       no
 Print mixing table                                 prtmxtab=       no
 Print postscript graphics file for fluxes          prtflux=       yes
 Print postscript grid/mixture geometry graphics    drawit=         no
 Print broad-group fluxes                           prtbroad=       no
 Echo convergence tracking data to std. output      echo=           no

1         ***************************
          ***************************
          ** I/O Unit Assignments  **
          ***************************
          ***************************

 Unit no. for mixing table                          mixtab=         92
 Unit no. of working library                        xnlib=           4
 Unit no. for weighted broad-group library          wtdlib=         30
 Unit no. for homogenized macroscopic x-sect. lib.  hmoglib=        13

1         *************************
          *************************
          ** Convergence Control **
          *************************
          *************************

 Quadrature order                                   sn=              2
 Maximum no. of inner itrs./outer/energy group      inners=       1000
 Maximum no. of outer energy groups                 outers=          250
 Performing thermal group subouter iterations       therm=         yes
 Maximum no. of thermal group subouter itrs./outer  suboutrs=        2
 Convergence criterion on inner iterations          epsinner= 1.00E-08
 Convergence criterion on subouter iterations       epsthrm=  1.00E-06
 Convergence criterion on outer iterations          epsouter= 1.00E-06
 Convergence criterion on eigenvalue                epseigen= 1.00E-06
 First guess for eigenvalue (k-eff)                 kguess=       1.000

1         *****************************
          *****************************
          ** Geometry Specifications **
          *****************************
          *****************************

 Left side x-coordinate                             xmin= -1.00000E-01
 Right side x-coordinate                            xmax=  1.00000E-01
 Bottom side y-coordinate                           ymin= -1.00000E-01
 Top side y-coordinate                              ymax=  1.00000E-01
 Number of subdivisions in x direction              nx=              1
 Number of subdivisions in y direction              ny=              1

 Boundary Conditions (0/1/2/3=vacuum/reflective/white/periodic):
 Left (West)          wbc=         1
 Right (East)         ebc=         1
 Bottom (South)       sbc=         1
 Top (North)          nbc=         1

  Body Characteristics.  Rotation angle in degrees counterclockwise.
  Size parameters. cyl: A=radius, B=no. of sides. cub: A=width, B=height. hex: A(B)=major(minor) radius.
  Body  Input  Zone    Subdiv      --Center--      Size Parameters   Rotation   Chord
  Type  Unit   Number  nx  ny      x        y        A        B      Angle      Information
  ----  -----  -----  --- ---   ------   ------    -----    ------   --------   -----------
 cub     1     1       0   0    0.000    0.000    0.200    0.200    0.000

1         *****************************
          *****************************
          ** Material Specifications **
          *****************************
          *****************************

 Mat'l No.   SCALE ID   Pn order   External source ID   Description (if any)
    1          1           1               0           

1         ************************
          ************************
          ** Derived Parameters **
          ************************
          ************************

 Total number of energy groups                      numen=         252
 Number of neutron groups                           igm=           252
 Number of gamma groups                             ipm=             0
 First thermal energy group                         iftg=          156
 Mixing table length                                nmix=             9
 Number of mixtures created                         nummat=          2
 Number of computational cells                      numcells=        1
 Number of computational surfaces (sides)           numlines=        4
 Combine small grid cells together                  combine=no
 Average number of sides/cell                       avnosides=     4.00
 Minimum number of sides/cell                       mnnosides=       0
 Maximum number of sides/cell                       mxnosides=       4
 Number of angles in quadrature set                 ndir=            4
 Maximum order of Legendre scattering               maxpn=           1
 Number of flux moments                             nmom             3

1         *****************************
          *****************************
          ** Energy Group Structures **
          *****************************
          *****************************

 Energy   Energy      Lethargy        
 Group  Boundaries   Boundaries       
  No.      (eV)                      
   1   2.00000E+07 -6.93147E-01                  127   3.17500E+01  1.26602E+01
   2   1.73300E+07 -5.49854E-01                  128   3.12500E+01  1.26761E+01
   3   1.56800E+07 -4.49801E-01                  129   3.00000E+01  1.27169E+01
   4   1.45500E+07 -3.75006E-01                  130   2.75000E+01  1.28039E+01
   5   1.38400E+07 -3.24978E-01                  131   2.50000E+01  1.28992E+01
   6   1.28400E+07 -2.49980E-01                  132   2.25000E+01  1.30046E+01
   7   1.00000E+07  0.00000E+00                  133   2.17500E+01  1.30385E+01
   8   8.18700E+06  2.00038E-01                  134   2.12000E+01  1.30641E+01
   9   6.43400E+06  4.40989E-01                  135   2.05000E+01  1.30977E+01
  10   4.80000E+06  7.33969E-01                  136   2.00000E+01  1.31224E+01
  11   4.30400E+06  8.43040E-01                  137   1.94000E+01  1.31528E+01
  12   3.00000E+06  1.20397E+00                  138   1.85000E+01  1.32003E+01
  13   2.47900E+06  1.39473E+00                  139   1.70000E+01  1.32849E+01
  14   2.35400E+06  1.44647E+00                  140   1.60000E+01  1.33455E+01
  15   1.85000E+06  1.68740E+00                  141   1.44000E+01  1.34509E+01
  16   1.50000E+06  1.89712E+00                  142   1.29000E+01  1.35609E+01
  17   1.40000E+06  1.96611E+00                  143   1.19000E+01  1.36416E+01
  18   1.35600E+06  1.99805E+00                  144   1.15000E+01  1.36757E+01
  19   1.31700E+06  2.02723E+00                  145   1.00000E+01  1.38155E+01
  20   1.25000E+06  2.07944E+00                  146   9.10000E+00  1.39098E+01
  21   1.20000E+06  2.12026E+00                  147   8.10000E+00  1.40262E+01
  22   1.10000E+06  2.20727E+00                  148   7.15000E+00  1.41510E+01
  23   1.01000E+06  2.29263E+00                  149   7.00000E+00  1.41722E+01
  24   9.20000E+05  2.38597E+00                  150   6.87500E+00  1.41902E+01
  25   9.00000E+05  2.40795E+00                  151   6.75000E+00  1.42086E+01
  26   8.75000E+05  2.43612E+00                  152   6.50000E+00  1.42463E+01
  27   8.61100E+05  2.45213E+00                  153   6.25000E+00  1.42855E+01
  28   8.20000E+05  2.50104E+00                  154   6.00000E+00  1.43263E+01
  29   7.50000E+05  2.59027E+00                  155   5.40000E+00  1.44317E+01
  30   6.79000E+05  2.68972E+00                  156   5.00000E+00  1.45087E+01
  31   6.70000E+05  2.70306E+00                  157   4.70000E+00  1.45705E+01
  32   6.00000E+05  2.81341E+00                  158   4.10000E+00  1.47071E+01
  33   5.73000E+05  2.85945E+00                  159   3.73000E+00  1.48017E+01
  34   5.50000E+05  2.90042E+00                  160   3.50000E+00  1.48653E+01
  35   4.92000E+05  3.01186E+00                  161   3.20000E+00  1.49549E+01
  36   4.70000E+05  3.05761E+00                  162   3.10000E+00  1.49867E+01
  37   4.40000E+05  3.12357E+00                  163   3.00000E+00  1.50195E+01
  38   4.20000E+05  3.17009E+00                  164   2.97000E+00  1.50295E+01
  39   4.00000E+05  3.21888E+00                  165   2.87000E+00  1.50638E+01
  40   3.30000E+05  3.41125E+00                  166   2.77000E+00  1.50992E+01
  41   2.70000E+05  3.61192E+00                  167   2.67000E+00  1.51360E+01
  42   2.00000E+05  3.91202E+00                  168   2.57000E+00  1.51742E+01
  43   1.49000E+05  4.20639E+00                  169   2.47000E+00  1.52139E+01
  44   1.28300E+05  4.35597E+00                  170   2.38000E+00  1.52510E+01
  45   1.00000E+05  4.60517E+00                  171   2.30000E+00  1.52852E+01
  46   8.50000E+04  4.76769E+00                  172   2.21000E+00  1.53251E+01
  47   8.20000E+04  4.80362E+00                  173   2.12000E+00  1.53667E+01
  48   7.50000E+04  4.89285E+00                  174   2.00000E+00  1.54249E+01
  49   7.30000E+04  4.91988E+00                  175   1.94000E+00  1.54554E+01
  50   6.00000E+04  5.11600E+00                  176   1.86000E+00  1.54975E+01
  51   5.20000E+04  5.25910E+00                  177   1.77000E+00  1.55471E+01
  52   5.00000E+04  5.29832E+00                  178   1.68000E+00  1.55993E+01
  53   4.50000E+04  5.40368E+00                  179   1.59000E+00  1.56544E+01
  54   3.00000E+04  5.80914E+00                  180   1.50000E+00  1.57126E+01
  55   2.00000E+04  6.21461E+00                  181   1.45000E+00  1.57465E+01
  56   1.70000E+04  6.37713E+00                  182   1.40000E+00  1.57816E+01
  57   1.30000E+04  6.64539E+00                  183   1.35000E+00  1.58180E+01
  58   9.50000E+03  6.95905E+00                  184   1.30000E+00  1.58557E+01
  59   8.03000E+03  7.12716E+00                  185   1.25000E+00  1.58950E+01
  60   5.70000E+03  7.46987E+00                  186   1.22500E+00  1.59152E+01
  61   3.90000E+03  7.84936E+00                  187   1.20000E+00  1.59358E+01
  62   3.74000E+03  7.89125E+00                  188   1.17500E+00  1.59568E+01
  63   3.00000E+03  8.11173E+00                  189   1.15000E+00  1.59783E+01
  64   2.50000E+03  8.29405E+00                  190   1.14000E+00  1.59871E+01
  65   2.25000E+03  8.39941E+00                  191   1.13000E+00  1.59959E+01
  66   2.20000E+03  8.42188E+00                  192   1.12000E+00  1.60048E+01
  67   1.80000E+03  8.62255E+00                  193   1.11000E+00  1.60137E+01
  68   1.55000E+03  8.77209E+00                  194   1.10000E+00  1.60228E+01
  69   1.50000E+03  8.80488E+00                  195   1.09000E+00  1.60319E+01
  70   1.15000E+03  9.07058E+00                  196   1.08000E+00  1.60411E+01
  71   9.50000E+02  9.26163E+00                  197   1.07000E+00  1.60504E+01
  72   6.83000E+02  9.59160E+00                  198   1.06000E+00  1.60598E+01
  73   6.70000E+02  9.61082E+00                  199   1.05000E+00  1.60693E+01
  74   5.50000E+02  9.80818E+00                  200   1.04000E+00  1.60789E+01
  75   3.05000E+02  1.03978E+01                  201   1.03000E+00  1.60885E+01
  76   2.85000E+02  1.04656E+01                  202   1.02000E+00  1.60983E+01
  77   2.40000E+02  1.06375E+01                  203   1.01000E+00  1.61081E+01
  78   2.20000E+02  1.07245E+01                  204   1.00000E+00  1.61181E+01
  79   2.09500E+02  1.07734E+01                  205   9.75000E-01  1.61434E+01
  80   2.07400E+02  1.07834E+01                  206   9.50000E-01  1.61694E+01
  81   2.02000E+02  1.08098E+01                  207   9.25000E-01  1.61961E+01
  82   1.93000E+02  1.08554E+01                  208   9.00000E-01  1.62235E+01
  83   1.91500E+02  1.08632E+01                  209   8.50000E-01  1.62806E+01
  84   1.88500E+02  1.08790E+01                  210   8.00000E-01  1.63412E+01
  85   1.87700E+02  1.08833E+01                  211   7.50000E-01  1.64058E+01
  86   1.80000E+02  1.09251E+01                  212   7.00000E-01  1.64748E+01
  87   1.70000E+02  1.09823E+01                  213   6.50000E-01  1.65489E+01
  88   1.43000E+02  1.11553E+01                  214   6.25000E-01  1.65881E+01
  89   1.22000E+02  1.13141E+01                  215   6.00000E-01  1.66289E+01
  90   1.19000E+02  1.13390E+01                  216   5.50000E-01  1.67159E+01
  91   1.17500E+02  1.13517E+01                  217   5.00000E-01  1.68112E+01
  92   1.16000E+02  1.13645E+01                  218   4.50000E-01  1.69166E+01
  93   1.13000E+02  1.13907E+01                  219   4.00000E-01  1.70344E+01
  94   1.08000E+02  1.14360E+01                  220   3.75000E-01  1.70989E+01
  95   1.05000E+02  1.14641E+01                  221   3.50000E-01  1.71679E+01
  96   1.01200E+02  1.15010E+01                  222   3.25000E-01  1.72420E+01
  97   9.70000E+01  1.15434E+01                  223   3.00000E-01  1.73221E+01
  98   9.00000E+01  1.16183E+01                  224   2.75000E-01  1.74091E+01
  99   8.17000E+01  1.17150E+01                  225   2.50000E-01  1.75044E+01
 100   8.00000E+01  1.17361E+01                  226   2.25000E-01  1.76098E+01
 101   7.60000E+01  1.17874E+01                  227   2.00000E-01  1.77275E+01
 102   7.20000E+01  1.18414E+01                  228   1.75000E-01  1.78611E+01
 103   6.75000E+01  1.19060E+01                  229   1.50000E-01  1.80152E+01
 104   6.50000E+01  1.19437E+01                  230   1.25000E-01  1.81975E+01
 105   6.30000E+01  1.19750E+01                  231   1.00000E-01  1.84207E+01
 106   6.10000E+01  1.20072E+01                  232   9.00000E-02  1.85260E+01
 107   5.80000E+01  1.20577E+01                  233   8.00000E-02  1.86438E+01
 108   5.34000E+01  1.21403E+01                  234   7.00000E-02  1.87774E+01
 109   5.06000E+01  1.21941E+01                  235   6.00000E-02  1.89315E+01
 110   4.83000E+01  1.22407E+01                  236   5.00000E-02  1.91138E+01
 111   4.52000E+01  1.23070E+01                  237   4.00000E-02  1.93370E+01
 112   4.40000E+01  1.23339E+01                  238   3.00000E-02  1.96247E+01
 113   4.24000E+01  1.23709E+01                  239   2.53000E-02  1.97950E+01
 114   4.10000E+01  1.24045E+01                  240   1.00000E-02  2.07233E+01
 115   3.96000E+01  1.24393E+01                  241   7.50000E-03  2.10109E+01
 116   3.91000E+01  1.24520E+01                  242   5.00000E-03  2.14164E+01
 117   3.80000E+01  1.24805E+01                  243   4.00000E-03  2.16396E+01
 118   3.76300E+01  1.24903E+01                  244   3.00000E-03  2.19272E+01
 119   3.72700E+01  1.24999E+01                  245   2.50000E-03  2.21096E+01
 120   3.71300E+01  1.25037E+01                  246   2.00000E-03  2.23327E+01
 121   3.70000E+01  1.25072E+01                  247   1.50000E-03  2.26204E+01
 122   3.60000E+01  1.25346E+01                  248   1.20000E-03  2.28435E+01
 123   3.55000E+01  1.25486E+01                  249   1.00000E-03  2.30259E+01
 124   3.50000E+01  1.25627E+01                  250   7.50000E-04  2.33135E+01
 125   3.37500E+01  1.25991E+01                  251   5.00000E-04  2.37190E+01
 126   3.32500E+01  1.26140E+01                  252   1.00000E-04  2.53284E+01
                                                 253   1.00000E-05  2.76310E+01

1         ***************************
          ***************************
          ** Quadrature Parameters **
          ***************************
          ***************************

 Quadrature angles and weights for first quadrant:
 (  1 angles/quadrant for S- 2 quadrature.)

 Angle No.    Mu                  Eta                Weight       Angle in x-y   Elevation
                                                                 plane (degrees) (degrees)
    1    5.77350269D-01      5.77350269D-01      2.50000000D-01       45.00        35.26


1         **********************************
          **********************************
          ** Quadrature Reflection Angles **
          **********************************
          **********************************
                (Angles are in degrees)

        2 primary   (incoming) angles on each side.
        2 reflected (outgoing) angles on each side.

  Side No. (slope)   Direction No. Primary angle (slope/elevation) Reflecting Angle (slope/elevation)

      1  (   0.00)       1             1  (  45.00/  35.26)            4  ( -45.00/  35.26)
                         2             2  ( 135.00/  35.26)            3  (-135.00/  35.26)

      2  ( -90.00)       1             1  (  45.00/  35.26)            2  ( 135.00/  35.26)
                         2             4  ( -45.00/  35.26)            3  (-135.00/  35.26)

      3  (  90.00)       1             2  ( 135.00/  35.26)            1  (  45.00/  35.26)
                         2             3  (-135.00/  35.26)            4  ( -45.00/  35.26)

      4  ( 180.00)       1             3  (-135.00/  35.26)            2  ( 135.00/  35.26)
                         2             4  ( -45.00/  35.26)            1  (  45.00/  35.26)





 Scattering constants for first quadrant
 ( 3 moments for p-1 scattering)
 Angle       ------- Moment No. -------
  No.       0             1             2
    1    1.00000E+00  1.00000E+00 -7.07107E-01


1         **************************
          **************************
          **** Mixture Volumes *****
          **************************
          **************************


  Mixture       Volume        Volume
    ID     (cc/unit length)  Fraction
     0       0.00000E+00      0.00000E+00
     1       4.00000E-02      1.00000E+00
 Total       4.00000E-02      1.00000E+00


  Memory size of attenuation factors(MB)=      0.02



 =====================================================================================
   Outer iteration sweep begins.

 Outer  Eigen-  Eigenvalue Max Flux  Max Flux     Max Fuel  Max Fuel     Inners 
 It. #   value     Delta    Delta   Location(r,g)  Delta   Location(r,g) Cnvrged
 - - - - - - - - - - - - - - - - - - - - - - - - - - - - - - - - - - - - - - - - 
    1 1.00000   0.000E+00 4.540E+07 (    1,  1)   1.000E+00 (    1,  0)    F
    2 1.84488   4.580E-01 3.523E+04 (    1,  1)   4.580E-01 (    1,  0)    F
    3 1.73917   6.078E-02 3.523E+04 (    1,  1)   2.950E-02 (    1,  0)    F
    4 1.80333   3.558E-02 1.811E-02 (    1, 11)   1.811E-02 (    1,  0)    F
    5 1.74587   3.291E-02 1.619E-02 (    1, 11)   1.619E-02 (    1,  0)    F
    6 1.79359   2.661E-02 1.348E-02 (    1, 11)   1.348E-02 (    1,  0)    F
    7 1.75350   2.286E-02 1.130E-02 (    1, 11)   1.130E-02 (    1,  0)    F
    8 1.78713   1.882E-02 9.496E-03 (    1, 11)   9.497E-03 (    1,  0)    F
    9 1.75892   1.604E-02 7.953E-03 (    1, 11)   7.954E-03 (    1,  0)    F
   10 1.78258   1.327E-02 6.679E-03 (    1, 11)   6.680E-03 (    1,  0)    F
   11 1.76274   1.126E-02 5.595E-03 (    1, 11)   5.597E-03 (    1,  0)    F
   12 1.77938   9.352E-03 4.696E-03 (    1, 11)   4.698E-03 (    1,  0)    F
   13 1.76543   7.903E-03 3.935E-03 (    1, 11)   3.936E-03 (    1,  0)    F
   14 1.77713   6.583E-03 3.301E-03 (    1, 11)   3.302E-03 (    1,  0)    F
   15 1.76732   5.548E-03 2.765E-03 (    1, 11)   2.767E-03 (    1,  0)    F
   16 1.77554   4.628E-03 2.318E-03 (    1, 11)   2.320E-03 (    1,  0)    F
   17 1.76865   3.893E-03 1.941E-03 (    1, 11)   1.943E-03 (    1,  0)    F
   18 1.77442   3.250E-03 1.626E-03 (    1, 11)   1.628E-03 (    1,  0)    F
   19 1.76959   2.729E-03 1.361E-03 (    1, 11)   1.363E-03 (    1,  0)    F
   20 1.77363   2.279E-03 1.139E-03 (    1, 11)   1.141E-03 (    1,  0)    F
   21 1.77025   1.910E-03 9.527E-04 (    1, 11)   9.541E-04 (    1,  0)    F
   22 1.77308   1.594E-03 7.964E-04 (    1, 11)   7.978E-04 (    1,  0)    F
   23 1.77072   1.334E-03 6.650E-04 (    1, 11)   6.664E-04 (    1,  0)    F
   24 1.77269   1.112E-03 5.549E-04 (    1, 11)   5.562E-04 (    1,  0)    F
   25 1.77104   9.279E-04 4.624E-04 (    1, 11)   4.638E-04 (    1,  0)    F
   26 1.77241   7.721E-04 3.849E-04 (    1, 11)   3.862E-04 (    1,  0)    F
   27 1.77128   6.424E-04 3.197E-04 (    1, 11)   3.211E-04 (    1,  0)    F
   28 1.77222   5.328E-04 2.651E-04 (    1, 11)   2.665E-04 (    1,  0)    F
   29 1.77144   4.413E-04 2.193E-04 (    1, 11)   2.206E-04 (    1,  0)    F
   30 1.77208   3.643E-04 1.808E-04 (    1, 11)   1.822E-04 (    1,  0)    F
   31 1.77155   2.998E-04 1.486E-04 (    1, 11)   1.499E-04 (    1,  0)    F
   32 1.77199   2.456E-04 1.215E-04 (    1, 11)   1.228E-04 (    1,  0)    F
   33 1.77163   2.002E-04 9.872E-05 (    1, 11)   1.001E-04 (    1,  0)    F
   34 1.77192   1.620E-04 7.965E-05 (    1, 11)   8.100E-05 (    1,  0)    F
   35 1.77169   1.300E-04 6.365E-05 (    1, 11)   6.499E-05 (    1,  0)    F
   36 1.77187   1.031E-04 5.022E-05 (    1, 11)   5.156E-05 (    1,  0)    F
   37 1.77173   8.057E-05 3.894E-05 (    1, 11)   4.028E-05 (    1,  0)    F
   38 1.77184   6.163E-05 2.949E-05 (    1, 11)   3.082E-05 (    1,  0)    F
   39 1.77176   4.577E-05 2.155E-05 (    1, 11)   2.288E-05 (    1,  0)    F
   40 1.77182   3.245E-05 1.489E-05 (    1, 11)   1.623E-05 (    1,  0)    F
   41 1.77178   2.127E-05 9.311E-06 (    1, 11)   1.064E-05 (    1,  0)    F
   42 1.77180   1.190E-05 4.618E-06 (    1, 11)   5.949E-06 (    1,  0)    F
   43 1.77179   4.041E-06 1.390E-06 (    1,  4)   2.020E-06 (    1,  0)    F
   44 1.77179   3.546E-08 1.028E-07 (    1,233)   2.207E-08 (    1,  0)    F
   45 1.77179   4.086E-08 5.026E-08 (    1,233)   4.086E-08 (    1,  0)    F
 k-eff =       1.77179125     



   Four-Factor Estimate of k-infinity.  Fast/Thermal boundary:   0.6250 eV
      Fiss. neutrons/thermal abs. (eta):          2.033492
      Thermal utilization (f):                    1.000000
      Resonance Escape probability (p):           0.441424
      Fast-fission factor (epsilon):              1.973850
                                            --------------
      Infinite neutron multiplication             1.771792


   Alternate 3-Group Formulation Terms. 
   Fast/Res. boundary:   0.8210 MeV.  Res./Therm. boundary:   0.6250eV
      Fiss. neutrons/thermal abs. (eta):          2.033492
      Thermal utilization (f):                    1.000000
      Resonance Escape probability (p):           0.454959
      Fast Escape probability (pf):               0.970250
      Fast-fission factor (epsilon):              1.973850




 Critical Spectra Calculated with the B1 Method
 Input buckling of  0.00000E+00 gives a corresponding k-eff of  1.77179E+00
 Equivalent core height is infinite.

  Group   Upper      Critical   Inf.Med.   Critical   Inf.Med.  
   No    Energy(eV)   Flux       Flux      Adj.Flux   Adj.Flux  

     1  2.0000E+07  0.000E+00  0.000E+00  1.044E-03  1.044E-03
     2  1.7330E+07  0.000E+00  0.000E+00  1.443E-03  1.443E-03
     3  1.5680E+07  7.730E-10  7.730E-10  1.852E-03  1.852E-03
     4  1.4550E+07  2.088E-07  2.088E-07  2.721E-03  2.721E-03
     5  1.3840E+07  3.900E-05  3.900E-05  1.781E-03  1.781E-03
     6  1.2840E+07  2.614E-04  2.614E-04  5.196E-04  5.196E-04
     7  1.0000E+07  1.032E-03  1.032E-03  6.600E-04  6.600E-04
     8  8.1870E+06  3.113E-03  3.113E-03  5.443E-04  5.443E-04
     9  6.4340E+06  7.456E-03  7.456E-03  4.402E-04  4.402E-04
    10  4.8000E+06  1.108E-02  1.108E-02  1.180E-03  1.180E-03
    11  4.3040E+06  1.515E-02  1.515E-02  3.581E-04  3.581E-04
    12  3.0000E+06  2.174E-02  2.174E-02  6.766E-04  6.766E-04
    13  2.4790E+06  2.398E-02  2.398E-02  2.489E-03  2.489E-03
    14  2.3540E+06  2.101E-02  2.101E-02  5.330E-04  5.330E-04
    15  1.8500E+06  2.035E-02  2.035E-02  6.099E-04  6.099E-04
    16  1.5000E+06  2.049E-02  2.049E-02  1.850E-03  1.850E-03
    17  1.4000E+06  1.974E-02  1.974E-02  3.994E-03  3.994E-03
    18  1.3560E+06  1.717E-02  1.717E-02  4.368E-03  4.368E-03
    19  1.3170E+06  1.858E-02  1.858E-02  2.440E-03  2.440E-03
    20  1.2500E+06  1.984E-02  1.984E-02  3.120E-03  3.120E-03
    21  1.2000E+06  1.814E-02  1.814E-02  1.463E-03  1.463E-03
    22  1.1000E+06  1.514E-02  1.514E-02  1.490E-03  1.490E-03
    23  1.0100E+06  1.477E-02  1.477E-02  1.362E-03  1.362E-03
    24  9.2000E+05  1.643E-02  1.643E-02  5.780E-03  5.780E-03
    25  9.0000E+05  1.697E-02  1.697E-02  4.509E-03  4.509E-03
    26  8.7500E+05  1.757E-02  1.757E-02  7.932E-03  7.932E-03
    27  8.6110E+05  1.859E-02  1.859E-02  2.596E-03  2.596E-03
    28  8.2000E+05  1.884E-02  1.884E-02  1.423E-03  1.423E-03
    29  7.5000E+05  1.649E-02  1.649E-02  1.276E-03  1.276E-03
    30  6.7900E+05  1.566E-02  1.566E-02  9.506E-03  9.506E-03
    31  6.7000E+05  1.501E-02  1.501E-02  1.149E-03  1.149E-03
    32  6.0000E+05  1.425E-02  1.425E-02  2.753E-03  2.753E-03
    33  5.7300E+05  1.385E-02  1.385E-02  3.094E-03  3.094E-03
    34  5.5000E+05  1.314E-02  1.314E-02  1.137E-03  1.137E-03
    35  4.9200E+05  1.192E-02  1.192E-02  2.769E-03  2.769E-03
    36  4.7000E+05  9.982E-03  9.982E-03  1.920E-03  1.920E-03
    37  4.4000E+05  8.492E-03  8.492E-03  2.721E-03  2.721E-03
    38  4.2000E+05  1.015E-02  1.015E-02  2.594E-03  2.594E-03
    39  4.0000E+05  1.079E-02  1.079E-02  6.579E-04  6.579E-04
    40  3.3000E+05  1.033E-02  1.033E-02  6.303E-04  6.303E-04
    41  2.7000E+05  8.704E-03  8.704E-03  4.213E-04  4.213E-04
    42  2.0000E+05  7.507E-03  7.507E-03  4.292E-04  4.292E-04
    43  1.4900E+05  6.802E-03  6.802E-03  8.444E-04  8.444E-04
    44  1.2830E+05  6.272E-03  6.272E-03  5.067E-04  5.067E-04
    45  1.0000E+05  5.840E-03  5.840E-03  7.767E-04  7.767E-04
    46  8.5000E+04  5.650E-03  5.650E-03  3.513E-03  3.513E-03
    47  8.2000E+04  5.538E-03  5.538E-03  1.414E-03  1.414E-03
    48  7.5000E+04  5.434E-03  5.434E-03  4.669E-03  4.669E-03
    49  7.3000E+04  5.256E-03  5.256E-03  6.435E-04  6.435E-04
    50  6.0000E+04  5.019E-03  5.019E-03  8.817E-04  8.817E-04
    51  5.2000E+04  4.905E-03  4.905E-03  3.217E-03  3.217E-03
    52  5.0000E+04  4.820E-03  4.820E-03  1.197E-03  1.197E-03
    53  4.5000E+04  4.563E-03  4.563E-03  3.111E-04  3.111E-04
    54  3.0000E+04  4.262E-03  4.262E-03  3.111E-04  3.111E-04
    55  2.0000E+04  4.115E-03  4.115E-03  7.761E-04  7.761E-04
    56  1.7000E+04  4.027E-03  4.027E-03  4.702E-04  4.702E-04
    57  1.3000E+04  3.924E-03  3.924E-03  4.021E-04  4.021E-04
    58  9.5000E+03  3.853E-03  3.853E-03  7.500E-04  7.500E-04
    59  8.0300E+03  3.796E-03  3.796E-03  3.680E-04  3.680E-04
    60  5.7000E+03  3.724E-03  3.724E-03  3.325E-04  3.325E-04
    61  3.9000E+03  3.681E-03  3.681E-03  3.011E-03  3.011E-03
    62  3.7400E+03  3.665E-03  3.665E-03  5.721E-04  5.721E-04
    63  3.0000E+03  3.635E-03  3.635E-03  6.917E-04  6.917E-04
    64  2.5000E+03  3.608E-03  3.608E-03  1.197E-03  1.197E-03
    65  2.2500E+03  3.592E-03  3.592E-03  5.587E-03  5.587E-03
    66  2.2000E+03  3.580E-03  3.580E-03  6.267E-04  6.267E-04
    67  1.8000E+03  3.552E-03  3.552E-03  8.424E-04  8.424E-04
    68  1.5500E+03  3.550E-03  3.550E-03  3.839E-03  3.839E-03
    69  1.5000E+03  3.514E-03  3.514E-03  4.745E-04  4.745E-04
    70  1.1500E+03  3.474E-03  3.474E-03  6.585E-04  6.585E-04
    71  9.5000E+02  3.431E-03  3.431E-03  3.821E-04  3.821E-04
    72  6.8300E+02  3.346E-03  3.346E-03  6.601E-03  6.601E-03
    73  6.7000E+02  3.371E-03  3.371E-03  6.400E-04  6.400E-04
    74  5.5000E+02  3.293E-03  3.293E-03  2.144E-04  2.144E-04
    75  3.0500E+02  3.255E-03  3.255E-03  1.867E-03  1.867E-03
    76  2.8500E+02  3.159E-03  3.159E-03  7.385E-04  7.385E-04
    77  2.4000E+02  3.069E-03  3.069E-03  1.441E-03  1.441E-03
    78  2.2000E+02  3.127E-03  3.127E-03  2.581E-03  2.581E-03
    79  2.0950E+02  2.896E-03  2.896E-03  1.189E-02  1.189E-02
    80  2.0740E+02  3.213E-03  3.213E-03  4.807E-03  4.807E-03
    81  2.0200E+02  3.080E-03  3.080E-03  2.784E-03  2.784E-03
    82  1.9300E+02  2.903E-03  2.903E-03  1.597E-02  1.597E-02
    83  1.9150E+02  2.703E-03  2.703E-03  7.762E-03  7.762E-03
    84  1.8850E+02  3.823E-03  3.823E-03  2.984E-02  2.984E-02
    85  1.8770E+02  3.221E-03  3.221E-03  3.017E-03  3.017E-03
    86  1.8000E+02  3.040E-03  3.040E-03  2.209E-03  2.209E-03
    87  1.7000E+02  3.044E-03  3.044E-03  7.291E-04  7.291E-04
    88  1.4300E+02  2.962E-03  2.962E-03  7.958E-04  7.958E-04
    89  1.2200E+02  2.991E-03  2.991E-03  5.139E-03  5.139E-03
    90  1.1900E+02  2.827E-03  2.827E-03  1.000E-02  1.000E-02
    91  1.1750E+02  2.698E-03  2.698E-03  9.330E-03  9.330E-03
    92  1.1600E+02  3.068E-03  3.068E-03  4.872E-03  4.872E-03
    93  1.1300E+02  3.005E-03  3.005E-03  2.764E-03  2.764E-03
    94  1.0800E+02  2.882E-03  2.882E-03  4.436E-03  4.436E-03
    95  1.0500E+02  2.788E-03  2.788E-03  3.325E-03  3.325E-03
    96  1.0120E+02  3.045E-03  3.045E-03  3.012E-03  3.012E-03
    97  9.7000E+01  2.825E-03  2.825E-03  1.659E-03  1.659E-03
    98  9.0000E+01  2.857E-03  2.857E-03  1.329E-03  1.329E-03
    99  8.1700E+01  2.859E-03  2.859E-03  6.003E-03  6.003E-03
   100  8.0000E+01  2.934E-03  2.934E-03  2.499E-03  2.499E-03
   101  7.6000E+01  2.772E-03  2.772E-03  2.376E-03  2.376E-03
   102  7.2000E+01  2.827E-03  2.827E-03  1.997E-03  1.997E-03
   103  6.7500E+01  2.756E-03  2.756E-03  3.179E-03  3.179E-03
   104  6.5000E+01  2.846E-03  2.846E-03  4.047E-03  4.047E-03
   105  6.3000E+01  2.905E-03  2.905E-03  4.012E-03  4.012E-03
   106  6.1000E+01  2.734E-03  2.734E-03  2.555E-03  2.555E-03
   107  5.8000E+01  2.516E-03  2.516E-03  1.547E-03  1.547E-03
   108  5.3400E+01  2.489E-03  2.489E-03  2.414E-03  2.414E-03
   109  5.0600E+01  2.561E-03  2.561E-03  2.685E-03  2.685E-03
   110  4.8300E+01  2.637E-03  2.637E-03  1.933E-03  1.933E-03
   111  4.5200E+01  2.565E-03  2.565E-03  4.826E-03  4.826E-03
   112  4.4000E+01  2.625E-03  2.625E-03  3.375E-03  3.375E-03
   113  4.2400E+01  2.464E-03  2.464E-03  3.687E-03  3.687E-03
   114  4.1000E+01  2.629E-03  2.629E-03  3.712E-03  3.712E-03
   115  3.9600E+01  1.998E-03  1.998E-03  9.554E-03  9.554E-03
   116  3.9100E+01  2.685E-03  2.685E-03  4.527E-03  4.527E-03
   117  3.8000E+01  2.720E-03  2.720E-03  1.323E-02  1.323E-02
   118  3.7630E+01  2.707E-03  2.707E-03  1.333E-02  1.333E-02
   119  3.7270E+01  2.643E-03  2.643E-03  3.340E-02  3.340E-02
   120  3.7130E+01  2.435E-03  2.435E-03  3.428E-02  3.428E-02
   121  3.7000E+01  2.142E-03  2.142E-03  3.837E-03  3.837E-03
   122  3.6000E+01  2.594E-03  2.594E-03  9.390E-03  9.390E-03
   123  3.5500E+01  1.548E-03  1.548E-03  9.065E-03  9.065E-03
   124  3.5000E+01  2.059E-03  2.059E-03  3.399E-03  3.399E-03
   125  3.3750E+01  1.964E-03  1.964E-03  7.674E-03  7.674E-03
   126  3.3250E+01  2.399E-03  2.399E-03  2.759E-03  2.759E-03
   127  3.1750E+01  2.637E-03  2.637E-03  8.205E-03  8.205E-03
   128  3.1250E+01  2.509E-03  2.509E-03  3.123E-03  3.123E-03
   129  3.0000E+01  2.535E-03  2.535E-03  1.498E-03  1.498E-03
   130  2.7500E+01  2.445E-03  2.445E-03  1.392E-03  1.392E-03
   131  2.5000E+01  2.251E-03  2.251E-03  1.196E-03  1.196E-03
   132  2.2500E+01  2.577E-03  2.577E-03  3.856E-03  3.856E-03
   133  2.1750E+01  2.415E-03  2.415E-03  4.920E-03  4.920E-03
   134  2.1200E+01  1.465E-03  1.465E-03  2.683E-03  2.683E-03
   135  2.0500E+01  2.438E-03  2.438E-03  5.316E-03  5.316E-03
   136  2.0000E+01  2.115E-03  2.115E-03  4.272E-03  4.272E-03
   137  1.9400E+01  1.840E-03  1.840E-03  2.675E-03  2.675E-03
   138  1.8500E+01  2.348E-03  2.348E-03  1.584E-03  1.584E-03
   139  1.7000E+01  2.196E-03  2.196E-03  2.136E-03  2.136E-03
   140  1.6000E+01  2.289E-03  2.289E-03  1.244E-03  1.244E-03
   141  1.4400E+01  2.214E-03  2.214E-03  1.232E-03  1.232E-03
   142  1.2900E+01  1.851E-03  1.851E-03  1.510E-03  1.510E-03
   143  1.1900E+01  1.655E-03  1.655E-03  3.034E-03  3.034E-03
   144  1.1500E+01  2.226E-03  2.226E-03  9.740E-04  9.740E-04
   145  1.0000E+01  2.051E-03  2.051E-03  1.446E-03  1.446E-03
   146  9.1000E+00  1.677E-03  1.677E-03  1.153E-03  1.153E-03
   147  8.1000E+00  2.158E-03  2.158E-03  1.077E-03  1.077E-03
   148  7.1500E+00  1.690E-03  1.690E-03  5.762E-03  5.762E-03
   149  7.0000E+00  1.987E-03  1.987E-03  7.193E-03  7.193E-03
   150  6.8750E+00  1.780E-03  1.780E-03  6.153E-03  6.153E-03
   151  6.7500E+00  1.177E-03  1.177E-03  2.049E-03  2.049E-03
   152  6.5000E+00  1.324E-03  1.324E-03  2.679E-03  2.679E-03
   153  6.2500E+00  1.868E-03  1.868E-03  3.409E-03  3.409E-03
   154  6.0000E+00  2.002E-03  2.002E-03  1.353E-03  1.353E-03
   155  5.4000E+00  2.037E-03  2.037E-03  1.847E-03  1.847E-03
   156  5.0000E+00  1.833E-03  1.833E-03  2.061E-03  2.061E-03
   157  4.7000E+00  2.096E-03  2.096E-03  1.051E-03  1.051E-03
   158  4.1000E+00  2.077E-03  2.077E-03  1.513E-03  1.513E-03
   159  3.7300E+00  1.784E-03  1.784E-03  2.175E-03  2.175E-03
   160  3.5000E+00  1.963E-03  1.963E-03  1.608E-03  1.608E-03
   161  3.2000E+00  1.849E-03  1.849E-03  4.520E-03  4.520E-03
   162  3.1000E+00  1.938E-03  1.938E-03  4.418E-03  4.418E-03
   163  3.0000E+00  2.016E-03  2.016E-03  1.446E-02  1.446E-02
   164  2.9700E+00  2.014E-03  2.014E-03  4.242E-03  4.242E-03
   165  2.8700E+00  2.026E-03  2.026E-03  4.088E-03  4.088E-03
   166  2.7700E+00  2.043E-03  2.043E-03  3.936E-03  3.936E-03
   167  2.6700E+00  2.048E-03  2.048E-03  3.796E-03  3.796E-03
   168  2.5700E+00  2.048E-03  2.048E-03  3.655E-03  3.655E-03
   169  2.4700E+00  2.047E-03  2.047E-03  3.910E-03  3.910E-03
   170  2.3800E+00  2.045E-03  2.045E-03  4.243E-03  4.243E-03
   171  2.3000E+00  2.042E-03  2.042E-03  3.630E-03  3.630E-03
   172  2.2100E+00  2.025E-03  2.025E-03  3.466E-03  3.466E-03
   173  2.1200E+00  1.878E-03  1.878E-03  2.349E-03  2.349E-03
   174  2.0000E+00  1.946E-03  1.946E-03  4.641E-03  4.641E-03
   175  1.9400E+00  2.011E-03  2.011E-03  3.448E-03  3.448E-03
   176  1.8600E+00  2.023E-03  2.023E-03  2.942E-03  2.942E-03
   177  1.7700E+00  2.026E-03  2.026E-03  2.799E-03  2.799E-03
   178  1.6800E+00  2.027E-03  2.027E-03  2.653E-03  2.653E-03
   179  1.5900E+00  2.027E-03  2.027E-03  2.506E-03  2.506E-03
   180  1.5000E+00  2.024E-03  2.024E-03  4.303E-03  4.303E-03
   181  1.4500E+00  2.018E-03  2.018E-03  4.153E-03  4.153E-03
   182  1.4000E+00  2.005E-03  2.005E-03  4.001E-03  4.001E-03
   183  1.3500E+00  1.983E-03  1.983E-03  3.842E-03  3.842E-03
   184  1.3000E+00  1.945E-03  1.945E-03  3.680E-03  3.680E-03
   185  1.2500E+00  1.881E-03  1.881E-03  7.123E-03  7.123E-03
   186  1.2250E+00  1.811E-03  1.811E-03  6.967E-03  6.967E-03
   187  1.2000E+00  1.731E-03  1.731E-03  6.820E-03  6.820E-03
   188  1.1750E+00  1.661E-03  1.661E-03  6.689E-03  6.689E-03
   189  1.1500E+00  1.629E-03  1.629E-03  1.652E-02  1.652E-02
   190  1.1400E+00  1.620E-03  1.620E-03  1.641E-02  1.641E-02
   191  1.1300E+00  1.617E-03  1.617E-03  1.631E-02  1.631E-02
   192  1.1200E+00  1.621E-03  1.621E-03  1.620E-02  1.620E-02
   193  1.1100E+00  1.629E-03  1.629E-03  1.609E-02  1.609E-02
   194  1.1000E+00  1.640E-03  1.640E-03  1.598E-02  1.598E-02
   195  1.0900E+00  1.653E-03  1.653E-03  1.587E-02  1.587E-02
   196  1.0800E+00  1.668E-03  1.668E-03  1.575E-02  1.575E-02
   197  1.0700E+00  1.682E-03  1.682E-03  1.563E-02  1.563E-02
   198  1.0600E+00  1.696E-03  1.696E-03  1.551E-02  1.551E-02
   199  1.0500E+00  1.709E-03  1.709E-03  1.538E-02  1.538E-02
   200  1.0400E+00  1.721E-03  1.721E-03  1.524E-02  1.524E-02
   201  1.0300E+00  1.732E-03  1.732E-03  1.511E-02  1.511E-02
   202  1.0200E+00  1.742E-03  1.742E-03  1.497E-02  1.497E-02
   203  1.0100E+00  1.751E-03  1.751E-03  1.483E-02  1.483E-02
   204  1.0000E+00  1.764E-03  1.764E-03  5.833E-03  5.833E-03
   205  9.7500E-01  1.778E-03  1.778E-03  5.690E-03  5.690E-03
   206  9.5000E-01  1.788E-03  1.788E-03  5.544E-03  5.544E-03
   207  9.2500E-01  1.796E-03  1.796E-03  5.398E-03  5.398E-03
   208  9.0000E-01  1.803E-03  1.803E-03  2.588E-03  2.588E-03
   209  8.5000E-01  1.809E-03  1.809E-03  2.440E-03  2.440E-03
   210  8.0000E-01  1.809E-03  1.809E-03  2.292E-03  2.292E-03
   211  7.5000E-01  1.805E-03  1.805E-03  2.144E-03  2.144E-03
   212  7.0000E-01  1.794E-03  1.794E-03  1.995E-03  1.995E-03
   213  6.5000E-01  1.784E-03  1.784E-03  3.769E-03  3.769E-03
   214  6.2500E-01  1.775E-03  1.775E-03  3.621E-03  3.621E-03
   215  6.0000E-01  1.757E-03  1.757E-03  1.698E-03  1.698E-03
   216  5.5000E-01  1.725E-03  1.725E-03  1.549E-03  1.549E-03
   217  5.0000E-01  1.674E-03  1.674E-03  1.400E-03  1.400E-03
   218  4.5000E-01  1.597E-03  1.597E-03  1.250E-03  1.250E-03
   219  4.0000E-01  1.520E-03  1.520E-03  2.275E-03  2.275E-03
   220  3.7500E-01  1.454E-03  1.454E-03  2.122E-03  2.122E-03
   221  3.5000E-01  1.384E-03  1.384E-03  1.968E-03  1.968E-03
   222  3.2500E-01  1.320E-03  1.320E-03  1.814E-03  1.814E-03
   223  3.0000E-01  1.281E-03  1.281E-03  1.662E-03  1.662E-03
   224  2.7500E-01  1.273E-03  1.273E-03  1.516E-03  1.516E-03
   225  2.5000E-01  1.283E-03  1.283E-03  1.375E-03  1.375E-03
   226  2.2500E-01  1.287E-03  1.287E-03  1.235E-03  1.235E-03
   227  2.0000E-01  1.268E-03  1.268E-03  1.094E-03  1.094E-03
   228  1.7500E-01  1.217E-03  1.217E-03  9.522E-04  9.522E-04
   229  1.5000E-01  1.123E-03  1.123E-03  8.082E-04  8.082E-04
   230  1.2500E-01  9.789E-04  9.789E-04  6.626E-04  6.626E-04
   231  1.0000E-01  8.488E-04  8.488E-04  1.406E-03  1.406E-03
   232  9.0000E-02  7.578E-04  7.578E-04  1.259E-03  1.259E-03
   233  8.0000E-02  6.584E-04  6.584E-04  1.112E-03  1.112E-03
   234  7.0000E-02  5.518E-04  5.518E-04  9.636E-04  9.636E-04
   235  6.0000E-02  4.402E-04  4.402E-04  8.151E-04  8.151E-04
   236  5.0000E-02  3.274E-04  3.274E-04  6.660E-04  6.660E-04
   237  4.0000E-02  2.189E-04  2.189E-04  5.163E-04  5.163E-04
   238  3.0000E-02  1.478E-04  1.478E-04  8.707E-04  8.707E-04
   239  2.5300E-02  6.163E-05  6.163E-05  1.594E-04  1.594E-04
   240  1.0000E-02  1.772E-05  1.772E-05  5.121E-04  5.121E-04
   241  7.5000E-03  9.178E-06  9.178E-06  3.629E-04  3.629E-04
   242  5.0000E-03  4.886E-06  4.886E-06  6.589E-04  6.589E-04
   243  4.0000E-03  2.977E-06  2.977E-06  5.108E-04  5.108E-04
   244  3.0000E-03  1.856E-06  1.856E-06  8.058E-04  8.058E-04
   245  2.5000E-03  1.244E-06  1.244E-06  6.583E-04  6.583E-04
   246  2.0000E-03  7.504E-07  7.504E-07  5.105E-04  5.105E-04
   247  1.5000E-03  4.465E-07  4.465E-07  6.581E-04  6.581E-04
   248  1.2000E-03  2.950E-07  2.950E-07  8.054E-04  8.054E-04
   249  1.0000E-03  1.832E-07  1.832E-07  5.104E-04  5.104E-04
   250  7.5000E-04  8.911E-08  8.911E-08  3.621E-04  3.621E-04
   251  5.0000E-04  1.425E-08  1.425E-08  9.123E-05  9.123E-05
   252  1.0000E-04  3.253E-10  3.253E-10  6.376E-05  6.376E-05

 NOTE: Flux values above are per unit-lethargy.



  Zone data

      Zone   Mix    Relative     Relative         Zone
       No.   No.      Flux     Fission Power     Volume
     -----------------------------------------------------------------
         1     1   1.00000E+00   1.00000E+00   4.00000E-02



module xsproc is finished. completion code 0.
Sequence T-Newt is finished. completion code 0.

    SCALE is finished on Mon Jan 23 01:36:23 2023.
-------------------------- Summary --------------------------
t-newt finished. used 34.2951 seconds.
SCALE driver required a maximum of 1266 MiB of RAM.
------------------------ End Summary ------------------------

fluxplot_252g.ps copied to /home/ondrejch/scale/rt/HW2-4/enr086/2_4.fluxplot_252g.ps.
