 *******************************************************************************
 *                                                                             *
 *                                 SCALE 6.2.3                                 *
 *                                -------------                                *
 *                                January 2023                                 *
 *                                                                             *
 *           SCALE:  A Comprehensive Modeling and Simulation Suite             *
 *                   for Nuclear Safety Analysis and Design                    *
 *                                                                             *
 *                      Reactor and Nuclear Systems Division                   *
 *                        Oak Ridge National Laboratory                        *
 *                                                                             *
 *                           http://scale.ornl.gov                             *
 *                            scalehelp@ornl.gov                               *
 *                                                                             *
 *******************************************************************************
 *******************************************************************************
      
                  Job Information
                  ---------------
      Job started on node71 on Mon 23/01/2023 01:35:45
      Working directory: /tmp/scale.ondrejch.963119
      Input file name  : /home/ondrejch/scale/rt/HW2-4/enr075/2_4
      Output file name : /home/ondrejch/scale/rt/HW2-4/enr075/2_4.out
      SCALE executable : /opt/scale6.2.3/bin/../bin/scale
      
 *******************************************************************************


    module t-newt will be called on Mon Jan 23 01:35:48 2023.
    sequence specification record:=t-newt
Input Data:

      SCALE Materials HW2 problem 4
      v7-252
      read comp
          uo2       1                                  0.10        550 92235 75.0 92238 25.0 end
          h2o       1 den=0.7561                       0.8999      550 end
          atomboh3  1     1.44 3  5000 1 8000 3 1000 3 0.0001      550 5010 70 5011 30 end
      end comp
      read model
      read parm
        prtflux=yes inners=1000  cmfd=no epsilon=1e-6 sn=2 epsinner=1e-8
      end parm
      read materials
        mix=1 end
      end materials
      read geometry
          global unit 1
          cuboid    1  0.1 -0.1 0.1 -0.1
          media 1 1 1
          boundary 1  1 1
      end geometry
      read bounds
          all=refl
      end bounds
      end model
end




************************************************************************************************************************************
************************************************************************************************************************************
************************************************************************************************************************************
*****                                                                                                                          *****
*****                                             program verification information                                             *****
*****                                                                                                                          *****
*****                                           code system: SCALE   version: 6.2.0                                            *****
*****                                                                                                                          *****
************************************************************************************************************************************
************************************************************************************************************************************
*****                                                                                                                          *****
*****                                                                                                                          *****
*****                      program:  t-newt                                                                                    *****
*****                                                                                                                          *****
*****                      version:  6.2.3 (602003)                                                                            *****
*****                                                                                                                          *****
*****                     username:  ondrejch                                                                                  *****
*****                                                                                                                          *****
*****                     hostname:  node71                                                                                    *****
*****                                                                                                                          *****
*****                                                                                                                          *****
*****            date of execution:  2023-01-23                                                                                *****
*****                                                                                                                          *****
*****            time of execution:  01:35:48                                                                                  *****
*****                                                                                                                          *****
************************************************************************************************************************************
************************************************************************************************************************************
************************************************************************************************************************************



***Warning: Nuclide 8018 is missing cross sections. Introducing zero cross sections.
------------------------------------------------------------------------------------------------------------------------------------

                          NEWT calculation started at  1:36: 3 on  1/23/2023                              

------------------------------------------------------------------------------------------------------------------------------------



1         ***********************
          ***********************
          **  Control Options  **
          ***********************
          ***********************

 Run problem to completion/test input only          run=           yes
 Weighted cross-section collapse/do not collapse    collapse=       no
 Source acceleration on/off                         accel=         yes
 Restart from earlier case/begin new case           restart=        no
 CMFD acceleration (0/1/2/3 = no/rect/yes/part)     cmfd=          0
 Number of fine mesh base grid/coarse grid in X     xcmfd=           1
 Number of fine mesh base grid/coarse grid in Y     ycmfd=           1
 CMFD Multigroup solution only (no 2g)              cmfd2g=         no
 Create restart file upon completion                savrest=       yes
 Calculation type:                                  eigenvalue                      
 Forward/adjoint solution                           forward=       yes

1         **********************
          **********************
          **  Output Options  **
          **********************
          **********************

 Print micro. cross-sections for problem nuclides   prtxsec=        no
 Print macro. cross-sections for mixtures           prtmxsec=       no
 Print balance table                                prtbalnc=       no
 Print mixing table                                 prtmxtab=       no
 Print postscript graphics file for fluxes          prtflux=       yes
 Print postscript grid/mixture geometry graphics    drawit=         no
 Print broad-group fluxes                           prtbroad=       no
 Echo convergence tracking data to std. output      echo=           no

1         ***************************
          ***************************
          ** I/O Unit Assignments  **
          ***************************
          ***************************

 Unit no. for mixing table                          mixtab=         92
 Unit no. of working library                        xnlib=           4
 Unit no. for weighted broad-group library          wtdlib=         30
 Unit no. for homogenized macroscopic x-sect. lib.  hmoglib=        13

1         *************************
          *************************
          ** Convergence Control **
          *************************
          *************************

 Quadrature order                                   sn=              2
 Maximum no. of inner itrs./outer/energy group      inners=       1000
 Maximum no. of outer energy groups                 outers=          250
 Performing thermal group subouter iterations       therm=         yes
 Maximum no. of thermal group subouter itrs./outer  suboutrs=        2
 Convergence criterion on inner iterations          epsinner= 1.00E-08
 Convergence criterion on subouter iterations       epsthrm=  1.00E-06
 Convergence criterion on outer iterations          epsouter= 1.00E-06
 Convergence criterion on eigenvalue                epseigen= 1.00E-06
 First guess for eigenvalue (k-eff)                 kguess=       1.000

1         *****************************
          *****************************
          ** Geometry Specifications **
          *****************************
          *****************************

 Left side x-coordinate                             xmin= -1.00000E-01
 Right side x-coordinate                            xmax=  1.00000E-01
 Bottom side y-coordinate                           ymin= -1.00000E-01
 Top side y-coordinate                              ymax=  1.00000E-01
 Number of subdivisions in x direction              nx=              1
 Number of subdivisions in y direction              ny=              1

 Boundary Conditions (0/1/2/3=vacuum/reflective/white/periodic):
 Left (West)          wbc=         1
 Right (East)         ebc=         1
 Bottom (South)       sbc=         1
 Top (North)          nbc=         1

  Body Characteristics.  Rotation angle in degrees counterclockwise.
  Size parameters. cyl: A=radius, B=no. of sides. cub: A=width, B=height. hex: A(B)=major(minor) radius.
  Body  Input  Zone    Subdiv      --Center--      Size Parameters   Rotation   Chord
  Type  Unit   Number  nx  ny      x        y        A        B      Angle      Information
  ----  -----  -----  --- ---   ------   ------    -----    ------   --------   -----------
 cub     1     1       0   0    0.000    0.000    0.200    0.200    0.000

1         *****************************
          *****************************
          ** Material Specifications **
          *****************************
          *****************************

 Mat'l No.   SCALE ID   Pn order   External source ID   Description (if any)
    1          1           1               0           

1         ************************
          ************************
          ** Derived Parameters **
          ************************
          ************************

 Total number of energy groups                      numen=         252
 Number of neutron groups                           igm=           252
 Number of gamma groups                             ipm=             0
 First thermal energy group                         iftg=          156
 Mixing table length                                nmix=             9
 Number of mixtures created                         nummat=          2
 Number of computational cells                      numcells=        1
 Number of computational surfaces (sides)           numlines=        4
 Combine small grid cells together                  combine=no
 Average number of sides/cell                       avnosides=     4.00
 Minimum number of sides/cell                       mnnosides=       0
 Maximum number of sides/cell                       mxnosides=       4
 Number of angles in quadrature set                 ndir=            4
 Maximum order of Legendre scattering               maxpn=           1
 Number of flux moments                             nmom             3

1         *****************************
          *****************************
          ** Energy Group Structures **
          *****************************
          *****************************

 Energy   Energy      Lethargy        
 Group  Boundaries   Boundaries       
  No.      (eV)                      
   1   2.00000E+07 -6.93147E-01                  127   3.17500E+01  1.26602E+01
   2   1.73300E+07 -5.49854E-01                  128   3.12500E+01  1.26761E+01
   3   1.56800E+07 -4.49801E-01                  129   3.00000E+01  1.27169E+01
   4   1.45500E+07 -3.75006E-01                  130   2.75000E+01  1.28039E+01
   5   1.38400E+07 -3.24978E-01                  131   2.50000E+01  1.28992E+01
   6   1.28400E+07 -2.49980E-01                  132   2.25000E+01  1.30046E+01
   7   1.00000E+07  0.00000E+00                  133   2.17500E+01  1.30385E+01
   8   8.18700E+06  2.00038E-01                  134   2.12000E+01  1.30641E+01
   9   6.43400E+06  4.40989E-01                  135   2.05000E+01  1.30977E+01
  10   4.80000E+06  7.33969E-01                  136   2.00000E+01  1.31224E+01
  11   4.30400E+06  8.43040E-01                  137   1.94000E+01  1.31528E+01
  12   3.00000E+06  1.20397E+00                  138   1.85000E+01  1.32003E+01
  13   2.47900E+06  1.39473E+00                  139   1.70000E+01  1.32849E+01
  14   2.35400E+06  1.44647E+00                  140   1.60000E+01  1.33455E+01
  15   1.85000E+06  1.68740E+00                  141   1.44000E+01  1.34509E+01
  16   1.50000E+06  1.89712E+00                  142   1.29000E+01  1.35609E+01
  17   1.40000E+06  1.96611E+00                  143   1.19000E+01  1.36416E+01
  18   1.35600E+06  1.99805E+00                  144   1.15000E+01  1.36757E+01
  19   1.31700E+06  2.02723E+00                  145   1.00000E+01  1.38155E+01
  20   1.25000E+06  2.07944E+00                  146   9.10000E+00  1.39098E+01
  21   1.20000E+06  2.12026E+00                  147   8.10000E+00  1.40262E+01
  22   1.10000E+06  2.20727E+00                  148   7.15000E+00  1.41510E+01
  23   1.01000E+06  2.29263E+00                  149   7.00000E+00  1.41722E+01
  24   9.20000E+05  2.38597E+00                  150   6.87500E+00  1.41902E+01
  25   9.00000E+05  2.40795E+00                  151   6.75000E+00  1.42086E+01
  26   8.75000E+05  2.43612E+00                  152   6.50000E+00  1.42463E+01
  27   8.61100E+05  2.45213E+00                  153   6.25000E+00  1.42855E+01
  28   8.20000E+05  2.50104E+00                  154   6.00000E+00  1.43263E+01
  29   7.50000E+05  2.59027E+00                  155   5.40000E+00  1.44317E+01
  30   6.79000E+05  2.68972E+00                  156   5.00000E+00  1.45087E+01
  31   6.70000E+05  2.70306E+00                  157   4.70000E+00  1.45705E+01
  32   6.00000E+05  2.81341E+00                  158   4.10000E+00  1.47071E+01
  33   5.73000E+05  2.85945E+00                  159   3.73000E+00  1.48017E+01
  34   5.50000E+05  2.90042E+00                  160   3.50000E+00  1.48653E+01
  35   4.92000E+05  3.01186E+00                  161   3.20000E+00  1.49549E+01
  36   4.70000E+05  3.05761E+00                  162   3.10000E+00  1.49867E+01
  37   4.40000E+05  3.12357E+00                  163   3.00000E+00  1.50195E+01
  38   4.20000E+05  3.17009E+00                  164   2.97000E+00  1.50295E+01
  39   4.00000E+05  3.21888E+00                  165   2.87000E+00  1.50638E+01
  40   3.30000E+05  3.41125E+00                  166   2.77000E+00  1.50992E+01
  41   2.70000E+05  3.61192E+00                  167   2.67000E+00  1.51360E+01
  42   2.00000E+05  3.91202E+00                  168   2.57000E+00  1.51742E+01
  43   1.49000E+05  4.20639E+00                  169   2.47000E+00  1.52139E+01
  44   1.28300E+05  4.35597E+00                  170   2.38000E+00  1.52510E+01
  45   1.00000E+05  4.60517E+00                  171   2.30000E+00  1.52852E+01
  46   8.50000E+04  4.76769E+00                  172   2.21000E+00  1.53251E+01
  47   8.20000E+04  4.80362E+00                  173   2.12000E+00  1.53667E+01
  48   7.50000E+04  4.89285E+00                  174   2.00000E+00  1.54249E+01
  49   7.30000E+04  4.91988E+00                  175   1.94000E+00  1.54554E+01
  50   6.00000E+04  5.11600E+00                  176   1.86000E+00  1.54975E+01
  51   5.20000E+04  5.25910E+00                  177   1.77000E+00  1.55471E+01
  52   5.00000E+04  5.29832E+00                  178   1.68000E+00  1.55993E+01
  53   4.50000E+04  5.40368E+00                  179   1.59000E+00  1.56544E+01
  54   3.00000E+04  5.80914E+00                  180   1.50000E+00  1.57126E+01
  55   2.00000E+04  6.21461E+00                  181   1.45000E+00  1.57465E+01
  56   1.70000E+04  6.37713E+00                  182   1.40000E+00  1.57816E+01
  57   1.30000E+04  6.64539E+00                  183   1.35000E+00  1.58180E+01
  58   9.50000E+03  6.95905E+00                  184   1.30000E+00  1.58557E+01
  59   8.03000E+03  7.12716E+00                  185   1.25000E+00  1.58950E+01
  60   5.70000E+03  7.46987E+00                  186   1.22500E+00  1.59152E+01
  61   3.90000E+03  7.84936E+00                  187   1.20000E+00  1.59358E+01
  62   3.74000E+03  7.89125E+00                  188   1.17500E+00  1.59568E+01
  63   3.00000E+03  8.11173E+00                  189   1.15000E+00  1.59783E+01
  64   2.50000E+03  8.29405E+00                  190   1.14000E+00  1.59871E+01
  65   2.25000E+03  8.39941E+00                  191   1.13000E+00  1.59959E+01
  66   2.20000E+03  8.42188E+00                  192   1.12000E+00  1.60048E+01
  67   1.80000E+03  8.62255E+00                  193   1.11000E+00  1.60137E+01
  68   1.55000E+03  8.77209E+00                  194   1.10000E+00  1.60228E+01
  69   1.50000E+03  8.80488E+00                  195   1.09000E+00  1.60319E+01
  70   1.15000E+03  9.07058E+00                  196   1.08000E+00  1.60411E+01
  71   9.50000E+02  9.26163E+00                  197   1.07000E+00  1.60504E+01
  72   6.83000E+02  9.59160E+00                  198   1.06000E+00  1.60598E+01
  73   6.70000E+02  9.61082E+00                  199   1.05000E+00  1.60693E+01
  74   5.50000E+02  9.80818E+00                  200   1.04000E+00  1.60789E+01
  75   3.05000E+02  1.03978E+01                  201   1.03000E+00  1.60885E+01
  76   2.85000E+02  1.04656E+01                  202   1.02000E+00  1.60983E+01
  77   2.40000E+02  1.06375E+01                  203   1.01000E+00  1.61081E+01
  78   2.20000E+02  1.07245E+01                  204   1.00000E+00  1.61181E+01
  79   2.09500E+02  1.07734E+01                  205   9.75000E-01  1.61434E+01
  80   2.07400E+02  1.07834E+01                  206   9.50000E-01  1.61694E+01
  81   2.02000E+02  1.08098E+01                  207   9.25000E-01  1.61961E+01
  82   1.93000E+02  1.08554E+01                  208   9.00000E-01  1.62235E+01
  83   1.91500E+02  1.08632E+01                  209   8.50000E-01  1.62806E+01
  84   1.88500E+02  1.08790E+01                  210   8.00000E-01  1.63412E+01
  85   1.87700E+02  1.08833E+01                  211   7.50000E-01  1.64058E+01
  86   1.80000E+02  1.09251E+01                  212   7.00000E-01  1.64748E+01
  87   1.70000E+02  1.09823E+01                  213   6.50000E-01  1.65489E+01
  88   1.43000E+02  1.11553E+01                  214   6.25000E-01  1.65881E+01
  89   1.22000E+02  1.13141E+01                  215   6.00000E-01  1.66289E+01
  90   1.19000E+02  1.13390E+01                  216   5.50000E-01  1.67159E+01
  91   1.17500E+02  1.13517E+01                  217   5.00000E-01  1.68112E+01
  92   1.16000E+02  1.13645E+01                  218   4.50000E-01  1.69166E+01
  93   1.13000E+02  1.13907E+01                  219   4.00000E-01  1.70344E+01
  94   1.08000E+02  1.14360E+01                  220   3.75000E-01  1.70989E+01
  95   1.05000E+02  1.14641E+01                  221   3.50000E-01  1.71679E+01
  96   1.01200E+02  1.15010E+01                  222   3.25000E-01  1.72420E+01
  97   9.70000E+01  1.15434E+01                  223   3.00000E-01  1.73221E+01
  98   9.00000E+01  1.16183E+01                  224   2.75000E-01  1.74091E+01
  99   8.17000E+01  1.17150E+01                  225   2.50000E-01  1.75044E+01
 100   8.00000E+01  1.17361E+01                  226   2.25000E-01  1.76098E+01
 101   7.60000E+01  1.17874E+01                  227   2.00000E-01  1.77275E+01
 102   7.20000E+01  1.18414E+01                  228   1.75000E-01  1.78611E+01
 103   6.75000E+01  1.19060E+01                  229   1.50000E-01  1.80152E+01
 104   6.50000E+01  1.19437E+01                  230   1.25000E-01  1.81975E+01
 105   6.30000E+01  1.19750E+01                  231   1.00000E-01  1.84207E+01
 106   6.10000E+01  1.20072E+01                  232   9.00000E-02  1.85260E+01
 107   5.80000E+01  1.20577E+01                  233   8.00000E-02  1.86438E+01
 108   5.34000E+01  1.21403E+01                  234   7.00000E-02  1.87774E+01
 109   5.06000E+01  1.21941E+01                  235   6.00000E-02  1.89315E+01
 110   4.83000E+01  1.22407E+01                  236   5.00000E-02  1.91138E+01
 111   4.52000E+01  1.23070E+01                  237   4.00000E-02  1.93370E+01
 112   4.40000E+01  1.23339E+01                  238   3.00000E-02  1.96247E+01
 113   4.24000E+01  1.23709E+01                  239   2.53000E-02  1.97950E+01
 114   4.10000E+01  1.24045E+01                  240   1.00000E-02  2.07233E+01
 115   3.96000E+01  1.24393E+01                  241   7.50000E-03  2.10109E+01
 116   3.91000E+01  1.24520E+01                  242   5.00000E-03  2.14164E+01
 117   3.80000E+01  1.24805E+01                  243   4.00000E-03  2.16396E+01
 118   3.76300E+01  1.24903E+01                  244   3.00000E-03  2.19272E+01
 119   3.72700E+01  1.24999E+01                  245   2.50000E-03  2.21096E+01
 120   3.71300E+01  1.25037E+01                  246   2.00000E-03  2.23327E+01
 121   3.70000E+01  1.25072E+01                  247   1.50000E-03  2.26204E+01
 122   3.60000E+01  1.25346E+01                  248   1.20000E-03  2.28435E+01
 123   3.55000E+01  1.25486E+01                  249   1.00000E-03  2.30259E+01
 124   3.50000E+01  1.25627E+01                  250   7.50000E-04  2.33135E+01
 125   3.37500E+01  1.25991E+01                  251   5.00000E-04  2.37190E+01
 126   3.32500E+01  1.26140E+01                  252   1.00000E-04  2.53284E+01
                                                 253   1.00000E-05  2.76310E+01

1         ***************************
          ***************************
          ** Quadrature Parameters **
          ***************************
          ***************************

 Quadrature angles and weights for first quadrant:
 (  1 angles/quadrant for S- 2 quadrature.)

 Angle No.    Mu                  Eta                Weight       Angle in x-y   Elevation
                                                                 plane (degrees) (degrees)
    1    5.77350269D-01      5.77350269D-01      2.50000000D-01       45.00        35.26


1         **********************************
          **********************************
          ** Quadrature Reflection Angles **
          **********************************
          **********************************
                (Angles are in degrees)

        2 primary   (incoming) angles on each side.
        2 reflected (outgoing) angles on each side.

  Side No. (slope)   Direction No. Primary angle (slope/elevation) Reflecting Angle (slope/elevation)

      1  (   0.00)       1             1  (  45.00/  35.26)            4  ( -45.00/  35.26)
                         2             2  ( 135.00/  35.26)            3  (-135.00/  35.26)

      2  ( -90.00)       1             1  (  45.00/  35.26)            2  ( 135.00/  35.26)
                         2             4  ( -45.00/  35.26)            3  (-135.00/  35.26)

      3  (  90.00)       1             2  ( 135.00/  35.26)            1  (  45.00/  35.26)
                         2             3  (-135.00/  35.26)            4  ( -45.00/  35.26)

      4  ( 180.00)       1             3  (-135.00/  35.26)            2  ( 135.00/  35.26)
                         2             4  ( -45.00/  35.26)            1  (  45.00/  35.26)





 Scattering constants for first quadrant
 ( 3 moments for p-1 scattering)
 Angle       ------- Moment No. -------
  No.       0             1             2
    1    1.00000E+00  1.00000E+00 -7.07107E-01


1         **************************
          **************************
          **** Mixture Volumes *****
          **************************
          **************************


  Mixture       Volume        Volume
    ID     (cc/unit length)  Fraction
     0       0.00000E+00      0.00000E+00
     1       4.00000E-02      1.00000E+00
 Total       4.00000E-02      1.00000E+00


  Memory size of attenuation factors(MB)=      0.02



 =====================================================================================
   Outer iteration sweep begins.

 Outer  Eigen-  Eigenvalue Max Flux  Max Flux     Max Fuel  Max Fuel     Inners 
 It. #   value     Delta    Delta   Location(r,g)  Delta   Location(r,g) Cnvrged
 - - - - - - - - - - - - - - - - - - - - - - - - - - - - - - - - - - - - - - - - 
    1 1.00000   0.000E+00 4.509E+07 (    1,  1)   1.000E+00 (    1,  0)    F
    2 1.82124   4.509E-01 3.508E+04 (    1,  1)   4.509E-01 (    1,  0)    F
    3 1.72945   5.308E-02 3.508E+04 (    1,  1)   2.585E-02 (    1,  0)    F
    4 1.77605   2.624E-02 1.329E-02 (    1, 11)   1.329E-02 (    1,  0)    F
    5 1.73409   2.420E-02 1.195E-02 (    1, 11)   1.195E-02 (    1,  0)    F
    6 1.76699   1.862E-02 9.396E-03 (    1, 11)   9.397E-03 (    1,  0)    F
    7 1.74055   1.519E-02 7.537E-03 (    1, 11)   7.538E-03 (    1,  0)    F
    8 1.76171   1.201E-02 6.040E-03 (    1, 11)   6.041E-03 (    1,  0)    F
    9 1.74477   9.708E-03 4.829E-03 (    1, 11)   4.831E-03 (    1,  0)    F
   10 1.75833   7.711E-03 3.869E-03 (    1, 11)   3.871E-03 (    1,  0)    F
   11 1.74748   6.209E-03 3.094E-03 (    1, 11)   3.095E-03 (    1,  0)    F
   12 1.75616   4.944E-03 2.477E-03 (    1, 11)   2.478E-03 (    1,  0)    F
   13 1.74921   3.970E-03 1.980E-03 (    1, 11)   1.981E-03 (    1,  0)    F
   14 1.75477   3.164E-03 1.583E-03 (    1, 11)   1.585E-03 (    1,  0)    F
   15 1.75033   2.535E-03 1.265E-03 (    1, 11)   1.266E-03 (    1,  0)    F
   16 1.75387   2.021E-03 1.010E-03 (    1, 11)   1.011E-03 (    1,  0)    F
   17 1.75104   1.616E-03 8.058E-04 (    1, 11)   8.071E-04 (    1,  0)    F
   18 1.75330   1.287E-03 6.424E-04 (    1, 11)   6.437E-04 (    1,  0)    F
   19 1.75150   1.026E-03 5.113E-04 (    1, 11)   5.126E-04 (    1,  0)    F
   20 1.75293   8.152E-04 4.064E-04 (    1, 11)   4.078E-04 (    1,  0)    F
   21 1.75180   6.476E-04 3.223E-04 (    1, 11)   3.237E-04 (    1,  0)    F
   22 1.75270   5.126E-04 2.550E-04 (    1, 11)   2.564E-04 (    1,  0)    F
   23 1.75199   4.049E-04 2.011E-04 (    1, 11)   2.024E-04 (    1,  0)    F
   24 1.75254   3.184E-04 1.579E-04 (    1, 11)   1.592E-04 (    1,  0)    F
   25 1.75211   2.492E-04 1.233E-04 (    1, 11)   1.246E-04 (    1,  0)    F
   26 1.75245   1.937E-04 9.555E-05 (    1, 11)   9.688E-05 (    1,  0)    F
   27 1.75219   1.494E-04 7.334E-05 (    1, 11)   7.468E-05 (    1,  0)    F
   28 1.75238   1.138E-04 5.555E-05 (    1, 11)   5.688E-05 (    1,  0)    F
   29 1.75224   8.526E-05 4.129E-05 (    1, 11)   4.263E-05 (    1,  0)    F
   30 1.75234   6.242E-05 2.987E-05 (    1, 11)   3.121E-05 (    1,  0)    F
   31 1.75227   4.412E-05 2.072E-05 (    1, 11)   2.206E-05 (    1,  0)    F
   32 1.75232   2.945E-05 1.339E-05 (    1, 11)   1.473E-05 (    1,  0)    F
   33 1.75229   1.773E-05 7.528E-06 (    1, 11)   8.863E-06 (    1,  0)    F
   34 1.75230   8.331E-06 2.908E-06 (    1,  4)   4.166E-06 (    1,  0)    F
   35 1.75230   9.429E-07 3.050E-07 (    1,  4)   4.909E-07 (    1,  0)    F
   36 1.75230   1.332E-08 7.875E-08 (    1,199)   1.332E-08 (    1,  0)    F
 k-eff =       1.75230099     



   Four-Factor Estimate of k-infinity.  Fast/Thermal boundary:   0.6250 eV
      Fiss. neutrons/thermal abs. (eta):          2.028318
      Thermal utilization (f):                    1.000000
      Resonance Escape probability (p):           0.470046
      Fast-fission factor (epsilon):              1.837942
                                            --------------
      Infinite neutron multiplication             1.752299


   Alternate 3-Group Formulation Terms. 
   Fast/Res. boundary:   0.8210 MeV.  Res./Therm. boundary:   0.6250eV
      Fiss. neutrons/thermal abs. (eta):          2.028318
      Thermal utilization (f):                    1.000000
      Resonance Escape probability (p):           0.483398
      Fast Escape probability (pf):               0.972379
      Fast-fission factor (epsilon):              1.837942




 Critical Spectra Calculated with the B1 Method
 Input buckling of  0.00000E+00 gives a corresponding k-eff of  1.75230E+00
 Equivalent core height is infinite.

  Group   Upper      Critical   Inf.Med.   Critical   Inf.Med.  
   No    Energy(eV)   Flux       Flux      Adj.Flux   Adj.Flux  

     1  2.0000E+07  0.000E+00  0.000E+00  1.045E-03  1.045E-03
     2  1.7330E+07  0.000E+00  0.000E+00  1.444E-03  1.444E-03
     3  1.5680E+07  6.769E-10  6.769E-10  1.852E-03  1.852E-03
     4  1.4550E+07  1.829E-07  1.829E-07  2.721E-03  2.721E-03
     5  1.3840E+07  3.811E-05  3.811E-05  1.780E-03  1.780E-03
     6  1.2840E+07  2.562E-04  2.562E-04  5.191E-04  5.191E-04
     7  1.0000E+07  1.013E-03  1.013E-03  6.595E-04  6.595E-04
     8  8.1870E+06  3.054E-03  3.054E-03  5.434E-04  5.434E-04
     9  6.4340E+06  7.313E-03  7.313E-03  4.394E-04  4.394E-04
    10  4.8000E+06  1.086E-02  1.086E-02  1.178E-03  1.178E-03
    11  4.3040E+06  1.486E-02  1.486E-02  3.577E-04  3.577E-04
    12  3.0000E+06  2.132E-02  2.132E-02  6.759E-04  6.759E-04
    13  2.4790E+06  2.351E-02  2.351E-02  2.487E-03  2.487E-03
    14  2.3540E+06  2.060E-02  2.060E-02  5.325E-04  5.325E-04
    15  1.8500E+06  1.995E-02  1.995E-02  6.094E-04  6.094E-04
    16  1.5000E+06  2.010E-02  2.010E-02  1.849E-03  1.849E-03
    17  1.4000E+06  1.937E-02  1.937E-02  3.991E-03  3.991E-03
    18  1.3560E+06  1.685E-02  1.685E-02  4.365E-03  4.365E-03
    19  1.3170E+06  1.823E-02  1.823E-02  2.438E-03  2.438E-03
    20  1.2500E+06  1.947E-02  1.947E-02  3.118E-03  3.118E-03
    21  1.2000E+06  1.781E-02  1.781E-02  1.462E-03  1.462E-03
    22  1.1000E+06  1.487E-02  1.487E-02  1.489E-03  1.489E-03
    23  1.0100E+06  1.451E-02  1.451E-02  1.361E-03  1.361E-03
    24  9.2000E+05  1.615E-02  1.615E-02  5.778E-03  5.778E-03
    25  9.0000E+05  1.667E-02  1.667E-02  4.507E-03  4.507E-03
    26  8.7500E+05  1.727E-02  1.727E-02  7.928E-03  7.928E-03
    27  8.6110E+05  1.827E-02  1.827E-02  2.595E-03  2.595E-03
    28  8.2000E+05  1.853E-02  1.853E-02  1.422E-03  1.422E-03
    29  7.5000E+05  1.622E-02  1.622E-02  1.275E-03  1.275E-03
    30  6.7900E+05  1.541E-02  1.541E-02  9.504E-03  9.504E-03
    31  6.7000E+05  1.477E-02  1.477E-02  1.149E-03  1.149E-03
    32  6.0000E+05  1.402E-02  1.402E-02  2.753E-03  2.753E-03
    33  5.7300E+05  1.363E-02  1.363E-02  3.093E-03  3.093E-03
    34  5.5000E+05  1.293E-02  1.293E-02  1.137E-03  1.137E-03
    35  4.9200E+05  1.173E-02  1.173E-02  2.769E-03  2.769E-03
    36  4.7000E+05  9.824E-03  9.824E-03  1.920E-03  1.920E-03
    37  4.4000E+05  8.358E-03  8.358E-03  2.721E-03  2.721E-03
    38  4.2000E+05  9.985E-03  9.985E-03  2.595E-03  2.595E-03
    39  4.0000E+05  1.062E-02  1.062E-02  6.579E-04  6.579E-04
    40  3.3000E+05  1.018E-02  1.018E-02  6.304E-04  6.304E-04
    41  2.7000E+05  8.572E-03  8.572E-03  4.213E-04  4.213E-04
    42  2.0000E+05  7.394E-03  7.394E-03  4.293E-04  4.293E-04
    43  1.4900E+05  6.700E-03  6.700E-03  8.447E-04  8.447E-04
    44  1.2830E+05  6.179E-03  6.179E-03  5.069E-04  5.069E-04
    45  1.0000E+05  5.754E-03  5.754E-03  7.770E-04  7.770E-04
    46  8.5000E+04  5.567E-03  5.567E-03  3.514E-03  3.514E-03
    47  8.2000E+04  5.457E-03  5.457E-03  1.415E-03  1.415E-03
    48  7.5000E+04  5.354E-03  5.354E-03  4.671E-03  4.671E-03
    49  7.3000E+04  5.180E-03  5.180E-03  6.437E-04  6.437E-04
    50  6.0000E+04  4.947E-03  4.947E-03  8.821E-04  8.821E-04
    51  5.2000E+04  4.835E-03  4.835E-03  3.219E-03  3.219E-03
    52  5.0000E+04  4.751E-03  4.751E-03  1.198E-03  1.198E-03
    53  4.5000E+04  4.499E-03  4.499E-03  3.113E-04  3.113E-04
    54  3.0000E+04  4.204E-03  4.204E-03  3.113E-04  3.113E-04
    55  2.0000E+04  4.060E-03  4.060E-03  7.765E-04  7.765E-04
    56  1.7000E+04  3.974E-03  3.974E-03  4.704E-04  4.704E-04
    57  1.3000E+04  3.873E-03  3.873E-03  4.023E-04  4.023E-04
    58  9.5000E+03  3.804E-03  3.804E-03  7.505E-04  7.505E-04
    59  8.0300E+03  3.750E-03  3.750E-03  3.682E-04  3.682E-04
    60  5.7000E+03  3.681E-03  3.681E-03  3.327E-04  3.327E-04
    61  3.9000E+03  3.643E-03  3.643E-03  3.014E-03  3.014E-03
    62  3.7400E+03  3.625E-03  3.625E-03  5.725E-04  5.725E-04
    63  3.0000E+03  3.598E-03  3.598E-03  6.922E-04  6.922E-04
    64  2.5000E+03  3.570E-03  3.570E-03  1.197E-03  1.197E-03
    65  2.2500E+03  3.560E-03  3.560E-03  5.595E-03  5.595E-03
    66  2.2000E+03  3.547E-03  3.547E-03  6.274E-04  6.274E-04
    67  1.8000E+03  3.520E-03  3.520E-03  8.432E-04  8.432E-04
    68  1.5500E+03  3.518E-03  3.518E-03  3.843E-03  3.843E-03
    69  1.5000E+03  3.486E-03  3.486E-03  4.749E-04  4.749E-04
    70  1.1500E+03  3.448E-03  3.448E-03  6.592E-04  6.592E-04
    71  9.5000E+02  3.411E-03  3.411E-03  3.825E-04  3.825E-04
    72  6.8300E+02  3.337E-03  3.337E-03  6.608E-03  6.608E-03
    73  6.7000E+02  3.355E-03  3.355E-03  6.405E-04  6.405E-04
    74  5.5000E+02  3.285E-03  3.285E-03  2.146E-04  2.146E-04
    75  3.0500E+02  3.248E-03  3.248E-03  1.867E-03  1.867E-03
    76  2.8500E+02  3.164E-03  3.164E-03  7.391E-04  7.391E-04
    77  2.4000E+02  3.079E-03  3.079E-03  1.442E-03  1.442E-03
    78  2.2000E+02  3.136E-03  3.136E-03  2.587E-03  2.587E-03
    79  2.0950E+02  2.739E-03  2.739E-03  1.168E-02  1.168E-02
    80  2.0740E+02  3.257E-03  3.257E-03  4.818E-03  4.818E-03
    81  2.0200E+02  3.092E-03  3.092E-03  2.790E-03  2.790E-03
    82  1.9300E+02  2.920E-03  2.920E-03  1.602E-02  1.602E-02
    83  1.9150E+02  2.519E-03  2.519E-03  7.695E-03  7.695E-03
    84  1.8850E+02  4.080E-03  4.080E-03  2.986E-02  2.986E-02
    85  1.8770E+02  3.267E-03  3.267E-03  3.026E-03  3.026E-03
    86  1.8000E+02  3.058E-03  3.058E-03  2.217E-03  2.217E-03
    87  1.7000E+02  3.060E-03  3.060E-03  7.309E-04  7.309E-04
    88  1.4300E+02  2.989E-03  2.989E-03  7.982E-04  7.982E-04
    89  1.2200E+02  3.013E-03  3.013E-03  5.145E-03  5.145E-03
    90  1.1900E+02  2.858E-03  2.858E-03  1.001E-02  1.001E-02
    91  1.1750E+02  2.542E-03  2.542E-03  8.979E-03  8.979E-03
    92  1.1600E+02  3.119E-03  3.119E-03  4.882E-03  4.882E-03
    93  1.1300E+02  3.024E-03  3.024E-03  2.777E-03  2.777E-03
    94  1.0800E+02  2.912E-03  2.912E-03  4.455E-03  4.455E-03
    95  1.0500E+02  2.744E-03  2.744E-03  3.284E-03  3.284E-03
    96  1.0120E+02  3.087E-03  3.087E-03  3.020E-03  3.020E-03
    97  9.7000E+01  2.860E-03  2.860E-03  1.669E-03  1.669E-03
    98  9.0000E+01  2.890E-03  2.890E-03  1.332E-03  1.332E-03
    99  8.1700E+01  2.852E-03  2.852E-03  5.948E-03  5.948E-03
   100  8.0000E+01  2.959E-03  2.959E-03  2.506E-03  2.506E-03
   101  7.6000E+01  2.813E-03  2.813E-03  2.382E-03  2.382E-03
   102  7.2000E+01  2.860E-03  2.860E-03  2.001E-03  2.001E-03
   103  6.7500E+01  2.687E-03  2.687E-03  3.100E-03  3.100E-03
   104  6.5000E+01  2.887E-03  2.887E-03  4.069E-03  4.069E-03
   105  6.3000E+01  2.927E-03  2.927E-03  4.025E-03  4.025E-03
   106  6.1000E+01  2.774E-03  2.774E-03  2.565E-03  2.565E-03
   107  5.8000E+01  2.574E-03  2.574E-03  1.555E-03  1.555E-03
   108  5.3400E+01  2.551E-03  2.551E-03  2.422E-03  2.422E-03
   109  5.0600E+01  2.619E-03  2.619E-03  2.705E-03  2.705E-03
   110  4.8300E+01  2.687E-03  2.687E-03  1.940E-03  1.940E-03
   111  4.5200E+01  2.622E-03  2.622E-03  4.837E-03  4.837E-03
   112  4.4000E+01  2.676E-03  2.676E-03  3.397E-03  3.397E-03
   113  4.2400E+01  2.530E-03  2.530E-03  3.714E-03  3.714E-03
   114  4.1000E+01  2.679E-03  2.679E-03  3.722E-03  3.722E-03
   115  3.9600E+01  2.093E-03  2.093E-03  9.645E-03  9.645E-03
   116  3.9100E+01  2.723E-03  2.723E-03  4.533E-03  4.533E-03
   117  3.8000E+01  2.742E-03  2.742E-03  1.321E-02  1.321E-02
   118  3.7630E+01  2.705E-03  2.705E-03  1.323E-02  1.323E-02
   119  3.7270E+01  2.588E-03  2.588E-03  3.265E-02  3.265E-02
   120  3.7130E+01  2.265E-03  2.265E-03  3.250E-02  3.250E-02
   121  3.7000E+01  1.990E-03  1.990E-03  3.566E-03  3.566E-03
   122  3.6000E+01  2.702E-03  2.702E-03  9.386E-03  9.386E-03
   123  3.5500E+01  1.649E-03  1.649E-03  9.127E-03  9.127E-03
   124  3.5000E+01  2.140E-03  2.140E-03  3.435E-03  3.435E-03
   125  3.3750E+01  2.053E-03  2.053E-03  7.815E-03  7.815E-03
   126  3.3250E+01  2.454E-03  2.454E-03  2.780E-03  2.780E-03
   127  3.1750E+01  2.672E-03  2.672E-03  8.249E-03  8.249E-03
   128  3.1250E+01  2.557E-03  2.557E-03  3.147E-03  3.147E-03
   129  3.0000E+01  2.582E-03  2.582E-03  1.506E-03  1.506E-03
   130  2.7500E+01  2.503E-03  2.503E-03  1.395E-03  1.395E-03
   131  2.5000E+01  2.324E-03  2.324E-03  1.205E-03  1.205E-03
   132  2.2500E+01  2.615E-03  2.615E-03  3.864E-03  3.864E-03
   133  2.1750E+01  2.449E-03  2.449E-03  4.910E-03  4.910E-03
   134  2.1200E+01  1.338E-03  1.338E-03  2.412E-03  2.412E-03
   135  2.0500E+01  2.491E-03  2.491E-03  5.325E-03  5.325E-03
   136  2.0000E+01  2.178E-03  2.178E-03  4.306E-03  4.306E-03
   137  1.9400E+01  1.914E-03  1.914E-03  2.704E-03  2.704E-03
   138  1.8500E+01  2.398E-03  2.398E-03  1.594E-03  1.594E-03
   139  1.7000E+01  2.260E-03  2.260E-03  2.158E-03  2.158E-03
   140  1.6000E+01  2.348E-03  2.348E-03  1.256E-03  1.256E-03
   141  1.4400E+01  2.281E-03  2.281E-03  1.239E-03  1.239E-03
   142  1.2900E+01  1.933E-03  1.933E-03  1.532E-03  1.532E-03
   143  1.1900E+01  1.751E-03  1.751E-03  3.131E-03  3.131E-03
   144  1.1500E+01  2.287E-03  2.287E-03  9.792E-04  9.792E-04
   145  1.0000E+01  2.127E-03  2.127E-03  1.453E-03  1.453E-03
   146  9.1000E+00  1.764E-03  1.764E-03  1.159E-03  1.159E-03
   147  8.1000E+00  2.219E-03  2.219E-03  1.080E-03  1.080E-03
   148  7.1500E+00  1.779E-03  1.779E-03  5.819E-03  5.819E-03
   149  7.0000E+00  2.030E-03  2.030E-03  7.131E-03  7.131E-03
   150  6.8750E+00  1.649E-03  1.649E-03  5.562E-03  5.562E-03
   151  6.7500E+00  9.629E-04  9.629E-04  1.655E-03  1.655E-03
   152  6.5000E+00  1.399E-03  1.399E-03  2.750E-03  2.750E-03
   153  6.2500E+00  1.925E-03  1.925E-03  3.441E-03  3.441E-03
   154  6.0000E+00  2.050E-03  2.050E-03  1.365E-03  1.365E-03
   155  5.4000E+00  2.085E-03  2.085E-03  1.866E-03  1.866E-03
   156  5.0000E+00  1.904E-03  1.904E-03  2.108E-03  2.108E-03
   157  4.7000E+00  2.147E-03  2.147E-03  1.061E-03  1.061E-03
   158  4.1000E+00  2.130E-03  2.130E-03  1.528E-03  1.528E-03
   159  3.7300E+00  1.863E-03  1.863E-03  2.205E-03  2.205E-03
   160  3.5000E+00  2.029E-03  2.029E-03  1.623E-03  1.623E-03
   161  3.2000E+00  1.925E-03  1.925E-03  4.564E-03  4.564E-03
   162  3.1000E+00  2.010E-03  2.010E-03  4.456E-03  4.456E-03
   163  3.0000E+00  2.085E-03  2.085E-03  1.458E-02  1.458E-02
   164  2.9700E+00  2.081E-03  2.081E-03  4.278E-03  4.278E-03
   165  2.8700E+00  2.090E-03  2.090E-03  4.123E-03  4.123E-03
   166  2.7700E+00  2.105E-03  2.105E-03  3.970E-03  3.970E-03
   167  2.6700E+00  2.109E-03  2.109E-03  3.829E-03  3.829E-03
   168  2.5700E+00  2.109E-03  2.109E-03  3.686E-03  3.686E-03
   169  2.4700E+00  2.109E-03  2.109E-03  3.943E-03  3.943E-03
   170  2.3800E+00  2.108E-03  2.108E-03  4.279E-03  4.279E-03
   171  2.3000E+00  2.105E-03  2.105E-03  3.662E-03  3.662E-03
   172  2.2100E+00  2.090E-03  2.090E-03  3.498E-03  3.498E-03
   173  2.1200E+00  1.957E-03  1.957E-03  2.385E-03  2.385E-03
   174  2.0000E+00  2.020E-03  2.020E-03  4.696E-03  4.696E-03
   175  1.9400E+00  2.079E-03  2.079E-03  3.477E-03  3.477E-03
   176  1.8600E+00  2.091E-03  2.091E-03  2.965E-03  2.965E-03
   177  1.7700E+00  2.095E-03  2.095E-03  2.821E-03  2.821E-03
   178  1.6800E+00  2.097E-03  2.097E-03  2.674E-03  2.674E-03
   179  1.5900E+00  2.097E-03  2.097E-03  2.525E-03  2.525E-03
   180  1.5000E+00  2.096E-03  2.096E-03  4.338E-03  4.338E-03
   181  1.4500E+00  2.091E-03  2.091E-03  4.187E-03  4.187E-03
   182  1.4000E+00  2.080E-03  2.080E-03  4.035E-03  4.035E-03
   183  1.3500E+00  2.061E-03  2.061E-03  3.876E-03  3.876E-03
   184  1.3000E+00  2.027E-03  2.027E-03  3.715E-03  3.715E-03
   185  1.2500E+00  1.969E-03  1.969E-03  7.193E-03  7.193E-03
   186  1.2250E+00  1.904E-03  1.904E-03  7.037E-03  7.037E-03
   187  1.2000E+00  1.829E-03  1.829E-03  6.889E-03  6.889E-03
   188  1.1750E+00  1.763E-03  1.763E-03  6.755E-03  6.755E-03
   189  1.1500E+00  1.733E-03  1.733E-03  1.668E-02  1.668E-02
   190  1.1400E+00  1.724E-03  1.724E-03  1.657E-02  1.657E-02
   191  1.1300E+00  1.722E-03  1.722E-03  1.646E-02  1.646E-02
   192  1.1200E+00  1.726E-03  1.726E-03  1.635E-02  1.635E-02
   193  1.1100E+00  1.733E-03  1.733E-03  1.623E-02  1.623E-02
   194  1.1000E+00  1.744E-03  1.744E-03  1.612E-02  1.612E-02
   195  1.0900E+00  1.757E-03  1.757E-03  1.600E-02  1.600E-02
   196  1.0800E+00  1.771E-03  1.771E-03  1.588E-02  1.588E-02
   197  1.0700E+00  1.785E-03  1.785E-03  1.575E-02  1.575E-02
   198  1.0600E+00  1.798E-03  1.798E-03  1.562E-02  1.562E-02
   199  1.0500E+00  1.811E-03  1.811E-03  1.549E-02  1.549E-02
   200  1.0400E+00  1.822E-03  1.822E-03  1.536E-02  1.536E-02
   201  1.0300E+00  1.833E-03  1.833E-03  1.522E-02  1.522E-02
   202  1.0200E+00  1.843E-03  1.843E-03  1.508E-02  1.508E-02
   203  1.0100E+00  1.851E-03  1.851E-03  1.494E-02  1.494E-02
   204  1.0000E+00  1.864E-03  1.864E-03  5.874E-03  5.874E-03
   205  9.7500E-01  1.878E-03  1.878E-03  5.729E-03  5.729E-03
   206  9.5000E-01  1.888E-03  1.888E-03  5.582E-03  5.582E-03
   207  9.2500E-01  1.896E-03  1.896E-03  5.434E-03  5.434E-03
   208  9.0000E-01  1.904E-03  1.904E-03  2.605E-03  2.605E-03
   209  8.5000E-01  1.911E-03  1.911E-03  2.456E-03  2.456E-03
   210  8.0000E-01  1.914E-03  1.914E-03  2.307E-03  2.307E-03
   211  7.5000E-01  1.913E-03  1.913E-03  2.158E-03  2.158E-03
   212  7.0000E-01  1.906E-03  1.906E-03  2.009E-03  2.009E-03
   213  6.5000E-01  1.898E-03  1.898E-03  3.795E-03  3.795E-03
   214  6.2500E-01  1.891E-03  1.891E-03  3.645E-03  3.645E-03
   215  6.0000E-01  1.878E-03  1.878E-03  1.710E-03  1.710E-03
   216  5.5000E-01  1.851E-03  1.851E-03  1.560E-03  1.560E-03
   217  5.0000E-01  1.807E-03  1.807E-03  1.410E-03  1.410E-03
   218  4.5000E-01  1.739E-03  1.739E-03  1.259E-03  1.259E-03
   219  4.0000E-01  1.668E-03  1.668E-03  2.292E-03  2.292E-03
   220  3.7500E-01  1.607E-03  1.607E-03  2.139E-03  2.139E-03
   221  3.5000E-01  1.542E-03  1.542E-03  1.984E-03  1.984E-03
   222  3.2500E-01  1.484E-03  1.484E-03  1.830E-03  1.830E-03
   223  3.0000E-01  1.451E-03  1.451E-03  1.678E-03  1.678E-03
   224  2.7500E-01  1.452E-03  1.452E-03  1.530E-03  1.530E-03
   225  2.5000E-01  1.472E-03  1.472E-03  1.387E-03  1.387E-03
   226  2.2500E-01  1.487E-03  1.487E-03  1.246E-03  1.246E-03
   227  2.0000E-01  1.479E-03  1.479E-03  1.104E-03  1.104E-03
   228  1.7500E-01  1.435E-03  1.435E-03  9.599E-04  9.599E-04
   229  1.5000E-01  1.341E-03  1.341E-03  8.145E-04  8.145E-04
   230  1.2500E-01  1.185E-03  1.185E-03  6.676E-04  6.676E-04
   231  1.0000E-01  1.039E-03  1.039E-03  1.416E-03  1.416E-03
   232  9.0000E-02  9.331E-04  9.331E-04  1.268E-03  1.268E-03
   233  8.0000E-02  8.160E-04  8.160E-04  1.120E-03  1.120E-03
   234  7.0000E-02  6.883E-04  6.883E-04  9.706E-04  9.706E-04
   235  6.0000E-02  5.529E-04  5.529E-04  8.211E-04  8.211E-04
   236  5.0000E-02  4.140E-04  4.140E-04  6.709E-04  6.709E-04
   237  4.0000E-02  2.787E-04  2.787E-04  5.202E-04  5.202E-04
   238  3.0000E-02  1.892E-04  1.892E-04  8.773E-04  8.773E-04
   239  2.5300E-02  7.936E-05  7.936E-05  1.606E-04  1.606E-04
   240  1.0000E-02  2.295E-05  2.295E-05  5.163E-04  5.163E-04
   241  7.5000E-03  1.190E-05  1.190E-05  3.659E-04  3.659E-04
   242  5.0000E-03  6.337E-06  6.337E-06  6.643E-04  6.643E-04
   243  4.0000E-03  3.861E-06  3.861E-06  5.151E-04  5.151E-04
   244  3.0000E-03  2.407E-06  2.407E-06  8.125E-04  8.125E-04
   245  2.5000E-03  1.614E-06  1.614E-06  6.638E-04  6.638E-04
   246  2.0000E-03  9.740E-07  9.740E-07  5.148E-04  5.148E-04
   247  1.5000E-03  5.799E-07  5.799E-07  6.636E-04  6.636E-04
   248  1.2000E-03  3.834E-07  3.834E-07  8.121E-04  8.121E-04
   249  1.0000E-03  2.385E-07  2.385E-07  5.147E-04  5.147E-04
   250  7.5000E-04  1.163E-07  1.163E-07  3.652E-04  3.652E-04
   251  5.0000E-04  1.845E-08  1.845E-08  9.199E-05  9.199E-05
   252  1.0000E-04  3.852E-10  3.852E-10  6.429E-05  6.429E-05

 NOTE: Flux values above are per unit-lethargy.



  Zone data

      Zone   Mix    Relative     Relative         Zone
       No.   No.      Flux     Fission Power     Volume
     -----------------------------------------------------------------
         1     1   1.00000E+00   1.00000E+00   4.00000E-02



module xsproc is finished. completion code 0.
Sequence T-Newt is finished. completion code 0.

    SCALE is finished on Mon Jan 23 01:36:22 2023.
-------------------------- Summary --------------------------
t-newt finished. used 34.2527 seconds.
SCALE driver required a maximum of 1264 MiB of RAM.
------------------------ End Summary ------------------------

fluxplot_252g.ps copied to /home/ondrejch/scale/rt/HW2-4/enr075/2_4.fluxplot_252g.ps.
