 *******************************************************************************
 *                                                                             *
 *                                 SCALE 6.2.3                                 *
 *                                -------------                                *
 *                                January 2023                                 *
 *                                                                             *
 *           SCALE:  A Comprehensive Modeling and Simulation Suite             *
 *                   for Nuclear Safety Analysis and Design                    *
 *                                                                             *
 *                      Reactor and Nuclear Systems Division                   *
 *                        Oak Ridge National Laboratory                        *
 *                                                                             *
 *                           http://scale.ornl.gov                             *
 *                            scalehelp@ornl.gov                               *
 *                                                                             *
 *******************************************************************************
 *******************************************************************************
      
                  Job Information
                  ---------------
      Job started on node40 on Mon 23/01/2023 01:36:53
      Working directory: /tmp/scale.ondrejch.377003
      Input file name  : /home/ondrejch/scale/rt/HW2-4/fuel0.050/2_4
      Output file name : /home/ondrejch/scale/rt/HW2-4/fuel0.050/2_4.out
      SCALE executable : /opt/scale6.2.3/bin/../bin/scale
      
 *******************************************************************************


    module t-newt will be called on Mon Jan 23 01:36:53 2023.
    sequence specification record:=t-newt
Input Data:

      SCALE Materials HW2 problem 4
      v7-252
      read comp
          uo2       1                                  0.05         550.0 92235 2.0 92238 98.0 end
          h2o       1 den=0.7561                       0.9499  550.0 end
          atomboh3  1     1.44 3  5000 1 8000 3 1000 3 0.0001      550.0 5010 70 5011 30 end
      end comp
      read model
      read parm
        prtflux=yes inners=1000  cmfd=no epsilon=1e-6 sn=2 epsinner=1e-8
      end parm
      read materials
        mix=1 end
      end materials
      read geometry
          global unit 1
          cuboid    1  0.1 -0.1 0.1 -0.1
          media 1 1 1
          boundary 1  1 1
      end geometry
      read bounds
          all=refl
      end bounds
      end model
end




************************************************************************************************************************************
************************************************************************************************************************************
************************************************************************************************************************************
*****                                                                                                                          *****
*****                                             program verification information                                             *****
*****                                                                                                                          *****
*****                                           code system: SCALE   version: 6.2.0                                            *****
*****                                                                                                                          *****
************************************************************************************************************************************
************************************************************************************************************************************
*****                                                                                                                          *****
*****                                                                                                                          *****
*****                      program:  t-newt                                                                                    *****
*****                                                                                                                          *****
*****                      version:  6.2.3 (602003)                                                                            *****
*****                                                                                                                          *****
*****                     username:  ondrejch                                                                                  *****
*****                                                                                                                          *****
*****                     hostname:  node40                                                                                    *****
*****                                                                                                                          *****
*****                                                                                                                          *****
*****            date of execution:  2023-01-23                                                                                *****
*****                                                                                                                          *****
*****            time of execution:  01:36:53                                                                                  *****
*****                                                                                                                          *****
************************************************************************************************************************************
************************************************************************************************************************************
************************************************************************************************************************************



***Warning: Nuclide 8018 is missing cross sections. Introducing zero cross sections.
------------------------------------------------------------------------------------------------------------------------------------

                          NEWT calculation started at  1:36:55 on  1/23/2023                              

------------------------------------------------------------------------------------------------------------------------------------



1         ***********************
          ***********************
          **  Control Options  **
          ***********************
          ***********************

 Run problem to completion/test input only          run=           yes
 Weighted cross-section collapse/do not collapse    collapse=       no
 Source acceleration on/off                         accel=         yes
 Restart from earlier case/begin new case           restart=        no
 CMFD acceleration (0/1/2/3 = no/rect/yes/part)     cmfd=          0
 Number of fine mesh base grid/coarse grid in X     xcmfd=           1
 Number of fine mesh base grid/coarse grid in Y     ycmfd=           1
 CMFD Multigroup solution only (no 2g)              cmfd2g=         no
 Create restart file upon completion                savrest=       yes
 Calculation type:                                  eigenvalue                      
 Forward/adjoint solution                           forward=       yes

1         **********************
          **********************
          **  Output Options  **
          **********************
          **********************

 Print micro. cross-sections for problem nuclides   prtxsec=        no
 Print macro. cross-sections for mixtures           prtmxsec=       no
 Print balance table                                prtbalnc=       no
 Print mixing table                                 prtmxtab=       no
 Print postscript graphics file for fluxes          prtflux=       yes
 Print postscript grid/mixture geometry graphics    drawit=         no
 Print broad-group fluxes                           prtbroad=       no
 Echo convergence tracking data to std. output      echo=           no

1         ***************************
          ***************************
          ** I/O Unit Assignments  **
          ***************************
          ***************************

 Unit no. for mixing table                          mixtab=         92
 Unit no. of working library                        xnlib=           4
 Unit no. for weighted broad-group library          wtdlib=         30
 Unit no. for homogenized macroscopic x-sect. lib.  hmoglib=        13

1         *************************
          *************************
          ** Convergence Control **
          *************************
          *************************

 Quadrature order                                   sn=              2
 Maximum no. of inner itrs./outer/energy group      inners=       1000
 Maximum no. of outer energy groups                 outers=          250
 Performing thermal group subouter iterations       therm=         yes
 Maximum no. of thermal group subouter itrs./outer  suboutrs=        2
 Convergence criterion on inner iterations          epsinner= 1.00E-08
 Convergence criterion on subouter iterations       epsthrm=  1.00E-06
 Convergence criterion on outer iterations          epsouter= 1.00E-06
 Convergence criterion on eigenvalue                epseigen= 1.00E-06
 First guess for eigenvalue (k-eff)                 kguess=       1.000

1         *****************************
          *****************************
          ** Geometry Specifications **
          *****************************
          *****************************

 Left side x-coordinate                             xmin= -1.00000E-01
 Right side x-coordinate                            xmax=  1.00000E-01
 Bottom side y-coordinate                           ymin= -1.00000E-01
 Top side y-coordinate                              ymax=  1.00000E-01
 Number of subdivisions in x direction              nx=              1
 Number of subdivisions in y direction              ny=              1

 Boundary Conditions (0/1/2/3=vacuum/reflective/white/periodic):
 Left (West)          wbc=         1
 Right (East)         ebc=         1
 Bottom (South)       sbc=         1
 Top (North)          nbc=         1

  Body Characteristics.  Rotation angle in degrees counterclockwise.
  Size parameters. cyl: A=radius, B=no. of sides. cub: A=width, B=height. hex: A(B)=major(minor) radius.
  Body  Input  Zone    Subdiv      --Center--      Size Parameters   Rotation   Chord
  Type  Unit   Number  nx  ny      x        y        A        B      Angle      Information
  ----  -----  -----  --- ---   ------   ------    -----    ------   --------   -----------
 cub     1     1       0   0    0.000    0.000    0.200    0.200    0.000

1         *****************************
          *****************************
          ** Material Specifications **
          *****************************
          *****************************

 Mat'l No.   SCALE ID   Pn order   External source ID   Description (if any)
    1          1           1               0           

1         ************************
          ************************
          ** Derived Parameters **
          ************************
          ************************

 Total number of energy groups                      numen=         252
 Number of neutron groups                           igm=           252
 Number of gamma groups                             ipm=             0
 First thermal energy group                         iftg=          156
 Mixing table length                                nmix=             9
 Number of mixtures created                         nummat=          2
 Number of computational cells                      numcells=        1
 Number of computational surfaces (sides)           numlines=        4
 Combine small grid cells together                  combine=no
 Average number of sides/cell                       avnosides=     4.00
 Minimum number of sides/cell                       mnnosides=       0
 Maximum number of sides/cell                       mxnosides=       4
 Number of angles in quadrature set                 ndir=            4
 Maximum order of Legendre scattering               maxpn=           1
 Number of flux moments                             nmom             3

1         *****************************
          *****************************
          ** Energy Group Structures **
          *****************************
          *****************************

 Energy   Energy      Lethargy        
 Group  Boundaries   Boundaries       
  No.      (eV)                      
   1   2.00000E+07 -6.93147E-01                  127   3.17500E+01  1.26602E+01
   2   1.73300E+07 -5.49854E-01                  128   3.12500E+01  1.26761E+01
   3   1.56800E+07 -4.49801E-01                  129   3.00000E+01  1.27169E+01
   4   1.45500E+07 -3.75006E-01                  130   2.75000E+01  1.28039E+01
   5   1.38400E+07 -3.24978E-01                  131   2.50000E+01  1.28992E+01
   6   1.28400E+07 -2.49980E-01                  132   2.25000E+01  1.30046E+01
   7   1.00000E+07  0.00000E+00                  133   2.17500E+01  1.30385E+01
   8   8.18700E+06  2.00038E-01                  134   2.12000E+01  1.30641E+01
   9   6.43400E+06  4.40989E-01                  135   2.05000E+01  1.30977E+01
  10   4.80000E+06  7.33969E-01                  136   2.00000E+01  1.31224E+01
  11   4.30400E+06  8.43040E-01                  137   1.94000E+01  1.31528E+01
  12   3.00000E+06  1.20397E+00                  138   1.85000E+01  1.32003E+01
  13   2.47900E+06  1.39473E+00                  139   1.70000E+01  1.32849E+01
  14   2.35400E+06  1.44647E+00                  140   1.60000E+01  1.33455E+01
  15   1.85000E+06  1.68740E+00                  141   1.44000E+01  1.34509E+01
  16   1.50000E+06  1.89712E+00                  142   1.29000E+01  1.35609E+01
  17   1.40000E+06  1.96611E+00                  143   1.19000E+01  1.36416E+01
  18   1.35600E+06  1.99805E+00                  144   1.15000E+01  1.36757E+01
  19   1.31700E+06  2.02723E+00                  145   1.00000E+01  1.38155E+01
  20   1.25000E+06  2.07944E+00                  146   9.10000E+00  1.39098E+01
  21   1.20000E+06  2.12026E+00                  147   8.10000E+00  1.40262E+01
  22   1.10000E+06  2.20727E+00                  148   7.15000E+00  1.41510E+01
  23   1.01000E+06  2.29263E+00                  149   7.00000E+00  1.41722E+01
  24   9.20000E+05  2.38597E+00                  150   6.87500E+00  1.41902E+01
  25   9.00000E+05  2.40795E+00                  151   6.75000E+00  1.42086E+01
  26   8.75000E+05  2.43612E+00                  152   6.50000E+00  1.42463E+01
  27   8.61100E+05  2.45213E+00                  153   6.25000E+00  1.42855E+01
  28   8.20000E+05  2.50104E+00                  154   6.00000E+00  1.43263E+01
  29   7.50000E+05  2.59027E+00                  155   5.40000E+00  1.44317E+01
  30   6.79000E+05  2.68972E+00                  156   5.00000E+00  1.45087E+01
  31   6.70000E+05  2.70306E+00                  157   4.70000E+00  1.45705E+01
  32   6.00000E+05  2.81341E+00                  158   4.10000E+00  1.47071E+01
  33   5.73000E+05  2.85945E+00                  159   3.73000E+00  1.48017E+01
  34   5.50000E+05  2.90042E+00                  160   3.50000E+00  1.48653E+01
  35   4.92000E+05  3.01186E+00                  161   3.20000E+00  1.49549E+01
  36   4.70000E+05  3.05761E+00                  162   3.10000E+00  1.49867E+01
  37   4.40000E+05  3.12357E+00                  163   3.00000E+00  1.50195E+01
  38   4.20000E+05  3.17009E+00                  164   2.97000E+00  1.50295E+01
  39   4.00000E+05  3.21888E+00                  165   2.87000E+00  1.50638E+01
  40   3.30000E+05  3.41125E+00                  166   2.77000E+00  1.50992E+01
  41   2.70000E+05  3.61192E+00                  167   2.67000E+00  1.51360E+01
  42   2.00000E+05  3.91202E+00                  168   2.57000E+00  1.51742E+01
  43   1.49000E+05  4.20639E+00                  169   2.47000E+00  1.52139E+01
  44   1.28300E+05  4.35597E+00                  170   2.38000E+00  1.52510E+01
  45   1.00000E+05  4.60517E+00                  171   2.30000E+00  1.52852E+01
  46   8.50000E+04  4.76769E+00                  172   2.21000E+00  1.53251E+01
  47   8.20000E+04  4.80362E+00                  173   2.12000E+00  1.53667E+01
  48   7.50000E+04  4.89285E+00                  174   2.00000E+00  1.54249E+01
  49   7.30000E+04  4.91988E+00                  175   1.94000E+00  1.54554E+01
  50   6.00000E+04  5.11600E+00                  176   1.86000E+00  1.54975E+01
  51   5.20000E+04  5.25910E+00                  177   1.77000E+00  1.55471E+01
  52   5.00000E+04  5.29832E+00                  178   1.68000E+00  1.55993E+01
  53   4.50000E+04  5.40368E+00                  179   1.59000E+00  1.56544E+01
  54   3.00000E+04  5.80914E+00                  180   1.50000E+00  1.57126E+01
  55   2.00000E+04  6.21461E+00                  181   1.45000E+00  1.57465E+01
  56   1.70000E+04  6.37713E+00                  182   1.40000E+00  1.57816E+01
  57   1.30000E+04  6.64539E+00                  183   1.35000E+00  1.58180E+01
  58   9.50000E+03  6.95905E+00                  184   1.30000E+00  1.58557E+01
  59   8.03000E+03  7.12716E+00                  185   1.25000E+00  1.58950E+01
  60   5.70000E+03  7.46987E+00                  186   1.22500E+00  1.59152E+01
  61   3.90000E+03  7.84936E+00                  187   1.20000E+00  1.59358E+01
  62   3.74000E+03  7.89125E+00                  188   1.17500E+00  1.59568E+01
  63   3.00000E+03  8.11173E+00                  189   1.15000E+00  1.59783E+01
  64   2.50000E+03  8.29405E+00                  190   1.14000E+00  1.59871E+01
  65   2.25000E+03  8.39941E+00                  191   1.13000E+00  1.59959E+01
  66   2.20000E+03  8.42188E+00                  192   1.12000E+00  1.60048E+01
  67   1.80000E+03  8.62255E+00                  193   1.11000E+00  1.60137E+01
  68   1.55000E+03  8.77209E+00                  194   1.10000E+00  1.60228E+01
  69   1.50000E+03  8.80488E+00                  195   1.09000E+00  1.60319E+01
  70   1.15000E+03  9.07058E+00                  196   1.08000E+00  1.60411E+01
  71   9.50000E+02  9.26163E+00                  197   1.07000E+00  1.60504E+01
  72   6.83000E+02  9.59160E+00                  198   1.06000E+00  1.60598E+01
  73   6.70000E+02  9.61082E+00                  199   1.05000E+00  1.60693E+01
  74   5.50000E+02  9.80818E+00                  200   1.04000E+00  1.60789E+01
  75   3.05000E+02  1.03978E+01                  201   1.03000E+00  1.60885E+01
  76   2.85000E+02  1.04656E+01                  202   1.02000E+00  1.60983E+01
  77   2.40000E+02  1.06375E+01                  203   1.01000E+00  1.61081E+01
  78   2.20000E+02  1.07245E+01                  204   1.00000E+00  1.61181E+01
  79   2.09500E+02  1.07734E+01                  205   9.75000E-01  1.61434E+01
  80   2.07400E+02  1.07834E+01                  206   9.50000E-01  1.61694E+01
  81   2.02000E+02  1.08098E+01                  207   9.25000E-01  1.61961E+01
  82   1.93000E+02  1.08554E+01                  208   9.00000E-01  1.62235E+01
  83   1.91500E+02  1.08632E+01                  209   8.50000E-01  1.62806E+01
  84   1.88500E+02  1.08790E+01                  210   8.00000E-01  1.63412E+01
  85   1.87700E+02  1.08833E+01                  211   7.50000E-01  1.64058E+01
  86   1.80000E+02  1.09251E+01                  212   7.00000E-01  1.64748E+01
  87   1.70000E+02  1.09823E+01                  213   6.50000E-01  1.65489E+01
  88   1.43000E+02  1.11553E+01                  214   6.25000E-01  1.65881E+01
  89   1.22000E+02  1.13141E+01                  215   6.00000E-01  1.66289E+01
  90   1.19000E+02  1.13390E+01                  216   5.50000E-01  1.67159E+01
  91   1.17500E+02  1.13517E+01                  217   5.00000E-01  1.68112E+01
  92   1.16000E+02  1.13645E+01                  218   4.50000E-01  1.69166E+01
  93   1.13000E+02  1.13907E+01                  219   4.00000E-01  1.70344E+01
  94   1.08000E+02  1.14360E+01                  220   3.75000E-01  1.70989E+01
  95   1.05000E+02  1.14641E+01                  221   3.50000E-01  1.71679E+01
  96   1.01200E+02  1.15010E+01                  222   3.25000E-01  1.72420E+01
  97   9.70000E+01  1.15434E+01                  223   3.00000E-01  1.73221E+01
  98   9.00000E+01  1.16183E+01                  224   2.75000E-01  1.74091E+01
  99   8.17000E+01  1.17150E+01                  225   2.50000E-01  1.75044E+01
 100   8.00000E+01  1.17361E+01                  226   2.25000E-01  1.76098E+01
 101   7.60000E+01  1.17874E+01                  227   2.00000E-01  1.77275E+01
 102   7.20000E+01  1.18414E+01                  228   1.75000E-01  1.78611E+01
 103   6.75000E+01  1.19060E+01                  229   1.50000E-01  1.80152E+01
 104   6.50000E+01  1.19437E+01                  230   1.25000E-01  1.81975E+01
 105   6.30000E+01  1.19750E+01                  231   1.00000E-01  1.84207E+01
 106   6.10000E+01  1.20072E+01                  232   9.00000E-02  1.85260E+01
 107   5.80000E+01  1.20577E+01                  233   8.00000E-02  1.86438E+01
 108   5.34000E+01  1.21403E+01                  234   7.00000E-02  1.87774E+01
 109   5.06000E+01  1.21941E+01                  235   6.00000E-02  1.89315E+01
 110   4.83000E+01  1.22407E+01                  236   5.00000E-02  1.91138E+01
 111   4.52000E+01  1.23070E+01                  237   4.00000E-02  1.93370E+01
 112   4.40000E+01  1.23339E+01                  238   3.00000E-02  1.96247E+01
 113   4.24000E+01  1.23709E+01                  239   2.53000E-02  1.97950E+01
 114   4.10000E+01  1.24045E+01                  240   1.00000E-02  2.07233E+01
 115   3.96000E+01  1.24393E+01                  241   7.50000E-03  2.10109E+01
 116   3.91000E+01  1.24520E+01                  242   5.00000E-03  2.14164E+01
 117   3.80000E+01  1.24805E+01                  243   4.00000E-03  2.16396E+01
 118   3.76300E+01  1.24903E+01                  244   3.00000E-03  2.19272E+01
 119   3.72700E+01  1.24999E+01                  245   2.50000E-03  2.21096E+01
 120   3.71300E+01  1.25037E+01                  246   2.00000E-03  2.23327E+01
 121   3.70000E+01  1.25072E+01                  247   1.50000E-03  2.26204E+01
 122   3.60000E+01  1.25346E+01                  248   1.20000E-03  2.28435E+01
 123   3.55000E+01  1.25486E+01                  249   1.00000E-03  2.30259E+01
 124   3.50000E+01  1.25627E+01                  250   7.50000E-04  2.33135E+01
 125   3.37500E+01  1.25991E+01                  251   5.00000E-04  2.37190E+01
 126   3.32500E+01  1.26140E+01                  252   1.00000E-04  2.53284E+01
                                                 253   1.00000E-05  2.76310E+01

1         ***************************
          ***************************
          ** Quadrature Parameters **
          ***************************
          ***************************

 Quadrature angles and weights for first quadrant:
 (  1 angles/quadrant for S- 2 quadrature.)

 Angle No.    Mu                  Eta                Weight       Angle in x-y   Elevation
                                                                 plane (degrees) (degrees)
    1    5.77350269D-01      5.77350269D-01      2.50000000D-01       45.00        35.26


1         **********************************
          **********************************
          ** Quadrature Reflection Angles **
          **********************************
          **********************************
                (Angles are in degrees)

        2 primary   (incoming) angles on each side.
        2 reflected (outgoing) angles on each side.

  Side No. (slope)   Direction No. Primary angle (slope/elevation) Reflecting Angle (slope/elevation)

      1  (   0.00)       1             1  (  45.00/  35.26)            4  ( -45.00/  35.26)
                         2             2  ( 135.00/  35.26)            3  (-135.00/  35.26)

      2  ( -90.00)       1             1  (  45.00/  35.26)            2  ( 135.00/  35.26)
                         2             4  ( -45.00/  35.26)            3  (-135.00/  35.26)

      3  (  90.00)       1             2  ( 135.00/  35.26)            1  (  45.00/  35.26)
                         2             3  (-135.00/  35.26)            4  ( -45.00/  35.26)

      4  ( 180.00)       1             3  (-135.00/  35.26)            2  ( 135.00/  35.26)
                         2             4  ( -45.00/  35.26)            1  (  45.00/  35.26)





 Scattering constants for first quadrant
 ( 3 moments for p-1 scattering)
 Angle       ------- Moment No. -------
  No.       0             1             2
    1    1.00000E+00  1.00000E+00 -7.07107E-01


1         **************************
          **************************
          **** Mixture Volumes *****
          **************************
          **************************


  Mixture       Volume        Volume
    ID     (cc/unit length)  Fraction
     0       0.00000E+00      0.00000E+00
     1       4.00000E-02      1.00000E+00
 Total       4.00000E-02      1.00000E+00


  Memory size of attenuation factors(MB)=      0.02



 =====================================================================================
   Outer iteration sweep begins.

 Outer  Eigen-  Eigenvalue Max Flux  Max Flux     Max Fuel  Max Fuel     Inners 
 It. #   value     Delta    Delta   Location(r,g)  Delta   Location(r,g) Cnvrged
 - - - - - - - - - - - - - - - - - - - - - - - - - - - - - - - - - - - - - - - - 
    1 1.00000   0.000E+00 2.487E+07 (    1,  1)   1.000E+00 (    1,  0)    F
    2 1.03527   3.407E-02 1.512E+04 (    1,  3)   3.407E-02 (    1,  0)    F
    3 1.06620   2.900E-02 1.436E+04 (    1,  1)   1.471E-02 (    1,  0)    F
    4 1.04561   1.969E-02 1.436E+04 (    1,  1)   9.747E-03 (    1,  0)    F
    5 1.01453   3.064E-02 1.662E-02 (    1,235)   1.509E-02 (    1,  0)    F
    6 0.98513   2.984E-02 1.477E-02 (    1,238)   1.470E-02 (    1,  0)    F
    7 0.95912   2.712E-02 1.340E-02 (    1,207)   1.338E-02 (    1,  0)    F
    8 0.93626   2.442E-02 1.208E-02 (    1,207)   1.206E-02 (    1,  0)    F
    9 0.91618   2.192E-02 1.086E-02 (    1,207)   1.084E-02 (    1,  0)    F
   10 0.89853   1.964E-02 9.735E-03 (    1,207)   9.722E-03 (    1,  0)    F
   11 0.88303   1.756E-02 8.714E-03 (    1,207)   8.702E-03 (    1,  0)    F
   12 0.86941   1.567E-02 7.786E-03 (    1,207)   7.774E-03 (    1,  0)    F
   13 0.85743   1.397E-02 6.945E-03 (    1,207)   6.935E-03 (    1,  0)    F
   14 0.84690   1.243E-02 6.186E-03 (    1,207)   6.177E-03 (    1,  0)    F
   15 0.83765   1.105E-02 5.503E-03 (    1,207)   5.495E-03 (    1,  0)    F
   16 0.82951   9.812E-03 4.889E-03 (    1,207)   4.882E-03 (    1,  0)    F
   17 0.82235   8.704E-03 4.340E-03 (    1,207)   4.333E-03 (    1,  0)    F
   18 0.81606   7.714E-03 3.848E-03 (    1,207)   3.842E-03 (    1,  0)    F
   19 0.81052   6.832E-03 3.409E-03 (    1,207)   3.404E-03 (    1,  0)    F
   20 0.80565   6.046E-03 3.019E-03 (    1,207)   3.014E-03 (    1,  0)    F
   21 0.80136   5.347E-03 2.671E-03 (    1,207)   2.666E-03 (    1,  0)    F
   22 0.79759   4.726E-03 2.361E-03 (    1,209)   2.358E-03 (    1,  0)    F
   23 0.79428   4.176E-03 2.087E-03 (    1,209)   2.084E-03 (    1,  0)    F
   24 0.79136   3.688E-03 1.843E-03 (    1,209)   1.840E-03 (    1,  0)    F
   25 0.78879   3.256E-03 1.628E-03 (    1,209)   1.625E-03 (    1,  0)    F
   26 0.78653   2.873E-03 1.437E-03 (    1,209)   1.434E-03 (    1,  0)    F
   27 0.78454   2.535E-03 1.268E-03 (    1,207)   1.266E-03 (    1,  0)    F
   28 0.78279   2.235E-03 1.118E-03 (    1,209)   1.116E-03 (    1,  0)    F
   29 0.78125   1.971E-03 9.862E-04 (    1,209)   9.846E-04 (    1,  0)    F
   30 0.77990   1.738E-03 8.695E-04 (    1,209)   8.681E-04 (    1,  0)    F
   31 0.77870   1.532E-03 7.665E-04 (    1,209)   7.653E-04 (    1,  0)    F
   32 0.77765   1.350E-03 6.756E-04 (    1,209)   6.745E-04 (    1,  0)    F
   33 0.77673   1.189E-03 5.954E-04 (    1,209)   5.944E-04 (    1,  0)    F
   34 0.77592   1.048E-03 5.246E-04 (    1,209)   5.237E-04 (    1,  0)    F
   35 0.77520   9.232E-04 4.622E-04 (    1,209)   4.614E-04 (    1,  0)    F
   36 0.77457   8.132E-04 4.071E-04 (    1,207)   4.064E-04 (    1,  0)    F
   37 0.77402   7.163E-04 3.586E-04 (    1,209)   3.580E-04 (    1,  0)    F
   38 0.77353   6.309E-04 3.158E-04 (    1,209)   3.153E-04 (    1,  0)    F
   39 0.77310   5.556E-04 2.782E-04 (    1,209)   2.777E-04 (    1,  0)    F
   40 0.77272   4.892E-04 2.450E-04 (    1,209)   2.446E-04 (    1,  0)    F
   41 0.77239   4.308E-04 2.157E-04 (    1,209)   2.154E-04 (    1,  0)    F
   42 0.77210   3.793E-04 1.900E-04 (    1,209)   1.896E-04 (    1,  0)    F
   43 0.77184   3.340E-04 1.673E-04 (    1,209)   1.670E-04 (    1,  0)    F
   44 0.77161   2.941E-04 1.473E-04 (    1,209)   1.470E-04 (    1,  0)    F
   45 0.77141   2.589E-04 1.297E-04 (    1,209)   1.294E-04 (    1,  0)    F
   46 0.77124   2.280E-04 1.142E-04 (    1,207)   1.140E-04 (    1,  0)    F
   47 0.77108   2.007E-04 1.005E-04 (    1,209)   1.003E-04 (    1,  0)    F
   48 0.77095   1.767E-04 8.848E-05 (    1,206)   8.833E-05 (    1,  0)    F
   49 0.77083   1.555E-04 7.789E-05 (    1,209)   7.776E-05 (    1,  0)    F
   50 0.77072   1.369E-04 6.858E-05 (    1,203)   6.846E-05 (    1,  0)    F
   51 0.77063   1.205E-04 6.036E-05 (    1,202)   6.027E-05 (    1,  0)    F
   52 0.77054   1.061E-04 5.315E-05 (    1,209)   5.305E-05 (    1,  0)    F
   53 0.77047   9.342E-05 4.678E-05 (    1,199)   4.671E-05 (    1,  0)    F
   54 0.77041   8.224E-05 4.119E-05 (    1,207)   4.112E-05 (    1,  0)    F
   55 0.77035   7.239E-05 3.626E-05 (    1,208)   3.619E-05 (    1,  0)    F
   56 0.77030   6.372E-05 3.191E-05 (    1,206)   3.186E-05 (    1,  0)    F
   57 0.77026   5.609E-05 2.810E-05 (    1,203)   2.805E-05 (    1,  0)    F
   58 0.77022   4.938E-05 2.474E-05 (    1,202)   2.469E-05 (    1,  0)    F
   59 0.77019   4.346E-05 2.177E-05 (    1,209)   2.173E-05 (    1,  0)    F
   60 0.77016   3.825E-05 1.916E-05 (    1,198)   1.913E-05 (    1,  0)    F
   61 0.77013   3.368E-05 1.688E-05 (    1,207)   1.684E-05 (    1,  0)    F
   62 0.77011   2.965E-05 1.485E-05 (    1,206)   1.482E-05 (    1,  0)    F
   63 0.77009   2.610E-05 1.308E-05 (    1,203)   1.305E-05 (    1,  0)    F
   64 0.77007   2.297E-05 1.150E-05 (    1,201)   1.148E-05 (    1,  0)    F
   65 0.77006   2.023E-05 1.013E-05 (    1,209)   1.011E-05 (    1,  0)    F
   66 0.77004   1.779E-05 8.922E-06 (    1,208)   8.897E-06 (    1,  0)    F
   67 0.77003   1.567E-05 7.856E-06 (    1,206)   7.833E-06 (    1,  0)    F
   68 0.77002   1.379E-05 6.912E-06 (    1,198)   6.897E-06 (    1,  0)    F
   69 0.77001   1.214E-05 6.087E-06 (    1,207)   6.069E-06 (    1,  0)    F
   70 0.77000   1.068E-05 5.351E-06 (    1, 18)   5.340E-06 (    1,  0)    F
   71 0.77000   9.412E-06 4.722E-06 (    1,201)   4.706E-06 (    1,  0)    F
   72 0.76999   8.170E-06 4.123E-06 (    1,238)   4.139E-06 (    1,  0)    F
   73 0.76999   6.987E-06 3.656E-06 (    1,238)   3.654E-06 (    1,  0)    F
   74 0.76998   5.986E-06 3.239E-06 (    1,237)   3.246E-06 (    1,  0)    F
   75 0.76998   5.141E-06 2.893E-06 (    1,238)   2.893E-06 (    1,  0)    F
   76 0.76997   4.432E-06 2.593E-06 (    1,238)   2.590E-06 (    1,  0)    F
   77 0.76997   3.839E-06 2.325E-06 (    1,236)   2.331E-06 (    1,  0)    F
   78 0.76997   3.327E-06 2.102E-06 (    1,238)   2.100E-06 (    1,  0)    F
   79 0.76997   2.903E-06 1.899E-06 (    1,238)   1.908E-06 (    1,  0)    T
   80 0.76996   2.526E-06 1.732E-06 (    1,236)   1.727E-06 (    1,  0)    T
   81 0.76996   2.221E-06 1.580E-06 (    1,238)   1.583E-06 (    1,  0)    T
   82 0.76996   1.950E-06 1.447E-06 (    1,238)   1.448E-06 (    1,  0)    T
   83 0.76996   1.716E-06 1.334E-06 (    1,235)   1.330E-06 (    1,  0)    T
   84 0.76996   1.522E-06 1.220E-06 (    1,234)   1.233E-06 (    1,  0)    T
   85 0.76996   1.341E-06 1.133E-06 (    1,238)   1.134E-06 (    1,  0)    T
   86 0.76996   1.186E-06 1.054E-06 (    1,236)   1.052E-06 (    1,  0)    T
   87 0.76996   1.055E-06 9.822E-07 (    1,236)   9.817E-07 (    1,  0)    T
   88 0.76995   9.368E-07 9.011E-07 (    1,237)   9.157E-07 (    1,  0)    T
   89 0.76995   8.430E-07 8.436E-07 (    1,238)   8.430E-07 (    1,  0)    T
 k-eff =       0.76995412     



   Four-Factor Estimate of k-infinity.  Fast/Thermal boundary:   0.6250 eV
      Fiss. neutrons/thermal abs. (eta):          0.843042
      Thermal utilization (f):                    1.000000
      Resonance Escape probability (p):           0.879398
      Fast-fission factor (epsilon):              1.038545
                                            --------------
      Infinite neutron multiplication             0.769945


   Alternate 3-Group Formulation Terms. 
   Fast/Res. boundary:   0.8210 MeV.  Res./Therm. boundary:   0.6250eV
      Fiss. neutrons/thermal abs. (eta):          0.843042
      Thermal utilization (f):                    1.000000
      Resonance Escape probability (p):           0.886585
      Fast Escape probability (pf):               0.991894
      Fast-fission factor (epsilon):              1.038545




 Critical Spectra Calculated with the B1 Method
 Input buckling of  0.00000E+00 gives a corresponding k-eff of  7.69942E-01
 Equivalent core height is infinite.

  Group   Upper      Critical   Inf.Med.   Critical   Inf.Med.  
   No    Energy(eV)   Flux       Flux      Adj.Flux   Adj.Flux  

     1  2.0000E+07  0.000E+00  0.000E+00  1.092E-03  1.092E-03
     2  1.7330E+07  0.000E+00  0.000E+00  1.507E-03  1.507E-03
     3  1.5680E+07  0.000E+00  0.000E+00  1.925E-03  1.925E-03
     4  1.4550E+07  7.841E-09  7.841E-09  2.817E-03  2.817E-03
     5  1.3840E+07  2.025E-05  2.025E-05  1.837E-03  1.837E-03
     6  1.2840E+07  1.383E-04  1.383E-04  5.352E-04  5.352E-04
     7  1.0000E+07  5.434E-04  5.434E-04  6.817E-04  6.817E-04
     8  8.1870E+06  1.623E-03  1.623E-03  5.625E-04  5.625E-04
     9  6.4340E+06  3.852E-03  3.852E-03  4.540E-04  4.540E-04
    10  4.8000E+06  5.708E-03  5.708E-03  1.216E-03  1.216E-03
    11  4.3040E+06  7.778E-03  7.778E-03  3.684E-04  3.684E-04
    12  3.0000E+06  1.106E-02  1.106E-02  6.950E-04  6.950E-04
    13  2.4790E+06  1.214E-02  1.214E-02  2.557E-03  2.557E-03
    14  2.3540E+06  1.070E-02  1.070E-02  5.473E-04  5.473E-04
    15  1.8500E+06  1.034E-02  1.034E-02  6.252E-04  6.252E-04
    16  1.5000E+06  1.038E-02  1.038E-02  1.893E-03  1.893E-03
    17  1.4000E+06  1.001E-02  1.001E-02  4.081E-03  4.081E-03
    18  1.3560E+06  8.753E-03  8.753E-03  4.461E-03  4.461E-03
    19  1.3170E+06  9.437E-03  9.437E-03  2.492E-03  2.492E-03
    20  1.2500E+06  1.003E-02  1.003E-02  3.187E-03  3.187E-03
    21  1.2000E+06  9.193E-03  9.193E-03  1.495E-03  1.495E-03
    22  1.1000E+06  7.728E-03  7.728E-03  1.524E-03  1.524E-03
    23  1.0100E+06  7.537E-03  7.537E-03  1.393E-03  1.393E-03
    24  9.2000E+05  8.331E-03  8.331E-03  5.916E-03  5.916E-03
    25  9.0000E+05  8.582E-03  8.582E-03  4.616E-03  4.616E-03
    26  8.7500E+05  8.868E-03  8.868E-03  8.120E-03  8.120E-03
    27  8.6110E+05  9.344E-03  9.344E-03  2.659E-03  2.659E-03
    28  8.2000E+05  9.437E-03  9.437E-03  1.457E-03  1.457E-03
    29  7.5000E+05  8.272E-03  8.272E-03  1.308E-03  1.308E-03
    30  6.7900E+05  7.857E-03  7.857E-03  9.746E-03  9.746E-03
    31  6.7000E+05  7.531E-03  7.531E-03  1.178E-03  1.178E-03
    32  6.0000E+05  7.156E-03  7.156E-03  2.825E-03  2.825E-03
    33  5.7300E+05  6.956E-03  6.956E-03  3.175E-03  3.175E-03
    34  5.5000E+05  6.604E-03  6.604E-03  1.167E-03  1.167E-03
    35  4.9200E+05  6.012E-03  6.012E-03  2.843E-03  2.843E-03
    36  4.7000E+05  5.074E-03  5.074E-03  1.972E-03  1.972E-03
    37  4.4000E+05  4.350E-03  4.350E-03  2.796E-03  2.796E-03
    38  4.2000E+05  5.158E-03  5.158E-03  2.666E-03  2.666E-03
    39  4.0000E+05  5.440E-03  5.440E-03  6.762E-04  6.762E-04
    40  3.3000E+05  5.183E-03  5.183E-03  6.482E-04  6.482E-04
    41  2.7000E+05  4.377E-03  4.377E-03  4.335E-04  4.335E-04
    42  2.0000E+05  3.785E-03  3.785E-03  4.419E-04  4.419E-04
    43  1.4900E+05  3.434E-03  3.434E-03  8.698E-04  8.698E-04
    44  1.2830E+05  3.171E-03  3.171E-03  5.221E-04  5.221E-04
    45  1.0000E+05  2.956E-03  2.956E-03  8.006E-04  8.006E-04
    46  8.5000E+04  2.861E-03  2.861E-03  3.621E-03  3.621E-03
    47  8.2000E+04  2.806E-03  2.806E-03  1.458E-03  1.458E-03
    48  7.5000E+04  2.754E-03  2.754E-03  4.814E-03  4.814E-03
    49  7.3000E+04  2.666E-03  2.666E-03  6.634E-04  6.634E-04
    50  6.0000E+04  2.549E-03  2.549E-03  9.092E-04  9.092E-04
    51  5.2000E+04  2.492E-03  2.492E-03  3.317E-03  3.317E-03
    52  5.0000E+04  2.450E-03  2.450E-03  1.235E-03  1.235E-03
    53  4.5000E+04  2.325E-03  2.325E-03  3.209E-04  3.209E-04
    54  3.0000E+04  2.178E-03  2.178E-03  3.210E-04  3.210E-04
    55  2.0000E+04  2.108E-03  2.108E-03  8.009E-04  8.009E-04
    56  1.7000E+04  2.067E-03  2.067E-03  4.852E-04  4.852E-04
    57  1.3000E+04  2.020E-03  2.020E-03  4.150E-04  4.150E-04
    58  9.5000E+03  1.989E-03  1.989E-03  7.745E-04  7.745E-04
    59  8.0300E+03  1.966E-03  1.966E-03  3.799E-04  3.799E-04
    60  5.7000E+03  1.939E-03  1.939E-03  3.432E-04  3.432E-04
    61  3.9000E+03  1.931E-03  1.931E-03  3.110E-03  3.110E-03
    62  3.7400E+03  1.920E-03  1.920E-03  5.908E-04  5.908E-04
    63  3.0000E+03  1.914E-03  1.914E-03  7.146E-04  7.146E-04
    64  2.5000E+03  1.901E-03  1.901E-03  1.236E-03  1.236E-03
    65  2.2500E+03  1.908E-03  1.908E-03  5.801E-03  5.801E-03
    66  2.2000E+03  1.903E-03  1.903E-03  6.495E-04  6.495E-04
    67  1.8000E+03  1.896E-03  1.896E-03  8.713E-04  8.713E-04
    68  1.5500E+03  1.894E-03  1.894E-03  3.976E-03  3.976E-03
    69  1.5000E+03  1.890E-03  1.890E-03  4.906E-04  4.906E-04
    70  1.1500E+03  1.882E-03  1.882E-03  6.822E-04  6.822E-04
    71  9.5000E+02  1.880E-03  1.880E-03  3.952E-04  3.952E-04
    72  6.8300E+02  1.880E-03  1.880E-03  6.808E-03  6.808E-03
    73  6.7000E+02  1.872E-03  1.872E-03  6.608E-04  6.608E-04
    74  5.5000E+02  1.867E-03  1.867E-03  2.216E-04  2.216E-04
    75  3.0500E+02  1.856E-03  1.856E-03  1.921E-03  1.921E-03
    76  2.8500E+02  1.858E-03  1.858E-03  7.609E-04  7.609E-04
    77  2.4000E+02  1.846E-03  1.846E-03  1.496E-03  1.496E-03
    78  2.2000E+02  1.855E-03  1.855E-03  2.683E-03  2.683E-03
    79  2.0950E+02  1.467E-03  1.467E-03  1.185E-02  1.185E-02
    80  2.0740E+02  1.952E-03  1.952E-03  4.981E-03  4.981E-03
    81  2.0200E+02  1.851E-03  1.851E-03  2.884E-03  2.884E-03
    82  1.9300E+02  1.813E-03  1.813E-03  1.678E-02  1.678E-02
    83  1.9150E+02  1.317E-03  1.317E-03  7.849E-03  7.849E-03
    84  1.8850E+02  2.566E-03  2.566E-03  3.072E-02  3.072E-02
    85  1.8770E+02  1.960E-03  1.960E-03  3.140E-03  3.140E-03
    86  1.8000E+02  1.855E-03  1.855E-03  2.304E-03  2.304E-03
    87  1.7000E+02  1.849E-03  1.849E-03  7.587E-04  7.587E-04
    88  1.4300E+02  1.854E-03  1.854E-03  8.290E-04  8.290E-04
    89  1.2200E+02  1.851E-03  1.851E-03  5.284E-03  5.284E-03
    90  1.1900E+02  1.827E-03  1.827E-03  1.031E-02  1.031E-02
    91  1.1750E+02  1.407E-03  1.407E-03  8.650E-03  8.650E-03
    92  1.1600E+02  1.931E-03  1.931E-03  5.030E-03  5.030E-03
    93  1.1300E+02  1.846E-03  1.846E-03  2.913E-03  2.913E-03
    94  1.0800E+02  1.840E-03  1.840E-03  4.678E-03  4.678E-03
    95  1.0500E+02  1.637E-03  1.637E-03  3.326E-03  3.326E-03
    96  1.0120E+02  1.908E-03  1.908E-03  3.118E-03  3.118E-03
    97  9.7000E+01  1.839E-03  1.839E-03  1.767E-03  1.767E-03
    98  9.0000E+01  1.839E-03  1.839E-03  1.367E-03  1.367E-03
    99  8.1700E+01  1.747E-03  1.747E-03  5.981E-03  5.981E-03
   100  8.0000E+01  1.841E-03  1.841E-03  2.581E-03  2.581E-03
   101  7.6000E+01  1.838E-03  1.838E-03  2.451E-03  2.451E-03
   102  7.2000E+01  1.835E-03  1.835E-03  2.051E-03  2.051E-03
   103  6.7500E+01  1.583E-03  1.583E-03  3.077E-03  3.077E-03
   104  6.5000E+01  1.852E-03  1.852E-03  4.254E-03  4.254E-03
   105  6.3000E+01  1.826E-03  1.826E-03  4.130E-03  4.130E-03
   106  6.1000E+01  1.826E-03  1.826E-03  2.645E-03  2.645E-03
   107  5.8000E+01  1.823E-03  1.823E-03  1.616E-03  1.616E-03
   108  5.3400E+01  1.824E-03  1.824E-03  2.479E-03  2.479E-03
   109  5.0600E+01  1.826E-03  1.826E-03  2.864E-03  2.864E-03
   110  4.8300E+01  1.826E-03  1.826E-03  2.004E-03  2.004E-03
   111  4.5200E+01  1.825E-03  1.825E-03  4.938E-03  4.938E-03
   112  4.4000E+01  1.826E-03  1.826E-03  3.582E-03  3.582E-03
   113  4.2400E+01  1.823E-03  1.823E-03  3.954E-03  3.954E-03
   114  4.1000E+01  1.822E-03  1.822E-03  3.820E-03  3.820E-03
   115  3.9600E+01  1.812E-03  1.812E-03  1.047E-02  1.047E-02
   116  3.9100E+01  1.810E-03  1.810E-03  4.633E-03  4.633E-03
   117  3.8000E+01  1.782E-03  1.782E-03  1.339E-02  1.339E-02
   118  3.7630E+01  1.719E-03  1.719E-03  1.325E-02  1.325E-02
   119  3.7270E+01  1.579E-03  1.579E-03  3.183E-02  3.183E-02
   120  3.7130E+01  1.270E-03  1.270E-03  3.012E-02  3.012E-02
   121  3.7000E+01  1.177E-03  1.177E-03  3.291E-03  3.291E-03
   122  3.6000E+01  1.955E-03  1.955E-03  9.454E-03  9.454E-03
   123  3.5500E+01  1.776E-03  1.776E-03  9.531E-03  9.531E-03
   124  3.5000E+01  1.786E-03  1.786E-03  3.705E-03  3.705E-03
   125  3.3750E+01  1.787E-03  1.787E-03  9.022E-03  9.022E-03
   126  3.3250E+01  1.793E-03  1.793E-03  2.919E-03  2.919E-03
   127  3.1750E+01  1.796E-03  1.796E-03  8.482E-03  8.482E-03
   128  3.1250E+01  1.795E-03  1.795E-03  3.299E-03  3.299E-03
   129  3.0000E+01  1.798E-03  1.798E-03  1.548E-03  1.548E-03
   130  2.7500E+01  1.800E-03  1.800E-03  1.409E-03  1.409E-03
   131  2.5000E+01  1.796E-03  1.796E-03  1.272E-03  1.272E-03
   132  2.2500E+01  1.788E-03  1.788E-03  3.933E-03  3.933E-03
   133  2.1750E+01  1.724E-03  1.724E-03  5.035E-03  5.035E-03
   134  2.1200E+01  8.901E-04  8.901E-04  2.122E-03  2.122E-03
   135  2.0500E+01  1.776E-03  1.776E-03  5.408E-03  5.408E-03
   136  2.0000E+01  1.740E-03  1.740E-03  4.490E-03  4.490E-03
   137  1.9400E+01  1.741E-03  1.741E-03  2.900E-03  2.900E-03
   138  1.8500E+01  1.752E-03  1.752E-03  1.624E-03  1.624E-03
   139  1.7000E+01  1.752E-03  1.752E-03  2.267E-03  2.267E-03
   140  1.6000E+01  1.762E-03  1.762E-03  1.304E-03  1.304E-03
   141  1.4400E+01  1.761E-03  1.761E-03  1.251E-03  1.251E-03
   142  1.2900E+01  1.754E-03  1.754E-03  1.704E-03  1.704E-03
   143  1.1900E+01  1.751E-03  1.751E-03  4.004E-03  4.004E-03
   144  1.1500E+01  1.758E-03  1.758E-03  9.825E-04  9.825E-04
   145  1.0000E+01  1.755E-03  1.755E-03  1.458E-03  1.458E-03
   146  9.1000E+00  1.745E-03  1.745E-03  1.178E-03  1.178E-03
   147  8.1000E+00  1.743E-03  1.743E-03  1.083E-03  1.083E-03
   148  7.1500E+00  1.702E-03  1.702E-03  6.271E-03  6.271E-03
   149  7.0000E+00  1.636E-03  1.636E-03  7.075E-03  7.075E-03
   150  6.8750E+00  1.102E-03  1.102E-03  4.722E-03  4.722E-03
   151  6.7500E+00  5.786E-04  5.786E-04  1.265E-03  1.265E-03
   152  6.5000E+00  1.569E-03  1.569E-03  3.421E-03  3.421E-03
   153  6.2500E+00  1.642E-03  1.642E-03  3.455E-03  3.455E-03
   154  6.0000E+00  1.655E-03  1.655E-03  1.351E-03  1.351E-03
   155  5.4000E+00  1.666E-03  1.666E-03  1.854E-03  1.854E-03
   156  5.0000E+00  1.694E-03  1.694E-03  2.305E-03  2.305E-03
   157  4.7000E+00  1.712E-03  1.712E-03  1.046E-03  1.046E-03
   158  4.1000E+00  1.705E-03  1.705E-03  1.512E-03  1.512E-03
   159  3.7300E+00  1.714E-03  1.714E-03  2.250E-03  2.250E-03
   160  3.5000E+00  1.722E-03  1.722E-03  1.597E-03  1.597E-03
   161  3.2000E+00  1.726E-03  1.726E-03  4.512E-03  4.512E-03
   162  3.1000E+00  1.745E-03  1.745E-03  4.367E-03  4.367E-03
   163  3.0000E+00  1.777E-03  1.777E-03  1.424E-02  1.424E-02
   164  2.9700E+00  1.762E-03  1.762E-03  4.179E-03  4.179E-03
   165  2.8700E+00  1.752E-03  1.752E-03  4.035E-03  4.035E-03
   166  2.7700E+00  1.745E-03  1.745E-03  3.891E-03  3.891E-03
   167  2.6700E+00  1.745E-03  1.745E-03  3.748E-03  3.748E-03
   168  2.5700E+00  1.748E-03  1.748E-03  3.605E-03  3.605E-03
   169  2.4700E+00  1.751E-03  1.751E-03  3.855E-03  3.855E-03
   170  2.3800E+00  1.754E-03  1.754E-03  4.185E-03  4.185E-03
   171  2.3000E+00  1.757E-03  1.757E-03  3.585E-03  3.585E-03
   172  2.2100E+00  1.760E-03  1.760E-03  3.442E-03  3.442E-03
   173  2.1200E+00  1.763E-03  1.763E-03  2.455E-03  2.455E-03
   174  2.0000E+00  1.768E-03  1.768E-03  4.699E-03  4.699E-03
   175  1.9400E+00  1.773E-03  1.773E-03  3.399E-03  3.399E-03
   176  1.8600E+00  1.778E-03  1.778E-03  2.887E-03  2.887E-03
   177  1.7700E+00  1.784E-03  1.784E-03  2.744E-03  2.744E-03
   178  1.6800E+00  1.790E-03  1.790E-03  2.601E-03  2.601E-03
   179  1.5900E+00  1.798E-03  1.798E-03  2.458E-03  2.458E-03
   180  1.5000E+00  1.804E-03  1.804E-03  4.225E-03  4.225E-03
   181  1.4500E+00  1.809E-03  1.809E-03  4.082E-03  4.082E-03
   182  1.4000E+00  1.815E-03  1.815E-03  3.939E-03  3.939E-03
   183  1.3500E+00  1.821E-03  1.821E-03  3.796E-03  3.796E-03
   184  1.3000E+00  1.827E-03  1.827E-03  3.654E-03  3.654E-03
   185  1.2500E+00  1.831E-03  1.831E-03  7.097E-03  7.097E-03
   186  1.2250E+00  1.833E-03  1.833E-03  6.957E-03  6.957E-03
   187  1.2000E+00  1.836E-03  1.836E-03  6.819E-03  6.819E-03
   188  1.1750E+00  1.838E-03  1.838E-03  6.680E-03  6.680E-03
   189  1.1500E+00  1.841E-03  1.841E-03  1.646E-02  1.646E-02
   190  1.1400E+00  1.842E-03  1.842E-03  1.631E-02  1.631E-02
   191  1.1300E+00  1.844E-03  1.844E-03  1.617E-02  1.617E-02
   192  1.1200E+00  1.846E-03  1.846E-03  1.603E-02  1.603E-02
   193  1.1100E+00  1.848E-03  1.848E-03  1.588E-02  1.588E-02
   194  1.1000E+00  1.850E-03  1.850E-03  1.574E-02  1.574E-02
   195  1.0900E+00  1.852E-03  1.852E-03  1.559E-02  1.559E-02
   196  1.0800E+00  1.854E-03  1.854E-03  1.545E-02  1.545E-02
   197  1.0700E+00  1.857E-03  1.857E-03  1.530E-02  1.530E-02
   198  1.0600E+00  1.859E-03  1.859E-03  1.515E-02  1.515E-02
   199  1.0500E+00  1.861E-03  1.861E-03  1.501E-02  1.501E-02
   200  1.0400E+00  1.864E-03  1.864E-03  1.486E-02  1.486E-02
   201  1.0300E+00  1.866E-03  1.866E-03  1.472E-02  1.472E-02
   202  1.0200E+00  1.869E-03  1.869E-03  1.457E-02  1.457E-02
   203  1.0100E+00  1.871E-03  1.871E-03  1.443E-02  1.443E-02
   204  1.0000E+00  1.875E-03  1.875E-03  5.669E-03  5.669E-03
   205  9.7500E-01  1.882E-03  1.882E-03  5.524E-03  5.524E-03
   206  9.5000E-01  1.888E-03  1.888E-03  5.380E-03  5.380E-03
   207  9.2500E-01  1.895E-03  1.895E-03  5.236E-03  5.236E-03
   208  9.0000E-01  1.907E-03  1.907E-03  2.510E-03  2.510E-03
   209  8.5000E-01  1.925E-03  1.925E-03  2.366E-03  2.366E-03
   210  8.0000E-01  1.946E-03  1.946E-03  2.223E-03  2.223E-03
   211  7.5000E-01  1.970E-03  1.970E-03  2.079E-03  2.079E-03
   212  7.0000E-01  1.999E-03  1.999E-03  1.936E-03  1.936E-03
   213  6.5000E-01  2.026E-03  2.026E-03  3.659E-03  3.659E-03
   214  6.2500E-01  2.051E-03  2.051E-03  3.515E-03  3.515E-03
   215  6.0000E-01  2.101E-03  2.101E-03  1.650E-03  1.650E-03
   216  5.5000E-01  2.211E-03  2.211E-03  1.506E-03  1.506E-03
   217  5.0000E-01  2.427E-03  2.427E-03  1.363E-03  1.363E-03
   218  4.5000E-01  2.887E-03  2.887E-03  1.220E-03  1.220E-03
   219  4.0000E-01  3.503E-03  3.503E-03  2.228E-03  2.228E-03
   220  3.7500E-01  4.139E-03  4.139E-03  2.086E-03  2.086E-03
   221  3.5000E-01  5.037E-03  5.037E-03  1.943E-03  1.943E-03
   222  3.2500E-01  6.285E-03  6.285E-03  1.799E-03  1.799E-03
   223  3.0000E-01  8.007E-03  8.007E-03  1.655E-03  1.655E-03
   224  2.7500E-01  1.032E-02  1.032E-02  1.511E-03  1.511E-03
   225  2.5000E-01  1.335E-02  1.335E-02  1.366E-03  1.366E-03
   226  2.2500E-01  1.717E-02  1.717E-02  1.221E-03  1.221E-03
   227  2.0000E-01  2.173E-02  2.173E-02  1.077E-03  1.077E-03
   228  1.7500E-01  2.676E-02  2.676E-02  9.327E-04  9.327E-04
   229  1.5000E-01  3.159E-02  3.159E-02  7.887E-04  7.887E-04
   230  1.2500E-01  3.497E-02  3.497E-02  6.447E-04  6.447E-04
   231  1.0000E-01  3.568E-02  3.568E-02  1.366E-03  1.366E-03
   232  9.0000E-02  3.507E-02  3.507E-02  1.222E-03  1.222E-03
   233  8.0000E-02  3.351E-02  3.351E-02  1.078E-03  1.078E-03
   234  7.0000E-02  3.089E-02  3.089E-02  9.344E-04  9.344E-04
   235  6.0000E-02  2.712E-02  2.712E-02  7.903E-04  7.903E-04
   236  5.0000E-02  2.225E-02  2.225E-02  6.460E-04  6.460E-04
   237  4.0000E-02  1.646E-02  1.646E-02  5.013E-04  5.013E-04
   238  3.0000E-02  1.203E-02  1.203E-02  8.467E-04  8.467E-04
   239  2.5300E-02  5.529E-03  5.529E-03  1.555E-04  1.555E-04
   240  1.0000E-02  1.763E-03  1.763E-03  5.020E-04  5.020E-04
   241  7.5000E-03  9.396E-04  9.396E-04  3.562E-04  3.562E-04
   242  5.0000E-03  5.100E-04  5.100E-04  6.474E-04  6.474E-04
   243  4.0000E-03  3.138E-04  3.138E-04  5.022E-04  5.022E-04
   244  3.0000E-03  1.975E-04  1.975E-04  7.925E-04  7.925E-04
   245  2.5000E-03  1.333E-04  1.333E-04  6.476E-04  6.476E-04
   246  2.0000E-03  8.117E-05  8.117E-05  5.023E-04  5.023E-04
   247  1.5000E-03  4.880E-05  4.880E-05  6.477E-04  6.477E-04
   248  1.2000E-03  3.258E-05  3.258E-05  7.927E-04  7.927E-04
   249  1.0000E-03  2.063E-05  2.063E-05  5.024E-04  5.024E-04
   250  7.5000E-04  1.047E-05  1.047E-05  3.565E-04  3.565E-04
   251  5.0000E-04  1.792E-06  1.792E-06  8.988E-05  8.988E-05
   252  1.0000E-04  2.238E-08  2.238E-08  6.281E-05  6.281E-05

 NOTE: Flux values above are per unit-lethargy.



  Zone data

      Zone   Mix    Relative     Relative         Zone
       No.   No.      Flux     Fission Power     Volume
     -----------------------------------------------------------------
         1     1   1.00000E+00   1.00000E+00   4.00000E-02



module xsproc is finished. completion code 0.
Sequence T-Newt is finished. completion code 0.

    SCALE is finished on Mon Jan 23 01:37:07 2023.
-------------------------- Summary --------------------------
t-newt finished. used 14.0146 seconds.
SCALE driver required a maximum of 1264 MiB of RAM.
------------------------ End Summary ------------------------

fluxplot_252g.ps copied to /home/ondrejch/scale/rt/HW2-4/fuel0.050/2_4.fluxplot_252g.ps.
