 *******************************************************************************
 *                                                                             *
 *                                 SCALE 6.2.3                                 *
 *                                -------------                                *
 *                                January 2023                                 *
 *                                                                             *
 *           SCALE:  A Comprehensive Modeling and Simulation Suite             *
 *                   for Nuclear Safety Analysis and Design                    *
 *                                                                             *
 *                      Reactor and Nuclear Systems Division                   *
 *                        Oak Ridge National Laboratory                        *
 *                                                                             *
 *                           http://scale.ornl.gov                             *
 *                            scalehelp@ornl.gov                               *
 *                                                                             *
 *******************************************************************************
 *******************************************************************************
      
                  Job Information
                  ---------------
      Job started on node70 on Mon 23/01/2023 01:35:45
      Working directory: /tmp/scale.ondrejch.975525
      Input file name  : /home/ondrejch/scale/rt/HW2-4/enr065/2_4
      Output file name : /home/ondrejch/scale/rt/HW2-4/enr065/2_4.out
      SCALE executable : /opt/scale6.2.3/bin/../bin/scale
      
 *******************************************************************************


    module t-newt will be called on Mon Jan 23 01:35:48 2023.
    sequence specification record:=t-newt
Input Data:

      SCALE Materials HW2 problem 4
      v7-252
      read comp
          uo2       1                                  0.10        550 92235 65.0 92238 35.0 end
          h2o       1 den=0.7561                       0.8999      550 end
          atomboh3  1     1.44 3  5000 1 8000 3 1000 3 0.0001      550 5010 70 5011 30 end
      end comp
      read model
      read parm
        prtflux=yes inners=1000  cmfd=no epsilon=1e-6 sn=2 epsinner=1e-8
      end parm
      read materials
        mix=1 end
      end materials
      read geometry
          global unit 1
          cuboid    1  0.1 -0.1 0.1 -0.1
          media 1 1 1
          boundary 1  1 1
      end geometry
      read bounds
          all=refl
      end bounds
      end model
end




************************************************************************************************************************************
************************************************************************************************************************************
************************************************************************************************************************************
*****                                                                                                                          *****
*****                                             program verification information                                             *****
*****                                                                                                                          *****
*****                                           code system: SCALE   version: 6.2.0                                            *****
*****                                                                                                                          *****
************************************************************************************************************************************
************************************************************************************************************************************
*****                                                                                                                          *****
*****                                                                                                                          *****
*****                      program:  t-newt                                                                                    *****
*****                                                                                                                          *****
*****                      version:  6.2.3 (602003)                                                                            *****
*****                                                                                                                          *****
*****                     username:  ondrejch                                                                                  *****
*****                                                                                                                          *****
*****                     hostname:  node70                                                                                    *****
*****                                                                                                                          *****
*****                                                                                                                          *****
*****            date of execution:  2023-01-23                                                                                *****
*****                                                                                                                          *****
*****            time of execution:  01:35:48                                                                                  *****
*****                                                                                                                          *****
************************************************************************************************************************************
************************************************************************************************************************************
************************************************************************************************************************************



***Warning: Nuclide 8018 is missing cross sections. Introducing zero cross sections.
------------------------------------------------------------------------------------------------------------------------------------

                          NEWT calculation started at  1:36: 3 on  1/23/2023                              

------------------------------------------------------------------------------------------------------------------------------------



1         ***********************
          ***********************
          **  Control Options  **
          ***********************
          ***********************

 Run problem to completion/test input only          run=           yes
 Weighted cross-section collapse/do not collapse    collapse=       no
 Source acceleration on/off                         accel=         yes
 Restart from earlier case/begin new case           restart=        no
 CMFD acceleration (0/1/2/3 = no/rect/yes/part)     cmfd=          0
 Number of fine mesh base grid/coarse grid in X     xcmfd=           1
 Number of fine mesh base grid/coarse grid in Y     ycmfd=           1
 CMFD Multigroup solution only (no 2g)              cmfd2g=         no
 Create restart file upon completion                savrest=       yes
 Calculation type:                                  eigenvalue                      
 Forward/adjoint solution                           forward=       yes

1         **********************
          **********************
          **  Output Options  **
          **********************
          **********************

 Print micro. cross-sections for problem nuclides   prtxsec=        no
 Print macro. cross-sections for mixtures           prtmxsec=       no
 Print balance table                                prtbalnc=       no
 Print mixing table                                 prtmxtab=       no
 Print postscript graphics file for fluxes          prtflux=       yes
 Print postscript grid/mixture geometry graphics    drawit=         no
 Print broad-group fluxes                           prtbroad=       no
 Echo convergence tracking data to std. output      echo=           no

1         ***************************
          ***************************
          ** I/O Unit Assignments  **
          ***************************
          ***************************

 Unit no. for mixing table                          mixtab=         92
 Unit no. of working library                        xnlib=           4
 Unit no. for weighted broad-group library          wtdlib=         30
 Unit no. for homogenized macroscopic x-sect. lib.  hmoglib=        13

1         *************************
          *************************
          ** Convergence Control **
          *************************
          *************************

 Quadrature order                                   sn=              2
 Maximum no. of inner itrs./outer/energy group      inners=       1000
 Maximum no. of outer energy groups                 outers=          250
 Performing thermal group subouter iterations       therm=         yes
 Maximum no. of thermal group subouter itrs./outer  suboutrs=        2
 Convergence criterion on inner iterations          epsinner= 1.00E-08
 Convergence criterion on subouter iterations       epsthrm=  1.00E-06
 Convergence criterion on outer iterations          epsouter= 1.00E-06
 Convergence criterion on eigenvalue                epseigen= 1.00E-06
 First guess for eigenvalue (k-eff)                 kguess=       1.000

1         *****************************
          *****************************
          ** Geometry Specifications **
          *****************************
          *****************************

 Left side x-coordinate                             xmin= -1.00000E-01
 Right side x-coordinate                            xmax=  1.00000E-01
 Bottom side y-coordinate                           ymin= -1.00000E-01
 Top side y-coordinate                              ymax=  1.00000E-01
 Number of subdivisions in x direction              nx=              1
 Number of subdivisions in y direction              ny=              1

 Boundary Conditions (0/1/2/3=vacuum/reflective/white/periodic):
 Left (West)          wbc=         1
 Right (East)         ebc=         1
 Bottom (South)       sbc=         1
 Top (North)          nbc=         1

  Body Characteristics.  Rotation angle in degrees counterclockwise.
  Size parameters. cyl: A=radius, B=no. of sides. cub: A=width, B=height. hex: A(B)=major(minor) radius.
  Body  Input  Zone    Subdiv      --Center--      Size Parameters   Rotation   Chord
  Type  Unit   Number  nx  ny      x        y        A        B      Angle      Information
  ----  -----  -----  --- ---   ------   ------    -----    ------   --------   -----------
 cub     1     1       0   0    0.000    0.000    0.200    0.200    0.000

1         *****************************
          *****************************
          ** Material Specifications **
          *****************************
          *****************************

 Mat'l No.   SCALE ID   Pn order   External source ID   Description (if any)
    1          1           1               0           

1         ************************
          ************************
          ** Derived Parameters **
          ************************
          ************************

 Total number of energy groups                      numen=         252
 Number of neutron groups                           igm=           252
 Number of gamma groups                             ipm=             0
 First thermal energy group                         iftg=          156
 Mixing table length                                nmix=             9
 Number of mixtures created                         nummat=          2
 Number of computational cells                      numcells=        1
 Number of computational surfaces (sides)           numlines=        4
 Combine small grid cells together                  combine=no
 Average number of sides/cell                       avnosides=     4.00
 Minimum number of sides/cell                       mnnosides=       0
 Maximum number of sides/cell                       mxnosides=       4
 Number of angles in quadrature set                 ndir=            4
 Maximum order of Legendre scattering               maxpn=           1
 Number of flux moments                             nmom             3

1         *****************************
          *****************************
          ** Energy Group Structures **
          *****************************
          *****************************

 Energy   Energy      Lethargy        
 Group  Boundaries   Boundaries       
  No.      (eV)                      
   1   2.00000E+07 -6.93147E-01                  127   3.17500E+01  1.26602E+01
   2   1.73300E+07 -5.49854E-01                  128   3.12500E+01  1.26761E+01
   3   1.56800E+07 -4.49801E-01                  129   3.00000E+01  1.27169E+01
   4   1.45500E+07 -3.75006E-01                  130   2.75000E+01  1.28039E+01
   5   1.38400E+07 -3.24978E-01                  131   2.50000E+01  1.28992E+01
   6   1.28400E+07 -2.49980E-01                  132   2.25000E+01  1.30046E+01
   7   1.00000E+07  0.00000E+00                  133   2.17500E+01  1.30385E+01
   8   8.18700E+06  2.00038E-01                  134   2.12000E+01  1.30641E+01
   9   6.43400E+06  4.40989E-01                  135   2.05000E+01  1.30977E+01
  10   4.80000E+06  7.33969E-01                  136   2.00000E+01  1.31224E+01
  11   4.30400E+06  8.43040E-01                  137   1.94000E+01  1.31528E+01
  12   3.00000E+06  1.20397E+00                  138   1.85000E+01  1.32003E+01
  13   2.47900E+06  1.39473E+00                  139   1.70000E+01  1.32849E+01
  14   2.35400E+06  1.44647E+00                  140   1.60000E+01  1.33455E+01
  15   1.85000E+06  1.68740E+00                  141   1.44000E+01  1.34509E+01
  16   1.50000E+06  1.89712E+00                  142   1.29000E+01  1.35609E+01
  17   1.40000E+06  1.96611E+00                  143   1.19000E+01  1.36416E+01
  18   1.35600E+06  1.99805E+00                  144   1.15000E+01  1.36757E+01
  19   1.31700E+06  2.02723E+00                  145   1.00000E+01  1.38155E+01
  20   1.25000E+06  2.07944E+00                  146   9.10000E+00  1.39098E+01
  21   1.20000E+06  2.12026E+00                  147   8.10000E+00  1.40262E+01
  22   1.10000E+06  2.20727E+00                  148   7.15000E+00  1.41510E+01
  23   1.01000E+06  2.29263E+00                  149   7.00000E+00  1.41722E+01
  24   9.20000E+05  2.38597E+00                  150   6.87500E+00  1.41902E+01
  25   9.00000E+05  2.40795E+00                  151   6.75000E+00  1.42086E+01
  26   8.75000E+05  2.43612E+00                  152   6.50000E+00  1.42463E+01
  27   8.61100E+05  2.45213E+00                  153   6.25000E+00  1.42855E+01
  28   8.20000E+05  2.50104E+00                  154   6.00000E+00  1.43263E+01
  29   7.50000E+05  2.59027E+00                  155   5.40000E+00  1.44317E+01
  30   6.79000E+05  2.68972E+00                  156   5.00000E+00  1.45087E+01
  31   6.70000E+05  2.70306E+00                  157   4.70000E+00  1.45705E+01
  32   6.00000E+05  2.81341E+00                  158   4.10000E+00  1.47071E+01
  33   5.73000E+05  2.85945E+00                  159   3.73000E+00  1.48017E+01
  34   5.50000E+05  2.90042E+00                  160   3.50000E+00  1.48653E+01
  35   4.92000E+05  3.01186E+00                  161   3.20000E+00  1.49549E+01
  36   4.70000E+05  3.05761E+00                  162   3.10000E+00  1.49867E+01
  37   4.40000E+05  3.12357E+00                  163   3.00000E+00  1.50195E+01
  38   4.20000E+05  3.17009E+00                  164   2.97000E+00  1.50295E+01
  39   4.00000E+05  3.21888E+00                  165   2.87000E+00  1.50638E+01
  40   3.30000E+05  3.41125E+00                  166   2.77000E+00  1.50992E+01
  41   2.70000E+05  3.61192E+00                  167   2.67000E+00  1.51360E+01
  42   2.00000E+05  3.91202E+00                  168   2.57000E+00  1.51742E+01
  43   1.49000E+05  4.20639E+00                  169   2.47000E+00  1.52139E+01
  44   1.28300E+05  4.35597E+00                  170   2.38000E+00  1.52510E+01
  45   1.00000E+05  4.60517E+00                  171   2.30000E+00  1.52852E+01
  46   8.50000E+04  4.76769E+00                  172   2.21000E+00  1.53251E+01
  47   8.20000E+04  4.80362E+00                  173   2.12000E+00  1.53667E+01
  48   7.50000E+04  4.89285E+00                  174   2.00000E+00  1.54249E+01
  49   7.30000E+04  4.91988E+00                  175   1.94000E+00  1.54554E+01
  50   6.00000E+04  5.11600E+00                  176   1.86000E+00  1.54975E+01
  51   5.20000E+04  5.25910E+00                  177   1.77000E+00  1.55471E+01
  52   5.00000E+04  5.29832E+00                  178   1.68000E+00  1.55993E+01
  53   4.50000E+04  5.40368E+00                  179   1.59000E+00  1.56544E+01
  54   3.00000E+04  5.80914E+00                  180   1.50000E+00  1.57126E+01
  55   2.00000E+04  6.21461E+00                  181   1.45000E+00  1.57465E+01
  56   1.70000E+04  6.37713E+00                  182   1.40000E+00  1.57816E+01
  57   1.30000E+04  6.64539E+00                  183   1.35000E+00  1.58180E+01
  58   9.50000E+03  6.95905E+00                  184   1.30000E+00  1.58557E+01
  59   8.03000E+03  7.12716E+00                  185   1.25000E+00  1.58950E+01
  60   5.70000E+03  7.46987E+00                  186   1.22500E+00  1.59152E+01
  61   3.90000E+03  7.84936E+00                  187   1.20000E+00  1.59358E+01
  62   3.74000E+03  7.89125E+00                  188   1.17500E+00  1.59568E+01
  63   3.00000E+03  8.11173E+00                  189   1.15000E+00  1.59783E+01
  64   2.50000E+03  8.29405E+00                  190   1.14000E+00  1.59871E+01
  65   2.25000E+03  8.39941E+00                  191   1.13000E+00  1.59959E+01
  66   2.20000E+03  8.42188E+00                  192   1.12000E+00  1.60048E+01
  67   1.80000E+03  8.62255E+00                  193   1.11000E+00  1.60137E+01
  68   1.55000E+03  8.77209E+00                  194   1.10000E+00  1.60228E+01
  69   1.50000E+03  8.80488E+00                  195   1.09000E+00  1.60319E+01
  70   1.15000E+03  9.07058E+00                  196   1.08000E+00  1.60411E+01
  71   9.50000E+02  9.26163E+00                  197   1.07000E+00  1.60504E+01
  72   6.83000E+02  9.59160E+00                  198   1.06000E+00  1.60598E+01
  73   6.70000E+02  9.61082E+00                  199   1.05000E+00  1.60693E+01
  74   5.50000E+02  9.80818E+00                  200   1.04000E+00  1.60789E+01
  75   3.05000E+02  1.03978E+01                  201   1.03000E+00  1.60885E+01
  76   2.85000E+02  1.04656E+01                  202   1.02000E+00  1.60983E+01
  77   2.40000E+02  1.06375E+01                  203   1.01000E+00  1.61081E+01
  78   2.20000E+02  1.07245E+01                  204   1.00000E+00  1.61181E+01
  79   2.09500E+02  1.07734E+01                  205   9.75000E-01  1.61434E+01
  80   2.07400E+02  1.07834E+01                  206   9.50000E-01  1.61694E+01
  81   2.02000E+02  1.08098E+01                  207   9.25000E-01  1.61961E+01
  82   1.93000E+02  1.08554E+01                  208   9.00000E-01  1.62235E+01
  83   1.91500E+02  1.08632E+01                  209   8.50000E-01  1.62806E+01
  84   1.88500E+02  1.08790E+01                  210   8.00000E-01  1.63412E+01
  85   1.87700E+02  1.08833E+01                  211   7.50000E-01  1.64058E+01
  86   1.80000E+02  1.09251E+01                  212   7.00000E-01  1.64748E+01
  87   1.70000E+02  1.09823E+01                  213   6.50000E-01  1.65489E+01
  88   1.43000E+02  1.11553E+01                  214   6.25000E-01  1.65881E+01
  89   1.22000E+02  1.13141E+01                  215   6.00000E-01  1.66289E+01
  90   1.19000E+02  1.13390E+01                  216   5.50000E-01  1.67159E+01
  91   1.17500E+02  1.13517E+01                  217   5.00000E-01  1.68112E+01
  92   1.16000E+02  1.13645E+01                  218   4.50000E-01  1.69166E+01
  93   1.13000E+02  1.13907E+01                  219   4.00000E-01  1.70344E+01
  94   1.08000E+02  1.14360E+01                  220   3.75000E-01  1.70989E+01
  95   1.05000E+02  1.14641E+01                  221   3.50000E-01  1.71679E+01
  96   1.01200E+02  1.15010E+01                  222   3.25000E-01  1.72420E+01
  97   9.70000E+01  1.15434E+01                  223   3.00000E-01  1.73221E+01
  98   9.00000E+01  1.16183E+01                  224   2.75000E-01  1.74091E+01
  99   8.17000E+01  1.17150E+01                  225   2.50000E-01  1.75044E+01
 100   8.00000E+01  1.17361E+01                  226   2.25000E-01  1.76098E+01
 101   7.60000E+01  1.17874E+01                  227   2.00000E-01  1.77275E+01
 102   7.20000E+01  1.18414E+01                  228   1.75000E-01  1.78611E+01
 103   6.75000E+01  1.19060E+01                  229   1.50000E-01  1.80152E+01
 104   6.50000E+01  1.19437E+01                  230   1.25000E-01  1.81975E+01
 105   6.30000E+01  1.19750E+01                  231   1.00000E-01  1.84207E+01
 106   6.10000E+01  1.20072E+01                  232   9.00000E-02  1.85260E+01
 107   5.80000E+01  1.20577E+01                  233   8.00000E-02  1.86438E+01
 108   5.34000E+01  1.21403E+01                  234   7.00000E-02  1.87774E+01
 109   5.06000E+01  1.21941E+01                  235   6.00000E-02  1.89315E+01
 110   4.83000E+01  1.22407E+01                  236   5.00000E-02  1.91138E+01
 111   4.52000E+01  1.23070E+01                  237   4.00000E-02  1.93370E+01
 112   4.40000E+01  1.23339E+01                  238   3.00000E-02  1.96247E+01
 113   4.24000E+01  1.23709E+01                  239   2.53000E-02  1.97950E+01
 114   4.10000E+01  1.24045E+01                  240   1.00000E-02  2.07233E+01
 115   3.96000E+01  1.24393E+01                  241   7.50000E-03  2.10109E+01
 116   3.91000E+01  1.24520E+01                  242   5.00000E-03  2.14164E+01
 117   3.80000E+01  1.24805E+01                  243   4.00000E-03  2.16396E+01
 118   3.76300E+01  1.24903E+01                  244   3.00000E-03  2.19272E+01
 119   3.72700E+01  1.24999E+01                  245   2.50000E-03  2.21096E+01
 120   3.71300E+01  1.25037E+01                  246   2.00000E-03  2.23327E+01
 121   3.70000E+01  1.25072E+01                  247   1.50000E-03  2.26204E+01
 122   3.60000E+01  1.25346E+01                  248   1.20000E-03  2.28435E+01
 123   3.55000E+01  1.25486E+01                  249   1.00000E-03  2.30259E+01
 124   3.50000E+01  1.25627E+01                  250   7.50000E-04  2.33135E+01
 125   3.37500E+01  1.25991E+01                  251   5.00000E-04  2.37190E+01
 126   3.32500E+01  1.26140E+01                  252   1.00000E-04  2.53284E+01
                                                 253   1.00000E-05  2.76310E+01

1         ***************************
          ***************************
          ** Quadrature Parameters **
          ***************************
          ***************************

 Quadrature angles and weights for first quadrant:
 (  1 angles/quadrant for S- 2 quadrature.)

 Angle No.    Mu                  Eta                Weight       Angle in x-y   Elevation
                                                                 plane (degrees) (degrees)
    1    5.77350269D-01      5.77350269D-01      2.50000000D-01       45.00        35.26


1         **********************************
          **********************************
          ** Quadrature Reflection Angles **
          **********************************
          **********************************
                (Angles are in degrees)

        2 primary   (incoming) angles on each side.
        2 reflected (outgoing) angles on each side.

  Side No. (slope)   Direction No. Primary angle (slope/elevation) Reflecting Angle (slope/elevation)

      1  (   0.00)       1             1  (  45.00/  35.26)            4  ( -45.00/  35.26)
                         2             2  ( 135.00/  35.26)            3  (-135.00/  35.26)

      2  ( -90.00)       1             1  (  45.00/  35.26)            2  ( 135.00/  35.26)
                         2             4  ( -45.00/  35.26)            3  (-135.00/  35.26)

      3  (  90.00)       1             2  ( 135.00/  35.26)            1  (  45.00/  35.26)
                         2             3  (-135.00/  35.26)            4  ( -45.00/  35.26)

      4  ( 180.00)       1             3  (-135.00/  35.26)            2  ( 135.00/  35.26)
                         2             4  ( -45.00/  35.26)            1  (  45.00/  35.26)





 Scattering constants for first quadrant
 ( 3 moments for p-1 scattering)
 Angle       ------- Moment No. -------
  No.       0             1             2
    1    1.00000E+00  1.00000E+00 -7.07107E-01


1         **************************
          **************************
          **** Mixture Volumes *****
          **************************
          **************************


  Mixture       Volume        Volume
    ID     (cc/unit length)  Fraction
     0       0.00000E+00      0.00000E+00
     1       4.00000E-02      1.00000E+00
 Total       4.00000E-02      1.00000E+00


  Memory size of attenuation factors(MB)=      0.02



 =====================================================================================
   Outer iteration sweep begins.

 Outer  Eigen-  Eigenvalue Max Flux  Max Flux     Max Fuel  Max Fuel     Inners 
 It. #   value     Delta    Delta   Location(r,g)  Delta   Location(r,g) Cnvrged
 - - - - - - - - - - - - - - - - - - - - - - - - - - - - - - - - - - - - - - - - 
    1 1.00000   0.000E+00 4.481E+07 (    1,  1)   1.000E+00 (    1,  0)    F
    2 1.79863   4.440E-01 3.495E+04 (    1,  1)   4.440E-01 (    1,  0)    F
    3 1.72788   4.094E-02 3.495E+04 (    1,  1)   2.006E-02 (    1,  0)    F
    4 1.75314   1.441E-02 8.323E-03 (    1,234)   7.256E-03 (    1,  0)    F
    5 1.72831   1.436E-02 7.129E-03 (    1, 11)   7.130E-03 (    1,  0)    F
    6 1.74608   1.017E-02 5.111E-03 (    1, 11)   5.112E-03 (    1,  0)    F
    7 1.73250   7.834E-03 3.900E-03 (    1, 11)   3.902E-03 (    1,  0)    F
    8 1.74273   5.867E-03 2.941E-03 (    1, 11)   2.942E-03 (    1,  0)    F
    9 1.73501   4.451E-03 2.219E-03 (    1, 11)   2.220E-03 (    1,  0)    F
   10 1.74083   3.347E-03 1.675E-03 (    1, 11)   1.676E-03 (    1,  0)    F
   11 1.73644   2.531E-03 1.262E-03 (    1, 11)   1.264E-03 (    1,  0)    F
   12 1.73975   1.903E-03 9.513E-04 (    1, 11)   9.527E-04 (    1,  0)    F
   13 1.73726   1.435E-03 7.157E-04 (    1, 11)   7.170E-04 (    1,  0)    F
   14 1.73913   1.078E-03 5.379E-04 (    1, 11)   5.392E-04 (    1,  0)    F
   15 1.73772   8.096E-04 4.033E-04 (    1, 11)   4.047E-04 (    1,  0)    F
   16 1.73878   6.059E-04 3.017E-04 (    1, 11)   3.030E-04 (    1,  0)    F
   17 1.73799   4.524E-04 2.248E-04 (    1, 11)   2.262E-04 (    1,  0)    F
   18 1.73858   3.361E-04 1.668E-04 (    1, 11)   1.681E-04 (    1,  0)    F
   19 1.73814   2.484E-04 1.229E-04 (    1, 11)   1.242E-04 (    1,  0)    F
   20 1.73846   1.820E-04 8.968E-05 (    1, 11)   9.101E-05 (    1,  0)    F
   21 1.73823   1.319E-04 6.460E-05 (    1, 11)   6.593E-05 (    1,  0)    F
   22 1.73839   9.392E-05 4.562E-05 (    1, 11)   4.696E-05 (    1,  0)    F
   23 1.73828   6.525E-05 3.129E-05 (    1, 11)   3.263E-05 (    1,  0)    F
   24 1.73836   4.358E-05 2.046E-05 (    1, 11)   2.179E-05 (    1,  0)    F
   25 1.73831   2.720E-05 1.226E-05 (    1, 11)   1.360E-05 (    1,  0)    F
   26 1.73834   1.482E-05 6.068E-06 (    1, 11)   7.408E-06 (    1,  0)    F
   27 1.73833   5.471E-06 1.892E-06 (    1,  4)   2.736E-06 (    1,  0)    F
   28 1.73833   1.269E-07 1.467E-07 (    1,234)   7.299E-08 (    1,  0)    F
   29 1.73833   4.544E-08 7.166E-08 (    1, 58)   4.544E-08 (    1,  0)    F
 k-eff =       1.73832560     



   Four-Factor Estimate of k-infinity.  Fast/Thermal boundary:   0.6250 eV
      Fiss. neutrons/thermal abs. (eta):          2.022162
      Thermal utilization (f):                    1.000000
      Resonance Escape probability (p):           0.500688
      Fast-fission factor (epsilon):              1.716914
                                            --------------
      Infinite neutron multiplication             1.738327


   Alternate 3-Group Formulation Terms. 
   Fast/Res. boundary:   0.8210 MeV.  Res./Therm. boundary:   0.6250eV
      Fiss. neutrons/thermal abs. (eta):          2.022162
      Thermal utilization (f):                    1.000000
      Resonance Escape probability (p):           0.513885
      Fast Escape probability (pf):               0.974318
      Fast-fission factor (epsilon):              1.716914




 Critical Spectra Calculated with the B1 Method
 Input buckling of  0.00000E+00 gives a corresponding k-eff of  1.73833E+00
 Equivalent core height is infinite.

  Group   Upper      Critical   Inf.Med.   Critical   Inf.Med.  
   No    Energy(eV)   Flux       Flux      Adj.Flux   Adj.Flux  

     1  2.0000E+07  0.000E+00  0.000E+00  1.045E-03  1.045E-03
     2  1.7330E+07  0.000E+00  0.000E+00  1.444E-03  1.444E-03
     3  1.5680E+07  5.874E-10  5.874E-10  1.852E-03  1.852E-03
     4  1.4550E+07  1.589E-07  1.589E-07  2.720E-03  2.720E-03
     5  1.3840E+07  3.722E-05  3.722E-05  1.779E-03  1.779E-03
     6  1.2840E+07  2.509E-04  2.509E-04  5.187E-04  5.187E-04
     7  1.0000E+07  9.921E-04  9.921E-04  6.591E-04  6.591E-04
     8  8.1870E+06  2.992E-03  2.992E-03  5.427E-04  5.427E-04
     9  6.4340E+06  7.164E-03  7.164E-03  4.389E-04  4.389E-04
    10  4.8000E+06  1.064E-02  1.064E-02  1.177E-03  1.177E-03
    11  4.3040E+06  1.455E-02  1.455E-02  3.574E-04  3.574E-04
    12  3.0000E+06  2.088E-02  2.088E-02  6.755E-04  6.755E-04
    13  2.4790E+06  2.302E-02  2.302E-02  2.485E-03  2.485E-03
    14  2.3540E+06  2.017E-02  2.017E-02  5.323E-04  5.323E-04
    15  1.8500E+06  1.954E-02  1.954E-02  6.093E-04  6.093E-04
    16  1.5000E+06  1.969E-02  1.969E-02  1.848E-03  1.848E-03
    17  1.4000E+06  1.898E-02  1.898E-02  3.990E-03  3.990E-03
    18  1.3560E+06  1.651E-02  1.651E-02  4.364E-03  4.364E-03
    19  1.3170E+06  1.787E-02  1.787E-02  2.438E-03  2.438E-03
    20  1.2500E+06  1.909E-02  1.909E-02  3.117E-03  3.117E-03
    21  1.2000E+06  1.746E-02  1.746E-02  1.462E-03  1.462E-03
    22  1.1000E+06  1.458E-02  1.458E-02  1.489E-03  1.489E-03
    23  1.0100E+06  1.424E-02  1.424E-02  1.361E-03  1.361E-03
    24  9.2000E+05  1.585E-02  1.585E-02  5.778E-03  5.778E-03
    25  9.0000E+05  1.637E-02  1.637E-02  4.507E-03  4.507E-03
    26  8.7500E+05  1.696E-02  1.696E-02  7.929E-03  7.929E-03
    27  8.6110E+05  1.794E-02  1.794E-02  2.596E-03  2.596E-03
    28  8.2000E+05  1.819E-02  1.819E-02  1.422E-03  1.422E-03
    29  7.5000E+05  1.594E-02  1.594E-02  1.276E-03  1.276E-03
    30  6.7900E+05  1.514E-02  1.514E-02  9.506E-03  9.506E-03
    31  6.7000E+05  1.451E-02  1.451E-02  1.149E-03  1.149E-03
    32  6.0000E+05  1.378E-02  1.378E-02  2.754E-03  2.754E-03
    33  5.7300E+05  1.340E-02  1.340E-02  3.094E-03  3.094E-03
    34  5.5000E+05  1.271E-02  1.271E-02  1.137E-03  1.137E-03
    35  4.9200E+05  1.153E-02  1.153E-02  2.770E-03  2.770E-03
    36  4.7000E+05  9.656E-03  9.656E-03  1.921E-03  1.921E-03
    37  4.4000E+05  8.214E-03  8.214E-03  2.723E-03  2.723E-03
    38  4.2000E+05  9.814E-03  9.814E-03  2.596E-03  2.596E-03
    39  4.0000E+05  1.044E-02  1.044E-02  6.583E-04  6.583E-04
    40  3.3000E+05  1.001E-02  1.001E-02  6.308E-04  6.308E-04
    41  2.7000E+05  8.430E-03  8.430E-03  4.216E-04  4.216E-04
    42  2.0000E+05  7.273E-03  7.273E-03  4.297E-04  4.297E-04
    43  1.4900E+05  6.591E-03  6.591E-03  8.454E-04  8.454E-04
    44  1.2830E+05  6.079E-03  6.079E-03  5.073E-04  5.073E-04
    45  1.0000E+05  5.661E-03  5.661E-03  7.777E-04  7.777E-04
    46  8.5000E+04  5.477E-03  5.477E-03  3.517E-03  3.517E-03
    47  8.2000E+04  5.369E-03  5.369E-03  1.416E-03  1.416E-03
    48  7.5000E+04  5.268E-03  5.268E-03  4.675E-03  4.675E-03
    49  7.3000E+04  5.097E-03  5.097E-03  6.444E-04  6.444E-04
    50  6.0000E+04  4.868E-03  4.868E-03  8.830E-04  8.830E-04
    51  5.2000E+04  4.758E-03  4.758E-03  3.222E-03  3.222E-03
    52  5.0000E+04  4.676E-03  4.676E-03  1.199E-03  1.199E-03
    53  4.5000E+04  4.429E-03  4.429E-03  3.116E-04  3.116E-04
    54  3.0000E+04  4.140E-03  4.140E-03  3.116E-04  3.116E-04
    55  2.0000E+04  3.999E-03  3.999E-03  7.774E-04  7.774E-04
    56  1.7000E+04  3.915E-03  3.915E-03  4.710E-04  4.710E-04
    57  1.3000E+04  3.817E-03  3.817E-03  4.028E-04  4.028E-04
    58  9.5000E+03  3.750E-03  3.750E-03  7.514E-04  7.514E-04
    59  8.0300E+03  3.698E-03  3.698E-03  3.687E-04  3.687E-04
    60  5.7000E+03  3.631E-03  3.631E-03  3.331E-04  3.331E-04
    61  3.9000E+03  3.598E-03  3.598E-03  3.018E-03  3.018E-03
    62  3.7400E+03  3.578E-03  3.578E-03  5.732E-04  5.732E-04
    63  3.0000E+03  3.554E-03  3.554E-03  6.932E-04  6.932E-04
    64  2.5000E+03  3.525E-03  3.525E-03  1.199E-03  1.199E-03
    65  2.2500E+03  3.521E-03  3.521E-03  5.606E-03  5.606E-03
    66  2.2000E+03  3.507E-03  3.507E-03  6.285E-04  6.285E-04
    67  1.8000E+03  3.483E-03  3.483E-03  8.445E-04  8.445E-04
    68  1.5500E+03  3.479E-03  3.479E-03  3.850E-03  3.850E-03
    69  1.5000E+03  3.451E-03  3.451E-03  4.756E-04  4.756E-04
    70  1.1500E+03  3.416E-03  3.416E-03  6.604E-04  6.604E-04
    71  9.5000E+02  3.383E-03  3.383E-03  3.831E-04  3.831E-04
    72  6.8300E+02  3.321E-03  3.321E-03  6.620E-03  6.620E-03
    73  6.7000E+02  3.332E-03  3.332E-03  6.414E-04  6.414E-04
    74  5.5000E+02  3.270E-03  3.270E-03  2.150E-04  2.150E-04
    75  3.0500E+02  3.233E-03  3.233E-03  1.869E-03  1.869E-03
    76  2.8500E+02  3.161E-03  3.161E-03  7.402E-04  7.402E-04
    77  2.4000E+02  3.081E-03  3.081E-03  1.445E-03  1.445E-03
    78  2.2000E+02  3.136E-03  3.136E-03  2.595E-03  2.595E-03
    79  2.0950E+02  2.620E-03  2.620E-03  1.155E-02  1.155E-02
    80  2.0740E+02  3.283E-03  3.283E-03  4.831E-03  4.831E-03
    81  2.0200E+02  3.095E-03  3.095E-03  2.798E-03  2.798E-03
    82  1.9300E+02  2.928E-03  2.928E-03  1.608E-02  1.608E-02
    83  1.9150E+02  2.389E-03  2.389E-03  7.657E-03  7.657E-03
    84  1.8850E+02  4.240E-03  4.240E-03  2.989E-02  2.989E-02
    85  1.8770E+02  3.293E-03  3.293E-03  3.036E-03  3.036E-03
    86  1.8000E+02  3.068E-03  3.068E-03  2.225E-03  2.225E-03
    87  1.7000E+02  3.067E-03  3.067E-03  7.331E-04  7.331E-04
    88  1.4300E+02  3.007E-03  3.007E-03  8.010E-04  8.010E-04
    89  1.2200E+02  3.026E-03  3.026E-03  5.155E-03  5.155E-03
    90  1.1900E+02  2.881E-03  2.881E-03  1.002E-02  1.002E-02
    91  1.1750E+02  2.429E-03  2.429E-03  8.736E-03  8.736E-03
    92  1.1600E+02  3.152E-03  3.152E-03  4.895E-03  4.895E-03
    93  1.1300E+02  3.034E-03  3.034E-03  2.791E-03  2.791E-03
    94  1.0800E+02  2.933E-03  2.933E-03  4.477E-03  4.477E-03
    95  1.0500E+02  2.712E-03  2.712E-03  3.261E-03  3.261E-03
    96  1.0120E+02  3.113E-03  3.113E-03  3.030E-03  3.030E-03
    97  9.7000E+01  2.887E-03  2.887E-03  1.680E-03  1.680E-03
    98  9.0000E+01  2.914E-03  2.914E-03  1.335E-03  1.335E-03
    99  8.1700E+01  2.841E-03  2.841E-03  5.905E-03  5.905E-03
   100  8.0000E+01  2.975E-03  2.975E-03  2.514E-03  2.514E-03
   101  7.6000E+01  2.845E-03  2.845E-03  2.390E-03  2.390E-03
   102  7.2000E+01  2.885E-03  2.885E-03  2.006E-03  2.006E-03
   103  6.7500E+01  2.639E-03  2.639E-03  3.050E-03  3.050E-03
   104  6.5000E+01  2.917E-03  2.917E-03  4.091E-03  4.091E-03
   105  6.3000E+01  2.942E-03  2.942E-03  4.039E-03  4.039E-03
   106  6.1000E+01  2.807E-03  2.807E-03  2.576E-03  2.576E-03
   107  5.8000E+01  2.625E-03  2.625E-03  1.563E-03  1.563E-03
   108  5.3400E+01  2.605E-03  2.605E-03  2.430E-03  2.430E-03
   109  5.0600E+01  2.669E-03  2.669E-03  2.725E-03  2.725E-03
   110  4.8300E+01  2.728E-03  2.728E-03  1.948E-03  1.948E-03
   111  4.5200E+01  2.671E-03  2.671E-03  4.849E-03  4.849E-03
   112  4.4000E+01  2.720E-03  2.720E-03  3.419E-03  3.419E-03
   113  4.2400E+01  2.587E-03  2.587E-03  3.741E-03  3.741E-03
   114  4.1000E+01  2.721E-03  2.721E-03  3.733E-03  3.733E-03
   115  3.9600E+01  2.183E-03  2.183E-03  9.733E-03  9.733E-03
   116  3.9100E+01  2.754E-03  2.754E-03  4.541E-03  4.541E-03
   117  3.8000E+01  2.759E-03  2.759E-03  1.320E-02  1.320E-02
   118  3.7630E+01  2.700E-03  2.700E-03  1.314E-02  1.314E-02
   119  3.7270E+01  2.538E-03  2.538E-03  3.202E-02  3.202E-02
   120  3.7130E+01  2.134E-03  2.134E-03  3.112E-02  3.112E-02
   121  3.7000E+01  1.901E-03  1.901E-03  3.402E-03  3.402E-03
   122  3.6000E+01  2.789E-03  2.789E-03  9.381E-03  9.381E-03
   123  3.5500E+01  1.752E-03  1.752E-03  9.176E-03  9.176E-03
   124  3.5000E+01  2.218E-03  2.218E-03  3.468E-03  3.468E-03
   125  3.3750E+01  2.138E-03  2.138E-03  7.950E-03  7.950E-03
   126  3.3250E+01  2.505E-03  2.505E-03  2.800E-03  2.800E-03
   127  3.1750E+01  2.703E-03  2.703E-03  8.290E-03  8.290E-03
   128  3.1250E+01  2.601E-03  2.601E-03  3.170E-03  3.170E-03
   129  3.0000E+01  2.624E-03  2.624E-03  1.514E-03  1.514E-03
   130  2.7500E+01  2.555E-03  2.555E-03  1.399E-03  1.399E-03
   131  2.5000E+01  2.391E-03  2.391E-03  1.214E-03  1.214E-03
   132  2.2500E+01  2.649E-03  2.649E-03  3.874E-03  3.874E-03
   133  2.1750E+01  2.479E-03  2.479E-03  4.903E-03  4.903E-03
   134  2.1200E+01  1.265E-03  1.265E-03  2.242E-03  2.242E-03
   135  2.0500E+01  2.534E-03  2.534E-03  5.330E-03  5.330E-03
   136  2.0000E+01  2.239E-03  2.239E-03  4.336E-03  4.336E-03
   137  1.9400E+01  1.987E-03  1.987E-03  2.730E-03  2.730E-03
   138  1.8500E+01  2.445E-03  2.445E-03  1.603E-03  1.603E-03
   139  1.7000E+01  2.321E-03  2.321E-03  2.178E-03  2.178E-03
   140  1.6000E+01  2.404E-03  2.404E-03  1.266E-03  1.266E-03
   141  1.4400E+01  2.344E-03  2.344E-03  1.245E-03  1.245E-03
   142  1.2900E+01  2.013E-03  2.013E-03  1.553E-03  1.553E-03
   143  1.1900E+01  1.847E-03  1.847E-03  3.225E-03  3.225E-03
   144  1.1500E+01  2.346E-03  2.346E-03  9.834E-04  9.834E-04
   145  1.0000E+01  2.201E-03  2.201E-03  1.460E-03  1.460E-03
   146  9.1000E+00  1.852E-03  1.852E-03  1.165E-03  1.165E-03
   147  8.1000E+00  2.277E-03  2.277E-03  1.083E-03  1.083E-03
   148  7.1500E+00  1.865E-03  1.865E-03  5.871E-03  5.871E-03
   149  7.0000E+00  2.071E-03  2.071E-03  7.077E-03  7.077E-03
   150  6.8750E+00  1.563E-03  1.563E-03  5.151E-03  5.151E-03
   151  6.7500E+00  8.495E-04  8.495E-04  1.436E-03  1.436E-03
   152  6.5000E+00  1.478E-03  1.478E-03  2.814E-03  2.814E-03
   153  6.2500E+00  1.984E-03  1.984E-03  3.463E-03  3.463E-03
   154  6.0000E+00  2.101E-03  2.101E-03  1.373E-03  1.373E-03
   155  5.4000E+00  2.136E-03  2.136E-03  1.879E-03  1.879E-03
   156  5.0000E+00  1.978E-03  1.978E-03  2.148E-03  2.148E-03
   157  4.7000E+00  2.201E-03  2.201E-03  1.068E-03  1.068E-03
   158  4.1000E+00  2.184E-03  2.184E-03  1.538E-03  1.538E-03
   159  3.7300E+00  1.944E-03  1.944E-03  2.228E-03  2.228E-03
   160  3.5000E+00  2.096E-03  2.096E-03  1.633E-03  1.633E-03
   161  3.2000E+00  2.003E-03  2.003E-03  4.595E-03  4.595E-03
   162  3.1000E+00  2.083E-03  2.083E-03  4.481E-03  4.481E-03
   163  3.0000E+00  2.156E-03  2.156E-03  1.465E-02  1.465E-02
   164  2.9700E+00  2.150E-03  2.150E-03  4.300E-03  4.300E-03
   165  2.8700E+00  2.156E-03  2.156E-03  4.145E-03  4.145E-03
   166  2.7700E+00  2.168E-03  2.168E-03  3.993E-03  3.993E-03
   167  2.6700E+00  2.172E-03  2.172E-03  3.850E-03  3.850E-03
   168  2.5700E+00  2.172E-03  2.172E-03  3.706E-03  3.706E-03
   169  2.4700E+00  2.173E-03  2.173E-03  3.964E-03  3.964E-03
   170  2.3800E+00  2.172E-03  2.172E-03  4.302E-03  4.302E-03
   171  2.3000E+00  2.170E-03  2.170E-03  3.682E-03  3.682E-03
   172  2.2100E+00  2.158E-03  2.158E-03  3.520E-03  3.520E-03
   173  2.1200E+00  2.037E-03  2.037E-03  2.414E-03  2.414E-03
   174  2.0000E+00  2.095E-03  2.095E-03  4.735E-03  4.735E-03
   175  1.9400E+00  2.149E-03  2.149E-03  3.496E-03  3.496E-03
   176  1.8600E+00  2.161E-03  2.161E-03  2.979E-03  2.979E-03
   177  1.7700E+00  2.165E-03  2.165E-03  2.834E-03  2.834E-03
   178  1.6800E+00  2.168E-03  2.168E-03  2.686E-03  2.686E-03
   179  1.5900E+00  2.170E-03  2.170E-03  2.538E-03  2.538E-03
   180  1.5000E+00  2.169E-03  2.169E-03  4.359E-03  4.359E-03
   181  1.4500E+00  2.166E-03  2.166E-03  4.208E-03  4.208E-03
   182  1.4000E+00  2.157E-03  2.157E-03  4.056E-03  4.056E-03
   183  1.3500E+00  2.140E-03  2.140E-03  3.898E-03  3.898E-03
   184  1.3000E+00  2.110E-03  2.110E-03  3.738E-03  3.738E-03
   185  1.2500E+00  2.058E-03  2.058E-03  7.240E-03  7.240E-03
   186  1.2250E+00  1.998E-03  1.998E-03  7.084E-03  7.084E-03
   187  1.2000E+00  1.929E-03  1.929E-03  6.936E-03  6.936E-03
   188  1.1750E+00  1.868E-03  1.868E-03  6.801E-03  6.801E-03
   189  1.1500E+00  1.839E-03  1.839E-03  1.679E-02  1.679E-02
   190  1.1400E+00  1.832E-03  1.832E-03  1.667E-02  1.667E-02
   191  1.1300E+00  1.830E-03  1.830E-03  1.655E-02  1.655E-02
   192  1.1200E+00  1.833E-03  1.833E-03  1.644E-02  1.644E-02
   193  1.1100E+00  1.841E-03  1.841E-03  1.632E-02  1.632E-02
   194  1.1000E+00  1.851E-03  1.851E-03  1.620E-02  1.620E-02
   195  1.0900E+00  1.864E-03  1.864E-03  1.608E-02  1.608E-02
   196  1.0800E+00  1.877E-03  1.877E-03  1.596E-02  1.596E-02
   197  1.0700E+00  1.890E-03  1.890E-03  1.583E-02  1.583E-02
   198  1.0600E+00  1.903E-03  1.903E-03  1.569E-02  1.569E-02
   199  1.0500E+00  1.915E-03  1.915E-03  1.556E-02  1.556E-02
   200  1.0400E+00  1.926E-03  1.926E-03  1.542E-02  1.542E-02
   201  1.0300E+00  1.936E-03  1.936E-03  1.528E-02  1.528E-02
   202  1.0200E+00  1.946E-03  1.946E-03  1.514E-02  1.514E-02
   203  1.0100E+00  1.954E-03  1.954E-03  1.500E-02  1.500E-02
   204  1.0000E+00  1.966E-03  1.966E-03  5.897E-03  5.897E-03
   205  9.7500E-01  1.980E-03  1.980E-03  5.750E-03  5.750E-03
   206  9.5000E-01  1.990E-03  1.990E-03  5.602E-03  5.602E-03
   207  9.2500E-01  1.999E-03  1.999E-03  5.454E-03  5.454E-03
   208  9.0000E-01  2.008E-03  2.008E-03  2.615E-03  2.615E-03
   209  8.5000E-01  2.017E-03  2.017E-03  2.465E-03  2.465E-03
   210  8.0000E-01  2.022E-03  2.022E-03  2.315E-03  2.315E-03
   211  7.5000E-01  2.023E-03  2.023E-03  2.166E-03  2.166E-03
   212  7.0000E-01  2.020E-03  2.020E-03  2.016E-03  2.016E-03
   213  6.5000E-01  2.015E-03  2.015E-03  3.809E-03  3.809E-03
   214  6.2500E-01  2.011E-03  2.011E-03  3.659E-03  3.659E-03
   215  6.0000E-01  2.002E-03  2.002E-03  1.716E-03  1.716E-03
   216  5.5000E-01  1.982E-03  1.982E-03  1.566E-03  1.566E-03
   217  5.0000E-01  1.946E-03  1.946E-03  1.416E-03  1.416E-03
   218  4.5000E-01  1.887E-03  1.887E-03  1.264E-03  1.264E-03
   219  4.0000E-01  1.825E-03  1.825E-03  2.303E-03  2.303E-03
   220  3.7500E-01  1.771E-03  1.771E-03  2.150E-03  2.150E-03
   221  3.5000E-01  1.714E-03  1.714E-03  1.995E-03  1.995E-03
   222  3.2500E-01  1.663E-03  1.663E-03  1.841E-03  1.841E-03
   223  3.0000E-01  1.640E-03  1.640E-03  1.688E-03  1.688E-03
   224  2.7500E-01  1.652E-03  1.652E-03  1.540E-03  1.540E-03
   225  2.5000E-01  1.687E-03  1.687E-03  1.396E-03  1.396E-03
   226  2.2500E-01  1.718E-03  1.718E-03  1.253E-03  1.253E-03
   227  2.0000E-01  1.726E-03  1.726E-03  1.109E-03  1.109E-03
   228  1.7500E-01  1.694E-03  1.694E-03  9.646E-04  9.646E-04
   229  1.5000E-01  1.605E-03  1.605E-03  8.182E-04  8.182E-04
   230  1.2500E-01  1.439E-03  1.439E-03  6.705E-04  6.705E-04
   231  1.0000E-01  1.275E-03  1.275E-03  1.422E-03  1.422E-03
   232  9.0000E-02  1.153E-03  1.153E-03  1.274E-03  1.274E-03
   233  8.0000E-02  1.015E-03  1.015E-03  1.124E-03  1.124E-03
   234  7.0000E-02  8.620E-04  8.620E-04  9.747E-04  9.747E-04
   235  6.0000E-02  6.972E-04  6.972E-04  8.245E-04  8.245E-04
   236  5.0000E-02  5.257E-04  5.257E-04  6.738E-04  6.738E-04
   237  4.0000E-02  3.565E-04  3.565E-04  5.224E-04  5.224E-04
   238  3.0000E-02  2.433E-04  2.433E-04  8.811E-04  8.811E-04
   239  2.5300E-02  1.027E-04  1.027E-04  1.613E-04  1.613E-04
   240  1.0000E-02  2.991E-05  2.991E-05  5.188E-04  5.188E-04
   241  7.5000E-03  1.553E-05  1.553E-05  3.677E-04  3.677E-04
   242  5.0000E-03  8.272E-06  8.272E-06  6.677E-04  6.677E-04
   243  4.0000E-03  5.041E-06  5.041E-06  5.177E-04  5.177E-04
   244  3.0000E-03  3.144E-06  3.144E-06  8.167E-04  8.167E-04
   245  2.5000E-03  2.108E-06  2.108E-06  6.672E-04  6.672E-04
   246  2.0000E-03  1.273E-06  1.273E-06  5.175E-04  5.175E-04
   247  1.5000E-03  7.584E-07  7.584E-07  6.671E-04  6.671E-04
   248  1.2000E-03  5.019E-07  5.019E-07  8.164E-04  8.164E-04
   249  1.0000E-03  3.128E-07  3.128E-07  5.174E-04  5.174E-04
   250  7.5000E-04  1.530E-07  1.530E-07  3.671E-04  3.671E-04
   251  5.0000E-04  2.415E-08  2.415E-08  9.247E-05  9.247E-05
   252  1.0000E-04  4.630E-10  4.630E-10  6.463E-05  6.463E-05

 NOTE: Flux values above are per unit-lethargy.



  Zone data

      Zone   Mix    Relative     Relative         Zone
       No.   No.      Flux     Fission Power     Volume
     -----------------------------------------------------------------
         1     1   1.00000E+00   1.00000E+00   4.00000E-02



module xsproc is finished. completion code 0.
Sequence T-Newt is finished. completion code 0.

    SCALE is finished on Mon Jan 23 01:36:22 2023.
-------------------------- Summary --------------------------
t-newt finished. used 34.4796 seconds.
SCALE driver required a maximum of 1263 MiB of RAM.
------------------------ End Summary ------------------------

fluxplot_252g.ps copied to /home/ondrejch/scale/rt/HW2-4/enr065/2_4.fluxplot_252g.ps.
