 *******************************************************************************
 *                                                                             *
 *                                 SCALE 6.2.3                                 *
 *                                -------------                                *
 *                                January 2023                                 *
 *                                                                             *
 *           SCALE:  A Comprehensive Modeling and Simulation Suite             *
 *                   for Nuclear Safety Analysis and Design                    *
 *                                                                             *
 *                      Reactor and Nuclear Systems Division                   *
 *                        Oak Ridge National Laboratory                        *
 *                                                                             *
 *                           http://scale.ornl.gov                             *
 *                            scalehelp@ornl.gov                               *
 *                                                                             *
 *******************************************************************************
 *******************************************************************************
      
                  Job Information
                  ---------------
      Job started on node73 on Mon 23/01/2023 01:35:47
      Working directory: /tmp/scale.ondrejch.979362
      Input file name  : /home/ondrejch/scale/rt/HW2-4/enr089/2_4
      Output file name : /home/ondrejch/scale/rt/HW2-4/enr089/2_4.out
      SCALE executable : /opt/scale6.2.3/bin/../bin/scale
      
 *******************************************************************************


    module t-newt will be called on Mon Jan 23 01:35:49 2023.
    sequence specification record:=t-newt
Input Data:

      SCALE Materials HW2 problem 4
      v7-252
      read comp
          uo2       1                                  0.10        550 92235 89.0 92238 11.0 end
          h2o       1 den=0.7561                       0.8999      550 end
          atomboh3  1     1.44 3  5000 1 8000 3 1000 3 0.0001      550 5010 70 5011 30 end
      end comp
      read model
      read parm
        prtflux=yes inners=1000  cmfd=no epsilon=1e-6 sn=2 epsinner=1e-8
      end parm
      read materials
        mix=1 end
      end materials
      read geometry
          global unit 1
          cuboid    1  0.1 -0.1 0.1 -0.1
          media 1 1 1
          boundary 1  1 1
      end geometry
      read bounds
          all=refl
      end bounds
      end model
end




************************************************************************************************************************************
************************************************************************************************************************************
************************************************************************************************************************************
*****                                                                                                                          *****
*****                                             program verification information                                             *****
*****                                                                                                                          *****
*****                                           code system: SCALE   version: 6.2.0                                            *****
*****                                                                                                                          *****
************************************************************************************************************************************
************************************************************************************************************************************
*****                                                                                                                          *****
*****                                                                                                                          *****
*****                      program:  t-newt                                                                                    *****
*****                                                                                                                          *****
*****                      version:  6.2.3 (602003)                                                                            *****
*****                                                                                                                          *****
*****                     username:  ondrejch                                                                                  *****
*****                                                                                                                          *****
*****                     hostname:  node73                                                                                    *****
*****                                                                                                                          *****
*****                                                                                                                          *****
*****            date of execution:  2023-01-23                                                                                *****
*****                                                                                                                          *****
*****            time of execution:  01:35:50                                                                                  *****
*****                                                                                                                          *****
************************************************************************************************************************************
************************************************************************************************************************************
************************************************************************************************************************************



***Warning: Nuclide 8018 is missing cross sections. Introducing zero cross sections.
------------------------------------------------------------------------------------------------------------------------------------

                          NEWT calculation started at  1:36: 4 on  1/23/2023                              

------------------------------------------------------------------------------------------------------------------------------------



1         ***********************
          ***********************
          **  Control Options  **
          ***********************
          ***********************

 Run problem to completion/test input only          run=           yes
 Weighted cross-section collapse/do not collapse    collapse=       no
 Source acceleration on/off                         accel=         yes
 Restart from earlier case/begin new case           restart=        no
 CMFD acceleration (0/1/2/3 = no/rect/yes/part)     cmfd=          0
 Number of fine mesh base grid/coarse grid in X     xcmfd=           1
 Number of fine mesh base grid/coarse grid in Y     ycmfd=           1
 CMFD Multigroup solution only (no 2g)              cmfd2g=         no
 Create restart file upon completion                savrest=       yes
 Calculation type:                                  eigenvalue                      
 Forward/adjoint solution                           forward=       yes

1         **********************
          **********************
          **  Output Options  **
          **********************
          **********************

 Print micro. cross-sections for problem nuclides   prtxsec=        no
 Print macro. cross-sections for mixtures           prtmxsec=       no
 Print balance table                                prtbalnc=       no
 Print mixing table                                 prtmxtab=       no
 Print postscript graphics file for fluxes          prtflux=       yes
 Print postscript grid/mixture geometry graphics    drawit=         no
 Print broad-group fluxes                           prtbroad=       no
 Echo convergence tracking data to std. output      echo=           no

1         ***************************
          ***************************
          ** I/O Unit Assignments  **
          ***************************
          ***************************

 Unit no. for mixing table                          mixtab=         92
 Unit no. of working library                        xnlib=           4
 Unit no. for weighted broad-group library          wtdlib=         30
 Unit no. for homogenized macroscopic x-sect. lib.  hmoglib=        13

1         *************************
          *************************
          ** Convergence Control **
          *************************
          *************************

 Quadrature order                                   sn=              2
 Maximum no. of inner itrs./outer/energy group      inners=       1000
 Maximum no. of outer energy groups                 outers=          250
 Performing thermal group subouter iterations       therm=         yes
 Maximum no. of thermal group subouter itrs./outer  suboutrs=        2
 Convergence criterion on inner iterations          epsinner= 1.00E-08
 Convergence criterion on subouter iterations       epsthrm=  1.00E-06
 Convergence criterion on outer iterations          epsouter= 1.00E-06
 Convergence criterion on eigenvalue                epseigen= 1.00E-06
 First guess for eigenvalue (k-eff)                 kguess=       1.000

1         *****************************
          *****************************
          ** Geometry Specifications **
          *****************************
          *****************************

 Left side x-coordinate                             xmin= -1.00000E-01
 Right side x-coordinate                            xmax=  1.00000E-01
 Bottom side y-coordinate                           ymin= -1.00000E-01
 Top side y-coordinate                              ymax=  1.00000E-01
 Number of subdivisions in x direction              nx=              1
 Number of subdivisions in y direction              ny=              1

 Boundary Conditions (0/1/2/3=vacuum/reflective/white/periodic):
 Left (West)          wbc=         1
 Right (East)         ebc=         1
 Bottom (South)       sbc=         1
 Top (North)          nbc=         1

  Body Characteristics.  Rotation angle in degrees counterclockwise.
  Size parameters. cyl: A=radius, B=no. of sides. cub: A=width, B=height. hex: A(B)=major(minor) radius.
  Body  Input  Zone    Subdiv      --Center--      Size Parameters   Rotation   Chord
  Type  Unit   Number  nx  ny      x        y        A        B      Angle      Information
  ----  -----  -----  --- ---   ------   ------    -----    ------   --------   -----------
 cub     1     1       0   0    0.000    0.000    0.200    0.200    0.000

1         *****************************
          *****************************
          ** Material Specifications **
          *****************************
          *****************************

 Mat'l No.   SCALE ID   Pn order   External source ID   Description (if any)
    1          1           1               0           

1         ************************
          ************************
          ** Derived Parameters **
          ************************
          ************************

 Total number of energy groups                      numen=         252
 Number of neutron groups                           igm=           252
 Number of gamma groups                             ipm=             0
 First thermal energy group                         iftg=          156
 Mixing table length                                nmix=             9
 Number of mixtures created                         nummat=          2
 Number of computational cells                      numcells=        1
 Number of computational surfaces (sides)           numlines=        4
 Combine small grid cells together                  combine=no
 Average number of sides/cell                       avnosides=     4.00
 Minimum number of sides/cell                       mnnosides=       0
 Maximum number of sides/cell                       mxnosides=       4
 Number of angles in quadrature set                 ndir=            4
 Maximum order of Legendre scattering               maxpn=           1
 Number of flux moments                             nmom             3

1         *****************************
          *****************************
          ** Energy Group Structures **
          *****************************
          *****************************

 Energy   Energy      Lethargy        
 Group  Boundaries   Boundaries       
  No.      (eV)                      
   1   2.00000E+07 -6.93147E-01                  127   3.17500E+01  1.26602E+01
   2   1.73300E+07 -5.49854E-01                  128   3.12500E+01  1.26761E+01
   3   1.56800E+07 -4.49801E-01                  129   3.00000E+01  1.27169E+01
   4   1.45500E+07 -3.75006E-01                  130   2.75000E+01  1.28039E+01
   5   1.38400E+07 -3.24978E-01                  131   2.50000E+01  1.28992E+01
   6   1.28400E+07 -2.49980E-01                  132   2.25000E+01  1.30046E+01
   7   1.00000E+07  0.00000E+00                  133   2.17500E+01  1.30385E+01
   8   8.18700E+06  2.00038E-01                  134   2.12000E+01  1.30641E+01
   9   6.43400E+06  4.40989E-01                  135   2.05000E+01  1.30977E+01
  10   4.80000E+06  7.33969E-01                  136   2.00000E+01  1.31224E+01
  11   4.30400E+06  8.43040E-01                  137   1.94000E+01  1.31528E+01
  12   3.00000E+06  1.20397E+00                  138   1.85000E+01  1.32003E+01
  13   2.47900E+06  1.39473E+00                  139   1.70000E+01  1.32849E+01
  14   2.35400E+06  1.44647E+00                  140   1.60000E+01  1.33455E+01
  15   1.85000E+06  1.68740E+00                  141   1.44000E+01  1.34509E+01
  16   1.50000E+06  1.89712E+00                  142   1.29000E+01  1.35609E+01
  17   1.40000E+06  1.96611E+00                  143   1.19000E+01  1.36416E+01
  18   1.35600E+06  1.99805E+00                  144   1.15000E+01  1.36757E+01
  19   1.31700E+06  2.02723E+00                  145   1.00000E+01  1.38155E+01
  20   1.25000E+06  2.07944E+00                  146   9.10000E+00  1.39098E+01
  21   1.20000E+06  2.12026E+00                  147   8.10000E+00  1.40262E+01
  22   1.10000E+06  2.20727E+00                  148   7.15000E+00  1.41510E+01
  23   1.01000E+06  2.29263E+00                  149   7.00000E+00  1.41722E+01
  24   9.20000E+05  2.38597E+00                  150   6.87500E+00  1.41902E+01
  25   9.00000E+05  2.40795E+00                  151   6.75000E+00  1.42086E+01
  26   8.75000E+05  2.43612E+00                  152   6.50000E+00  1.42463E+01
  27   8.61100E+05  2.45213E+00                  153   6.25000E+00  1.42855E+01
  28   8.20000E+05  2.50104E+00                  154   6.00000E+00  1.43263E+01
  29   7.50000E+05  2.59027E+00                  155   5.40000E+00  1.44317E+01
  30   6.79000E+05  2.68972E+00                  156   5.00000E+00  1.45087E+01
  31   6.70000E+05  2.70306E+00                  157   4.70000E+00  1.45705E+01
  32   6.00000E+05  2.81341E+00                  158   4.10000E+00  1.47071E+01
  33   5.73000E+05  2.85945E+00                  159   3.73000E+00  1.48017E+01
  34   5.50000E+05  2.90042E+00                  160   3.50000E+00  1.48653E+01
  35   4.92000E+05  3.01186E+00                  161   3.20000E+00  1.49549E+01
  36   4.70000E+05  3.05761E+00                  162   3.10000E+00  1.49867E+01
  37   4.40000E+05  3.12357E+00                  163   3.00000E+00  1.50195E+01
  38   4.20000E+05  3.17009E+00                  164   2.97000E+00  1.50295E+01
  39   4.00000E+05  3.21888E+00                  165   2.87000E+00  1.50638E+01
  40   3.30000E+05  3.41125E+00                  166   2.77000E+00  1.50992E+01
  41   2.70000E+05  3.61192E+00                  167   2.67000E+00  1.51360E+01
  42   2.00000E+05  3.91202E+00                  168   2.57000E+00  1.51742E+01
  43   1.49000E+05  4.20639E+00                  169   2.47000E+00  1.52139E+01
  44   1.28300E+05  4.35597E+00                  170   2.38000E+00  1.52510E+01
  45   1.00000E+05  4.60517E+00                  171   2.30000E+00  1.52852E+01
  46   8.50000E+04  4.76769E+00                  172   2.21000E+00  1.53251E+01
  47   8.20000E+04  4.80362E+00                  173   2.12000E+00  1.53667E+01
  48   7.50000E+04  4.89285E+00                  174   2.00000E+00  1.54249E+01
  49   7.30000E+04  4.91988E+00                  175   1.94000E+00  1.54554E+01
  50   6.00000E+04  5.11600E+00                  176   1.86000E+00  1.54975E+01
  51   5.20000E+04  5.25910E+00                  177   1.77000E+00  1.55471E+01
  52   5.00000E+04  5.29832E+00                  178   1.68000E+00  1.55993E+01
  53   4.50000E+04  5.40368E+00                  179   1.59000E+00  1.56544E+01
  54   3.00000E+04  5.80914E+00                  180   1.50000E+00  1.57126E+01
  55   2.00000E+04  6.21461E+00                  181   1.45000E+00  1.57465E+01
  56   1.70000E+04  6.37713E+00                  182   1.40000E+00  1.57816E+01
  57   1.30000E+04  6.64539E+00                  183   1.35000E+00  1.58180E+01
  58   9.50000E+03  6.95905E+00                  184   1.30000E+00  1.58557E+01
  59   8.03000E+03  7.12716E+00                  185   1.25000E+00  1.58950E+01
  60   5.70000E+03  7.46987E+00                  186   1.22500E+00  1.59152E+01
  61   3.90000E+03  7.84936E+00                  187   1.20000E+00  1.59358E+01
  62   3.74000E+03  7.89125E+00                  188   1.17500E+00  1.59568E+01
  63   3.00000E+03  8.11173E+00                  189   1.15000E+00  1.59783E+01
  64   2.50000E+03  8.29405E+00                  190   1.14000E+00  1.59871E+01
  65   2.25000E+03  8.39941E+00                  191   1.13000E+00  1.59959E+01
  66   2.20000E+03  8.42188E+00                  192   1.12000E+00  1.60048E+01
  67   1.80000E+03  8.62255E+00                  193   1.11000E+00  1.60137E+01
  68   1.55000E+03  8.77209E+00                  194   1.10000E+00  1.60228E+01
  69   1.50000E+03  8.80488E+00                  195   1.09000E+00  1.60319E+01
  70   1.15000E+03  9.07058E+00                  196   1.08000E+00  1.60411E+01
  71   9.50000E+02  9.26163E+00                  197   1.07000E+00  1.60504E+01
  72   6.83000E+02  9.59160E+00                  198   1.06000E+00  1.60598E+01
  73   6.70000E+02  9.61082E+00                  199   1.05000E+00  1.60693E+01
  74   5.50000E+02  9.80818E+00                  200   1.04000E+00  1.60789E+01
  75   3.05000E+02  1.03978E+01                  201   1.03000E+00  1.60885E+01
  76   2.85000E+02  1.04656E+01                  202   1.02000E+00  1.60983E+01
  77   2.40000E+02  1.06375E+01                  203   1.01000E+00  1.61081E+01
  78   2.20000E+02  1.07245E+01                  204   1.00000E+00  1.61181E+01
  79   2.09500E+02  1.07734E+01                  205   9.75000E-01  1.61434E+01
  80   2.07400E+02  1.07834E+01                  206   9.50000E-01  1.61694E+01
  81   2.02000E+02  1.08098E+01                  207   9.25000E-01  1.61961E+01
  82   1.93000E+02  1.08554E+01                  208   9.00000E-01  1.62235E+01
  83   1.91500E+02  1.08632E+01                  209   8.50000E-01  1.62806E+01
  84   1.88500E+02  1.08790E+01                  210   8.00000E-01  1.63412E+01
  85   1.87700E+02  1.08833E+01                  211   7.50000E-01  1.64058E+01
  86   1.80000E+02  1.09251E+01                  212   7.00000E-01  1.64748E+01
  87   1.70000E+02  1.09823E+01                  213   6.50000E-01  1.65489E+01
  88   1.43000E+02  1.11553E+01                  214   6.25000E-01  1.65881E+01
  89   1.22000E+02  1.13141E+01                  215   6.00000E-01  1.66289E+01
  90   1.19000E+02  1.13390E+01                  216   5.50000E-01  1.67159E+01
  91   1.17500E+02  1.13517E+01                  217   5.00000E-01  1.68112E+01
  92   1.16000E+02  1.13645E+01                  218   4.50000E-01  1.69166E+01
  93   1.13000E+02  1.13907E+01                  219   4.00000E-01  1.70344E+01
  94   1.08000E+02  1.14360E+01                  220   3.75000E-01  1.70989E+01
  95   1.05000E+02  1.14641E+01                  221   3.50000E-01  1.71679E+01
  96   1.01200E+02  1.15010E+01                  222   3.25000E-01  1.72420E+01
  97   9.70000E+01  1.15434E+01                  223   3.00000E-01  1.73221E+01
  98   9.00000E+01  1.16183E+01                  224   2.75000E-01  1.74091E+01
  99   8.17000E+01  1.17150E+01                  225   2.50000E-01  1.75044E+01
 100   8.00000E+01  1.17361E+01                  226   2.25000E-01  1.76098E+01
 101   7.60000E+01  1.17874E+01                  227   2.00000E-01  1.77275E+01
 102   7.20000E+01  1.18414E+01                  228   1.75000E-01  1.78611E+01
 103   6.75000E+01  1.19060E+01                  229   1.50000E-01  1.80152E+01
 104   6.50000E+01  1.19437E+01                  230   1.25000E-01  1.81975E+01
 105   6.30000E+01  1.19750E+01                  231   1.00000E-01  1.84207E+01
 106   6.10000E+01  1.20072E+01                  232   9.00000E-02  1.85260E+01
 107   5.80000E+01  1.20577E+01                  233   8.00000E-02  1.86438E+01
 108   5.34000E+01  1.21403E+01                  234   7.00000E-02  1.87774E+01
 109   5.06000E+01  1.21941E+01                  235   6.00000E-02  1.89315E+01
 110   4.83000E+01  1.22407E+01                  236   5.00000E-02  1.91138E+01
 111   4.52000E+01  1.23070E+01                  237   4.00000E-02  1.93370E+01
 112   4.40000E+01  1.23339E+01                  238   3.00000E-02  1.96247E+01
 113   4.24000E+01  1.23709E+01                  239   2.53000E-02  1.97950E+01
 114   4.10000E+01  1.24045E+01                  240   1.00000E-02  2.07233E+01
 115   3.96000E+01  1.24393E+01                  241   7.50000E-03  2.10109E+01
 116   3.91000E+01  1.24520E+01                  242   5.00000E-03  2.14164E+01
 117   3.80000E+01  1.24805E+01                  243   4.00000E-03  2.16396E+01
 118   3.76300E+01  1.24903E+01                  244   3.00000E-03  2.19272E+01
 119   3.72700E+01  1.24999E+01                  245   2.50000E-03  2.21096E+01
 120   3.71300E+01  1.25037E+01                  246   2.00000E-03  2.23327E+01
 121   3.70000E+01  1.25072E+01                  247   1.50000E-03  2.26204E+01
 122   3.60000E+01  1.25346E+01                  248   1.20000E-03  2.28435E+01
 123   3.55000E+01  1.25486E+01                  249   1.00000E-03  2.30259E+01
 124   3.50000E+01  1.25627E+01                  250   7.50000E-04  2.33135E+01
 125   3.37500E+01  1.25991E+01                  251   5.00000E-04  2.37190E+01
 126   3.32500E+01  1.26140E+01                  252   1.00000E-04  2.53284E+01
                                                 253   1.00000E-05  2.76310E+01

1         ***************************
          ***************************
          ** Quadrature Parameters **
          ***************************
          ***************************

 Quadrature angles and weights for first quadrant:
 (  1 angles/quadrant for S- 2 quadrature.)

 Angle No.    Mu                  Eta                Weight       Angle in x-y   Elevation
                                                                 plane (degrees) (degrees)
    1    5.77350269D-01      5.77350269D-01      2.50000000D-01       45.00        35.26


1         **********************************
          **********************************
          ** Quadrature Reflection Angles **
          **********************************
          **********************************
                (Angles are in degrees)

        2 primary   (incoming) angles on each side.
        2 reflected (outgoing) angles on each side.

  Side No. (slope)   Direction No. Primary angle (slope/elevation) Reflecting Angle (slope/elevation)

      1  (   0.00)       1             1  (  45.00/  35.26)            4  ( -45.00/  35.26)
                         2             2  ( 135.00/  35.26)            3  (-135.00/  35.26)

      2  ( -90.00)       1             1  (  45.00/  35.26)            2  ( 135.00/  35.26)
                         2             4  ( -45.00/  35.26)            3  (-135.00/  35.26)

      3  (  90.00)       1             2  ( 135.00/  35.26)            1  (  45.00/  35.26)
                         2             3  (-135.00/  35.26)            4  ( -45.00/  35.26)

      4  ( 180.00)       1             3  (-135.00/  35.26)            2  ( 135.00/  35.26)
                         2             4  ( -45.00/  35.26)            1  (  45.00/  35.26)





 Scattering constants for first quadrant
 ( 3 moments for p-1 scattering)
 Angle       ------- Moment No. -------
  No.       0             1             2
    1    1.00000E+00  1.00000E+00 -7.07107E-01


1         **************************
          **************************
          **** Mixture Volumes *****
          **************************
          **************************


  Mixture       Volume        Volume
    ID     (cc/unit length)  Fraction
     0       0.00000E+00      0.00000E+00
     1       4.00000E-02      1.00000E+00
 Total       4.00000E-02      1.00000E+00


  Memory size of attenuation factors(MB)=      0.02



 =====================================================================================
   Outer iteration sweep begins.

 Outer  Eigen-  Eigenvalue Max Flux  Max Flux     Max Fuel  Max Fuel     Inners 
 It. #   value     Delta    Delta   Location(r,g)  Delta   Location(r,g) Cnvrged
 - - - - - - - - - - - - - - - - - - - - - - - - - - - - - - - - - - - - - - - - 
    1 1.00000   0.000E+00 4.548E+07 (    1,  1)   1.000E+00 (    1,  0)    F
    2 1.85206   4.601E-01 3.527E+04 (    1,  1)   4.601E-01 (    1,  0)    F
    3 1.74399   6.197E-02 3.527E+04 (    1,  1)   3.005E-02 (    1,  0)    F
    4 1.81181   3.743E-02 1.907E-02 (    1, 11)   1.907E-02 (    1,  0)    F
    5 1.75094   3.476E-02 1.708E-02 (    1, 11)   1.709E-02 (    1,  0)    F
    6 1.80210   2.839E-02 1.440E-02 (    1, 11)   1.440E-02 (    1,  0)    F
    7 1.75869   2.469E-02 1.219E-02 (    1, 11)   1.219E-02 (    1,  0)    F
    8 1.79548   2.049E-02 1.035E-02 (    1, 11)   1.035E-02 (    1,  0)    F
    9 1.76430   1.768E-02 8.760E-03 (    1, 11)   8.761E-03 (    1,  0)    F
   10 1.79073   1.476E-02 7.434E-03 (    1, 11)   7.435E-03 (    1,  0)    F
   11 1.76833   1.267E-02 6.292E-03 (    1, 11)   6.293E-03 (    1,  0)    F
   12 1.78731   1.062E-02 5.337E-03 (    1, 11)   5.338E-03 (    1,  0)    F
   13 1.77123   9.079E-03 4.518E-03 (    1, 11)   4.519E-03 (    1,  0)    F
   14 1.78485   7.633E-03 3.830E-03 (    1, 11)   3.831E-03 (    1,  0)    F
   15 1.77331   6.508E-03 3.242E-03 (    1, 11)   3.243E-03 (    1,  0)    F
   16 1.78309   5.481E-03 2.747E-03 (    1, 11)   2.748E-03 (    1,  0)    F
   17 1.77481   4.663E-03 2.325E-03 (    1, 11)   2.326E-03 (    1,  0)    F
   18 1.78182   3.932E-03 1.969E-03 (    1, 11)   1.970E-03 (    1,  0)    F
   19 1.77589   3.339E-03 1.665E-03 (    1, 11)   1.667E-03 (    1,  0)    F
   20 1.78090   2.817E-03 1.409E-03 (    1, 11)   1.410E-03 (    1,  0)    F
   21 1.77666   2.388E-03 1.191E-03 (    1, 11)   1.193E-03 (    1,  0)    F
   22 1.78025   2.015E-03 1.007E-03 (    1, 11)   1.008E-03 (    1,  0)    F
   23 1.77722   1.705E-03 8.505E-04 (    1, 11)   8.518E-04 (    1,  0)    F
   24 1.77978   1.438E-03 7.180E-04 (    1, 11)   7.193E-04 (    1,  0)    F
   25 1.77762   1.214E-03 6.055E-04 (    1, 11)   6.068E-04 (    1,  0)    F
   26 1.77944   1.023E-03 5.102E-04 (    1, 11)   5.115E-04 (    1,  0)    F
   27 1.77790   8.617E-04 4.293E-04 (    1, 11)   4.307E-04 (    1,  0)    F
   28 1.77919   7.241E-04 3.608E-04 (    1, 11)   3.622E-04 (    1,  0)    F
   29 1.77811   6.083E-04 3.027E-04 (    1, 11)   3.041E-04 (    1,  0)    F
   30 1.77902   5.095E-04 2.535E-04 (    1, 11)   2.548E-04 (    1,  0)    F
   31 1.77826   4.262E-04 2.117E-04 (    1, 11)   2.130E-04 (    1,  0)    F
   32 1.77889   3.552E-04 1.763E-04 (    1, 11)   1.777E-04 (    1,  0)    F
   33 1.77837   2.953E-04 1.463E-04 (    1, 11)   1.476E-04 (    1,  0)    F
   34 1.77880   2.443E-04 1.208E-04 (    1, 11)   1.222E-04 (    1,  0)    F
   35 1.77844   2.012E-04 9.926E-05 (    1, 11)   1.006E-04 (    1,  0)    F
   36 1.77874   1.646E-04 8.097E-05 (    1, 11)   8.231E-05 (    1,  0)    F
   37 1.77850   1.336E-04 6.546E-05 (    1, 11)   6.680E-05 (    1,  0)    F
   38 1.77869   1.073E-04 5.230E-05 (    1, 11)   5.364E-05 (    1,  0)    F
   39 1.77854   8.497E-05 4.115E-05 (    1, 11)   4.249E-05 (    1,  0)    F
   40 1.77866   6.607E-05 3.170E-05 (    1, 11)   3.303E-05 (    1,  0)    F
   41 1.77857   5.004E-05 2.368E-05 (    1, 11)   2.502E-05 (    1,  0)    F
   42 1.77863   3.644E-05 1.688E-05 (    1, 11)   1.822E-05 (    1,  0)    F
   43 1.77859   2.493E-05 1.113E-05 (    1, 11)   1.247E-05 (    1,  0)    F
   44 1.77861   1.517E-05 6.251E-06 (    1, 11)   7.585E-06 (    1,  0)    F
   45 1.77860   6.886E-06 2.396E-06 (    1,  4)   3.443E-06 (    1,  0)    F
   46 1.77860   3.578E-07 1.095E-07 (    1,  4)   1.947E-07 (    1,  0)    F
   47 1.77860   1.033E-09 7.695E-08 (    1,106)   1.033E-09 (    1,  0)    F
 k-eff =       1.77860232     



   Four-Factor Estimate of k-infinity.  Fast/Thermal boundary:   0.6250 eV
      Fiss. neutrons/thermal abs. (eta):          2.034693
      Thermal utilization (f):                    1.000000
      Resonance Escape probability (p):           0.434695
      Fast-fission factor (epsilon):              2.010926
                                            --------------
      Infinite neutron multiplication             1.778604


   Alternate 3-Group Formulation Terms. 
   Fast/Res. boundary:   0.8210 MeV.  Res./Therm. boundary:   0.6250eV
      Fiss. neutrons/thermal abs. (eta):          2.034693
      Thermal utilization (f):                    1.000000
      Resonance Escape probability (p):           0.448291
      Fast Escape probability (pf):               0.969671
      Fast-fission factor (epsilon):              2.010926




 Critical Spectra Calculated with the B1 Method
 Input buckling of  0.00000E+00 gives a corresponding k-eff of  1.77861E+00
 Equivalent core height is infinite.

  Group   Upper      Critical   Inf.Med.   Critical   Inf.Med.  
   No    Energy(eV)   Flux       Flux      Adj.Flux   Adj.Flux  

     1  2.0000E+07  0.000E+00  0.000E+00  1.044E-03  1.044E-03
     2  1.7330E+07  0.000E+00  0.000E+00  1.443E-03  1.443E-03
     3  1.5680E+07  7.983E-10  7.983E-10  1.852E-03  1.852E-03
     4  1.4550E+07  2.156E-07  2.156E-07  2.721E-03  2.721E-03
     5  1.3840E+07  3.921E-05  3.921E-05  1.781E-03  1.781E-03
     6  1.2840E+07  2.626E-04  2.626E-04  5.197E-04  5.197E-04
     7  1.0000E+07  1.037E-03  1.037E-03  6.601E-04  6.601E-04
     8  8.1870E+06  3.127E-03  3.127E-03  5.446E-04  5.446E-04
     9  6.4340E+06  7.491E-03  7.491E-03  4.404E-04  4.404E-04
    10  4.8000E+06  1.113E-02  1.113E-02  1.180E-03  1.180E-03
    11  4.3040E+06  1.522E-02  1.522E-02  3.583E-04  3.583E-04
    12  3.0000E+06  2.185E-02  2.185E-02  6.768E-04  6.768E-04
    13  2.4790E+06  2.409E-02  2.409E-02  2.490E-03  2.490E-03
    14  2.3540E+06  2.111E-02  2.111E-02  5.331E-04  5.331E-04
    15  1.8500E+06  2.044E-02  2.044E-02  6.101E-04  6.101E-04
    16  1.5000E+06  2.059E-02  2.059E-02  1.851E-03  1.851E-03
    17  1.4000E+06  1.983E-02  1.983E-02  3.995E-03  3.995E-03
    18  1.3560E+06  1.725E-02  1.725E-02  4.370E-03  4.370E-03
    19  1.3170E+06  1.866E-02  1.866E-02  2.441E-03  2.441E-03
    20  1.2500E+06  1.993E-02  1.993E-02  3.121E-03  3.121E-03
    21  1.2000E+06  1.822E-02  1.822E-02  1.463E-03  1.463E-03
    22  1.1000E+06  1.520E-02  1.520E-02  1.490E-03  1.490E-03
    23  1.0100E+06  1.483E-02  1.483E-02  1.362E-03  1.362E-03
    24  9.2000E+05  1.650E-02  1.650E-02  5.782E-03  5.782E-03
    25  9.0000E+05  1.703E-02  1.703E-02  4.511E-03  4.511E-03
    26  8.7500E+05  1.765E-02  1.765E-02  7.934E-03  7.934E-03
    27  8.6110E+05  1.867E-02  1.867E-02  2.597E-03  2.597E-03
    28  8.2000E+05  1.892E-02  1.892E-02  1.423E-03  1.423E-03
    29  7.5000E+05  1.656E-02  1.656E-02  1.276E-03  1.276E-03
    30  6.7900E+05  1.572E-02  1.572E-02  9.508E-03  9.508E-03
    31  6.7000E+05  1.506E-02  1.506E-02  1.149E-03  1.149E-03
    32  6.0000E+05  1.431E-02  1.431E-02  2.754E-03  2.754E-03
    33  5.7300E+05  1.391E-02  1.391E-02  3.094E-03  3.094E-03
    34  5.5000E+05  1.319E-02  1.319E-02  1.137E-03  1.137E-03
    35  4.9200E+05  1.196E-02  1.196E-02  2.769E-03  2.769E-03
    36  4.7000E+05  1.002E-02  1.002E-02  1.920E-03  1.920E-03
    37  4.4000E+05  8.523E-03  8.523E-03  2.722E-03  2.722E-03
    38  4.2000E+05  1.018E-02  1.018E-02  2.595E-03  2.595E-03
    39  4.0000E+05  1.083E-02  1.083E-02  6.580E-04  6.580E-04
    40  3.3000E+05  1.037E-02  1.037E-02  6.304E-04  6.304E-04
    41  2.7000E+05  8.735E-03  8.735E-03  4.213E-04  4.213E-04
    42  2.0000E+05  7.533E-03  7.533E-03  4.293E-04  4.293E-04
    43  1.4900E+05  6.825E-03  6.825E-03  8.445E-04  8.445E-04
    44  1.2830E+05  6.294E-03  6.294E-03  5.067E-04  5.067E-04
    45  1.0000E+05  5.860E-03  5.860E-03  7.768E-04  7.768E-04
    46  8.5000E+04  5.669E-03  5.669E-03  3.513E-03  3.513E-03
    47  8.2000E+04  5.556E-03  5.556E-03  1.415E-03  1.415E-03
    48  7.5000E+04  5.452E-03  5.452E-03  4.669E-03  4.669E-03
    49  7.3000E+04  5.274E-03  5.274E-03  6.435E-04  6.435E-04
    50  6.0000E+04  5.035E-03  5.035E-03  8.818E-04  8.818E-04
    51  5.2000E+04  4.921E-03  4.921E-03  3.217E-03  3.217E-03
    52  5.0000E+04  4.835E-03  4.835E-03  1.198E-03  1.198E-03
    53  4.5000E+04  4.578E-03  4.578E-03  3.112E-04  3.112E-04
    54  3.0000E+04  4.275E-03  4.275E-03  3.111E-04  3.111E-04
    55  2.0000E+04  4.128E-03  4.128E-03  7.762E-04  7.762E-04
    56  1.7000E+04  4.039E-03  4.039E-03  4.702E-04  4.702E-04
    57  1.3000E+04  3.935E-03  3.935E-03  4.021E-04  4.021E-04
    58  9.5000E+03  3.864E-03  3.864E-03  7.500E-04  7.500E-04
    59  8.0300E+03  3.807E-03  3.807E-03  3.680E-04  3.680E-04
    60  5.7000E+03  3.733E-03  3.733E-03  3.325E-04  3.325E-04
    61  3.9000E+03  3.689E-03  3.689E-03  3.012E-03  3.012E-03
    62  3.7400E+03  3.673E-03  3.673E-03  5.721E-04  5.721E-04
    63  3.0000E+03  3.643E-03  3.643E-03  6.917E-04  6.917E-04
    64  2.5000E+03  3.616E-03  3.616E-03  1.197E-03  1.197E-03
    65  2.2500E+03  3.598E-03  3.598E-03  5.586E-03  5.586E-03
    66  2.2000E+03  3.586E-03  3.586E-03  6.266E-04  6.266E-04
    67  1.8000E+03  3.558E-03  3.558E-03  8.424E-04  8.424E-04
    68  1.5500E+03  3.556E-03  3.556E-03  3.839E-03  3.839E-03
    69  1.5000E+03  3.519E-03  3.519E-03  4.745E-04  4.745E-04
    70  1.1500E+03  3.479E-03  3.479E-03  6.584E-04  6.584E-04
    71  9.5000E+02  3.435E-03  3.435E-03  3.821E-04  3.821E-04
    72  6.8300E+02  3.346E-03  3.346E-03  6.600E-03  6.600E-03
    73  6.7000E+02  3.373E-03  3.373E-03  6.401E-04  6.401E-04
    74  5.5000E+02  3.293E-03  3.293E-03  2.144E-04  2.144E-04
    75  3.0500E+02  3.255E-03  3.255E-03  1.868E-03  1.868E-03
    76  2.8500E+02  3.156E-03  3.156E-03  7.386E-04  7.386E-04
    77  2.4000E+02  3.064E-03  3.064E-03  1.441E-03  1.441E-03
    78  2.2000E+02  3.123E-03  3.123E-03  2.580E-03  2.580E-03
    79  2.0950E+02  2.946E-03  2.946E-03  1.197E-02  1.197E-02
    80  2.0740E+02  3.197E-03  3.197E-03  4.806E-03  4.806E-03
    81  2.0200E+02  3.075E-03  3.075E-03  2.783E-03  2.783E-03
    82  1.9300E+02  2.897E-03  2.897E-03  1.595E-02  1.595E-02
    83  1.9150E+02  2.766E-03  2.766E-03  7.788E-03  7.788E-03
    84  1.8850E+02  3.731E-03  3.731E-03  2.985E-02  2.985E-02
    85  1.8770E+02  3.204E-03  3.204E-03  3.015E-03  3.015E-03
    86  1.8000E+02  3.033E-03  3.033E-03  2.208E-03  2.208E-03
    87  1.7000E+02  3.038E-03  3.038E-03  7.288E-04  7.288E-04
    88  1.4300E+02  2.953E-03  2.953E-03  7.954E-04  7.954E-04
    89  1.2200E+02  2.983E-03  2.983E-03  5.138E-03  5.138E-03
    90  1.1900E+02  2.817E-03  2.817E-03  1.000E-02  1.000E-02
    91  1.1750E+02  2.749E-03  2.749E-03  9.448E-03  9.448E-03
    92  1.1600E+02  3.051E-03  3.051E-03  4.870E-03  4.870E-03
    93  1.1300E+02  2.998E-03  2.998E-03  2.761E-03  2.761E-03
    94  1.0800E+02  2.872E-03  2.872E-03  4.432E-03  4.432E-03
    95  1.0500E+02  2.804E-03  2.804E-03  3.341E-03  3.341E-03
    96  1.0120E+02  3.030E-03  3.030E-03  3.011E-03  3.011E-03
    97  9.7000E+01  2.814E-03  2.814E-03  1.657E-03  1.657E-03
    98  9.0000E+01  2.846E-03  2.846E-03  1.328E-03  1.328E-03
    99  8.1700E+01  2.860E-03  2.860E-03  6.020E-03  6.020E-03
   100  8.0000E+01  2.925E-03  2.925E-03  2.498E-03  2.498E-03
   101  7.6000E+01  2.759E-03  2.759E-03  2.375E-03  2.375E-03
   102  7.2000E+01  2.816E-03  2.816E-03  1.996E-03  1.996E-03
   103  6.7500E+01  2.779E-03  2.779E-03  3.209E-03  3.209E-03
   104  6.5000E+01  2.833E-03  2.833E-03  4.042E-03  4.042E-03
   105  6.3000E+01  2.898E-03  2.898E-03  4.010E-03  4.010E-03
   106  6.1000E+01  2.722E-03  2.722E-03  2.552E-03  2.552E-03
   107  5.8000E+01  2.500E-03  2.500E-03  1.545E-03  1.545E-03
   108  5.3400E+01  2.471E-03  2.471E-03  2.412E-03  2.412E-03
   109  5.0600E+01  2.545E-03  2.545E-03  2.680E-03  2.680E-03
   110  4.8300E+01  2.623E-03  2.623E-03  1.931E-03  1.931E-03
   111  4.5200E+01  2.548E-03  2.548E-03  4.824E-03  4.824E-03
   112  4.4000E+01  2.610E-03  2.610E-03  3.371E-03  3.371E-03
   113  4.2400E+01  2.446E-03  2.446E-03  3.681E-03  3.681E-03
   114  4.1000E+01  2.615E-03  2.615E-03  3.711E-03  3.711E-03
   115  3.9600E+01  1.972E-03  1.972E-03  9.531E-03  9.531E-03
   116  3.9100E+01  2.674E-03  2.674E-03  4.526E-03  4.526E-03
   117  3.8000E+01  2.712E-03  2.712E-03  1.324E-02  1.324E-02
   118  3.7630E+01  2.706E-03  2.706E-03  1.337E-02  1.337E-02
   119  3.7270E+01  2.658E-03  2.658E-03  3.361E-02  3.361E-02
   120  3.7130E+01  2.488E-03  2.488E-03  3.482E-02  3.482E-02
   121  3.7000E+01  2.202E-03  2.202E-03  3.944E-03  3.944E-03
   122  3.6000E+01  2.561E-03  2.561E-03  9.390E-03  9.390E-03
   123  3.5500E+01  1.522E-03  1.522E-03  9.045E-03  9.045E-03
   124  3.5000E+01  2.038E-03  2.038E-03  3.389E-03  3.389E-03
   125  3.3750E+01  1.941E-03  1.941E-03  7.637E-03  7.637E-03
   126  3.3250E+01  2.384E-03  2.384E-03  2.753E-03  2.753E-03
   127  3.1750E+01  2.627E-03  2.627E-03  8.195E-03  8.195E-03
   128  3.1250E+01  2.496E-03  2.496E-03  3.116E-03  3.116E-03
   129  3.0000E+01  2.522E-03  2.522E-03  1.496E-03  1.496E-03
   130  2.7500E+01  2.429E-03  2.429E-03  1.391E-03  1.391E-03
   131  2.5000E+01  2.232E-03  2.232E-03  1.193E-03  1.193E-03
   132  2.2500E+01  2.566E-03  2.566E-03  3.855E-03  3.855E-03
   133  2.1750E+01  2.405E-03  2.405E-03  4.923E-03  4.923E-03
   134  2.1200E+01  1.515E-03  1.515E-03  2.786E-03  2.786E-03
   135  2.0500E+01  2.423E-03  2.423E-03  5.313E-03  5.313E-03
   136  2.0000E+01  2.098E-03  2.098E-03  4.262E-03  4.262E-03
   137  1.9400E+01  1.821E-03  1.821E-03  2.667E-03  2.667E-03
   138  1.8500E+01  2.335E-03  2.335E-03  1.581E-03  1.581E-03
   139  1.7000E+01  2.179E-03  2.179E-03  2.130E-03  2.130E-03
   140  1.6000E+01  2.274E-03  2.274E-03  1.241E-03  1.241E-03
   141  1.4400E+01  2.197E-03  2.197E-03  1.230E-03  1.230E-03
   142  1.2900E+01  1.830E-03  1.830E-03  1.503E-03  1.503E-03
   143  1.1900E+01  1.631E-03  1.631E-03  3.008E-03  3.008E-03
   144  1.1500E+01  2.210E-03  2.210E-03  9.725E-04  9.725E-04
   145  1.0000E+01  2.031E-03  2.031E-03  1.443E-03  1.443E-03
   146  9.1000E+00  1.655E-03  1.655E-03  1.151E-03  1.151E-03
   147  8.1000E+00  2.143E-03  2.143E-03  1.077E-03  1.077E-03
   148  7.1500E+00  1.668E-03  1.668E-03  5.747E-03  5.747E-03
   149  7.0000E+00  1.977E-03  1.977E-03  7.211E-03  7.211E-03
   150  6.8750E+00  1.827E-03  1.827E-03  6.353E-03  6.353E-03
   151  6.7500E+00  1.268E-03  1.268E-03  2.212E-03  2.212E-03
   152  6.5000E+00  1.307E-03  1.307E-03  2.658E-03  2.658E-03
   153  6.2500E+00  1.855E-03  1.855E-03  3.398E-03  3.398E-03
   154  6.0000E+00  1.992E-03  1.992E-03  1.349E-03  1.349E-03
   155  5.4000E+00  2.027E-03  2.027E-03  1.841E-03  1.841E-03
   156  5.0000E+00  1.816E-03  1.816E-03  2.047E-03  2.047E-03
   157  4.7000E+00  2.084E-03  2.084E-03  1.048E-03  1.048E-03
   158  4.1000E+00  2.066E-03  2.066E-03  1.508E-03  1.508E-03
   159  3.7300E+00  1.765E-03  1.765E-03  2.166E-03  2.166E-03
   160  3.5000E+00  1.948E-03  1.948E-03  1.603E-03  1.603E-03
   161  3.2000E+00  1.831E-03  1.831E-03  4.504E-03  4.504E-03
   162  3.1000E+00  1.921E-03  1.921E-03  4.404E-03  4.404E-03
   163  3.0000E+00  2.000E-03  2.000E-03  1.441E-02  1.441E-02
   164  2.9700E+00  1.999E-03  1.999E-03  4.229E-03  4.229E-03
   165  2.8700E+00  2.011E-03  2.011E-03  4.075E-03  4.075E-03
   166  2.7700E+00  2.029E-03  2.029E-03  3.923E-03  3.923E-03
   167  2.6700E+00  2.034E-03  2.034E-03  3.784E-03  3.784E-03
   168  2.5700E+00  2.033E-03  2.033E-03  3.644E-03  3.644E-03
   169  2.4700E+00  2.032E-03  2.032E-03  3.898E-03  3.898E-03
   170  2.3800E+00  2.031E-03  2.031E-03  4.230E-03  4.230E-03
   171  2.3000E+00  2.027E-03  2.027E-03  3.619E-03  3.619E-03
   172  2.2100E+00  2.009E-03  2.009E-03  3.454E-03  3.454E-03
   173  2.1200E+00  1.859E-03  1.859E-03  2.337E-03  2.337E-03
   174  2.0000E+00  1.929E-03  1.929E-03  4.623E-03  4.623E-03
   175  1.9400E+00  1.994E-03  1.994E-03  3.437E-03  3.437E-03
   176  1.8600E+00  2.007E-03  2.007E-03  2.933E-03  2.933E-03
   177  1.7700E+00  2.010E-03  2.010E-03  2.791E-03  2.791E-03
   178  1.6800E+00  2.011E-03  2.011E-03  2.645E-03  2.645E-03
   179  1.5900E+00  2.010E-03  2.010E-03  2.498E-03  2.498E-03
   180  1.5000E+00  2.007E-03  2.007E-03  4.290E-03  4.290E-03
   181  1.4500E+00  2.000E-03  2.000E-03  4.141E-03  4.141E-03
   182  1.4000E+00  1.987E-03  1.987E-03  3.989E-03  3.989E-03
   183  1.3500E+00  1.964E-03  1.964E-03  3.830E-03  3.830E-03
   184  1.3000E+00  1.926E-03  1.926E-03  3.668E-03  3.668E-03
   185  1.2500E+00  1.860E-03  1.860E-03  7.099E-03  7.099E-03
   186  1.2250E+00  1.789E-03  1.789E-03  6.943E-03  6.943E-03
   187  1.2000E+00  1.707E-03  1.707E-03  6.796E-03  6.796E-03
   188  1.1750E+00  1.636E-03  1.636E-03  6.666E-03  6.666E-03
   189  1.1500E+00  1.603E-03  1.603E-03  1.646E-02  1.646E-02
   190  1.1400E+00  1.594E-03  1.594E-03  1.636E-02  1.636E-02
   191  1.1300E+00  1.592E-03  1.592E-03  1.625E-02  1.625E-02
   192  1.1200E+00  1.595E-03  1.595E-03  1.615E-02  1.615E-02
   193  1.1100E+00  1.603E-03  1.603E-03  1.604E-02  1.604E-02
   194  1.1000E+00  1.615E-03  1.615E-03  1.594E-02  1.594E-02
   195  1.0900E+00  1.628E-03  1.628E-03  1.582E-02  1.582E-02
   196  1.0800E+00  1.642E-03  1.642E-03  1.571E-02  1.571E-02
   197  1.0700E+00  1.657E-03  1.657E-03  1.559E-02  1.559E-02
   198  1.0600E+00  1.671E-03  1.671E-03  1.546E-02  1.546E-02
   199  1.0500E+00  1.684E-03  1.684E-03  1.533E-02  1.533E-02
   200  1.0400E+00  1.696E-03  1.696E-03  1.520E-02  1.520E-02
   201  1.0300E+00  1.707E-03  1.707E-03  1.507E-02  1.507E-02
   202  1.0200E+00  1.717E-03  1.717E-03  1.493E-02  1.493E-02
   203  1.0100E+00  1.726E-03  1.726E-03  1.479E-02  1.479E-02
   204  1.0000E+00  1.739E-03  1.739E-03  5.818E-03  5.818E-03
   205  9.7500E-01  1.753E-03  1.753E-03  5.675E-03  5.675E-03
   206  9.5000E-01  1.764E-03  1.764E-03  5.530E-03  5.530E-03
   207  9.2500E-01  1.772E-03  1.772E-03  5.384E-03  5.384E-03
   208  9.0000E-01  1.779E-03  1.779E-03  2.581E-03  2.581E-03
   209  8.5000E-01  1.784E-03  1.784E-03  2.434E-03  2.434E-03
   210  8.0000E-01  1.784E-03  1.784E-03  2.286E-03  2.286E-03
   211  7.5000E-01  1.778E-03  1.778E-03  2.138E-03  2.138E-03
   212  7.0000E-01  1.767E-03  1.767E-03  1.990E-03  1.990E-03
   213  6.5000E-01  1.756E-03  1.756E-03  3.759E-03  3.759E-03
   214  6.2500E-01  1.746E-03  1.746E-03  3.611E-03  3.611E-03
   215  6.0000E-01  1.728E-03  1.728E-03  1.694E-03  1.694E-03
   216  5.5000E-01  1.694E-03  1.694E-03  1.545E-03  1.545E-03
   217  5.0000E-01  1.642E-03  1.642E-03  1.396E-03  1.396E-03
   218  4.5000E-01  1.563E-03  1.563E-03  1.246E-03  1.246E-03
   219  4.0000E-01  1.484E-03  1.484E-03  2.268E-03  2.268E-03
   220  3.7500E-01  1.417E-03  1.417E-03  2.115E-03  2.115E-03
   221  3.5000E-01  1.346E-03  1.346E-03  1.962E-03  1.962E-03
   222  3.2500E-01  1.281E-03  1.281E-03  1.808E-03  1.808E-03
   223  3.0000E-01  1.241E-03  1.241E-03  1.657E-03  1.657E-03
   224  2.7500E-01  1.232E-03  1.232E-03  1.511E-03  1.511E-03
   225  2.5000E-01  1.239E-03  1.239E-03  1.370E-03  1.370E-03
   226  2.2500E-01  1.241E-03  1.241E-03  1.231E-03  1.231E-03
   227  2.0000E-01  1.220E-03  1.220E-03  1.091E-03  1.091E-03
   228  1.7500E-01  1.167E-03  1.167E-03  9.494E-04  9.494E-04
   229  1.5000E-01  1.074E-03  1.074E-03  8.059E-04  8.059E-04
   230  1.2500E-01  9.328E-04  9.328E-04  6.607E-04  6.607E-04
   231  1.0000E-01  8.067E-04  8.067E-04  1.402E-03  1.402E-03
   232  9.0000E-02  7.191E-04  7.191E-04  1.255E-03  1.255E-03
   233  8.0000E-02  6.238E-04  6.238E-04  1.108E-03  1.108E-03
   234  7.0000E-02  5.219E-04  5.219E-04  9.609E-04  9.609E-04
   235  6.0000E-02  4.157E-04  4.157E-04  8.128E-04  8.128E-04
   236  5.0000E-02  3.086E-04  3.086E-04  6.642E-04  6.642E-04
   237  4.0000E-02  2.060E-04  2.060E-04  5.148E-04  5.148E-04
   238  3.0000E-02  1.389E-04  1.389E-04  8.682E-04  8.682E-04
   239  2.5300E-02  5.783E-05  5.783E-05  1.589E-04  1.589E-04
   240  1.0000E-02  1.661E-05  1.661E-05  5.106E-04  5.106E-04
   241  7.5000E-03  8.599E-06  8.599E-06  3.618E-04  3.618E-04
   242  5.0000E-03  4.577E-06  4.577E-06  6.569E-04  6.569E-04
   243  4.0000E-03  2.789E-06  2.789E-06  5.093E-04  5.093E-04
   244  3.0000E-03  1.739E-06  1.739E-06  8.034E-04  8.034E-04
   245  2.5000E-03  1.165E-06  1.165E-06  6.563E-04  6.563E-04
   246  2.0000E-03  7.029E-07  7.029E-07  5.090E-04  5.090E-04
   247  1.5000E-03  4.181E-07  4.181E-07  6.561E-04  6.561E-04
   248  1.2000E-03  2.762E-07  2.762E-07  8.030E-04  8.030E-04
   249  1.0000E-03  1.715E-07  1.715E-07  5.089E-04  5.089E-04
   250  7.5000E-04  8.337E-08  8.337E-08  3.610E-04  3.610E-04
   251  5.0000E-04  1.337E-08  1.337E-08  9.095E-05  9.095E-05
   252  1.0000E-04  3.124E-10  3.124E-10  6.357E-05  6.357E-05

 NOTE: Flux values above are per unit-lethargy.



  Zone data

      Zone   Mix    Relative     Relative         Zone
       No.   No.      Flux     Fission Power     Volume
     -----------------------------------------------------------------
         1     1   1.00000E+00   1.00000E+00   4.00000E-02



module xsproc is finished. completion code 0.
Sequence T-Newt is finished. completion code 0.

    SCALE is finished on Mon Jan 23 01:36:23 2023.
-------------------------- Summary --------------------------
t-newt finished. used 33.6834 seconds.
SCALE driver required a maximum of 1264 MiB of RAM.
------------------------ End Summary ------------------------

fluxplot_252g.ps copied to /home/ondrejch/scale/rt/HW2-4/enr089/2_4.fluxplot_252g.ps.
